Using configuration path configs/bert_4vpipe.yml
Creating output folder: /data/run01/scw6doz/lzx/vpipe/output/2025-10-23T01:36:32
singularity exec --nv --no-mount hostfs -B $(dirname $PWD):/workspace -B /data/run01/scw6doz:/data/run01/scw6doz /data/run01/scw6doz/lzx/vpipe/vpipe.sif /bin/bash -c 'cp ../launch.py .; python -m launch --nnodes 1 --node_rank 0 --nproc_per_node 4 main_with_runtime.py --data_dir /data/run01/scw6doz/lzx/vpipe/bert_pretrain_wikicorpus_tokenized_hdf5_seqlen128 --master_addr localhost --module vgpus=4 --checkpoint_dir /data/run01/scw6doz/lzx/vpipe/output/2025-10-23T01:36:32 --partition vgpus=4/vpipe.json --sync_mode asp --distributed_backend gloo  -b 16 --lr 0.050000 --lr_policy polynomial --weight-decay 0.000000 --epochs 2 --print-freq 10 --verbose 0 --num_ranks_in_server 4 --config_path vgpus=4/mp_conf.json 2>&1 | tee /data/run01/scw6doz/lzx/vpipe/output/2025-10-23T01:36:32/output.log.0; rm launch.py'
MOFED version '5.4-1.0.3' not available in this container.
No matching alternate version found.
/opt/conda/lib/python3.6/site-packages/torch/utils/checkpoint.py:25: UserWarning: None of the inputs have requires_grad=True. Gradients will be None
  warnings.warn("None of the inputs have requires_grad=True. Gradients will be None")
/opt/conda/lib/python3.6/site-packages/torch/utils/checkpoint.py:25: UserWarning: None of the inputs have requires_grad=True. Gradients will be None
  warnings.warn("None of the inputs have requires_grad=True. Gradients will be None")
/opt/conda/lib/python3.6/site-packages/torch/utils/checkpoint.py:25: UserWarning: None of the inputs have requires_grad=True. Gradients will be None
  warnings.warn("None of the inputs have requires_grad=True. Gradients will be None")
/opt/conda/lib/python3.6/site-packages/torch/utils/checkpoint.py:25: UserWarning: None of the inputs have requires_grad=True. Gradients will be None
  warnings.warn("None of the inputs have requires_grad=True. Gradients will be None")
Warning: Unable to resolve hostname to a (local) address. Using the loopback address as fallback. Manually set the network interface to bind to with GLOO_SOCKET_IFNAME. (operator() at ../torch/lib/c10d/ProcessGroupGloo.cpp:501)
Warning: Unable to resolve hostname to a (local) address. Using the loopback address as fallback. Manually set the network interface to bind to with GLOO_SOCKET_IFNAME. (operator() at ../torch/lib/c10d/ProcessGroupGloo.cpp:501)
Warning: Unable to resolve hostname to a (local) address. Using the loopback address as fallback. Manually set the network interface to bind to with GLOO_SOCKET_IFNAME. (Warning: operator() at ../torch/lib/c10d/ProcessGroupGloo.cpp:Unable to resolve hostname to a (local) address. Using the loopback address as fallback. Manually set the network interface to bind to with GLOO_SOCKET_IFNAME. (501)
operator() at ../torch/lib/c10d/ProcessGroupGloo.cpp:501)
Finished initializing process group; backend: gloo, rank: 0, world_size: 4
Send ranks:  {'out64': [1], 'input2': [1], 'target': [1]}
Receive ranks:  {}
Setting up process groups for broadcasts...
Finished initializing process group; backend: gloo, rank: 1, world_size: 4
Send ranks:  {'out129': [2], 'input2': [2], 'target': [2]}
Receive ranks:  {'out64': [0], 'input2': [0], 'target': [0]}
Setting up process groups for broadcasts...
Finished initializing process group; backend: gloo, rank: 3, world_size: 4
Finished initializing process group; backend: gloo, rank: 2, world_size: 4
Send ranks:  {}
Receive ranks:  {'out194': [2], 'input2': [2], 'target': [2]}
Setting up process groups for broadcasts...
Send ranks:  {'out194': [3], 'input2': [3], 'target': [3]}
Receive ranks:  {'out129': [1], 'input2': [1], 'target': [1]}
Setting up process groups for broadcasts...
Stage: [0] Epoch: [0][60/10404]	Memory: 9.996 (10.656)
Stage: [1] Epoch: [0][60/10404]	Memory: 9.398 (9.773)
Stage: [2] Epoch: [0][60/10404]	Memory: 7.352 (7.755)
Stage: [3] Epoch: [0][60/10404]	Time: 0.202 (0.202)	Epoch time [hr]: 0.001 (0.583)	Memory: 5.362 (6.786)	Loss: 8.7616 (9.4872)	
Stage: [0] Epoch: [0][70/10404]	Memory: 9.996 (10.656)
Stage: [1] Epoch: [0][70/10404]	Memory: 9.398 (9.773)
Stage: [2] Epoch: [0][70/10404]	Memory: 7.352 (7.755)
Stage: [3] Epoch: [0][70/10404]	Time: 0.202 (0.202)	Epoch time [hr]: 0.001 (0.584)	Memory: 5.362 (6.786)	Loss: 8.8417 (9.3941)	
Stage: [0] Epoch: [0][80/10404]	Memory: 9.996 (10.656)
Stage: [1] Epoch: [0][80/10404]	Memory: 9.398 (9.773)
Stage: [2] Epoch: [0][80/10404]	Memory: 7.352 (7.755)
Stage: [3] Epoch: [0][80/10404]	Time: 0.202 (0.202)	Epoch time [hr]: 0.002 (0.584)	Memory: 5.362 (6.786)	Loss: 8.7267 (9.3031)	
Stage: [0] Epoch: [0][90/10404]	Memory: 9.996 (10.656)
Stage: [1] Epoch: [0][90/10404]	Memory: 9.389 (9.773)
Stage: [2] Epoch: [0][90/10404]	Memory: 7.352 (7.755)
Stage: [3] Epoch: [0][90/10404]	Time: 0.202 (0.202)	Epoch time [hr]: 0.002 (0.584)	Memory: 5.362 (6.786)	Loss: 8.5578 (9.2155)	
Stage: [0] Epoch: [0][100/10404]	Memory: 9.996 (10.656)
Stage: [1] Epoch: [0][100/10404]	Memory: 9.398 (9.773)
Stage: [2] Epoch: [0][100/10404]	Memory: 7.352 (7.755)
Stage: [3] Epoch: [0][100/10404]	Time: 0.202 (0.202)	Epoch time [hr]: 0.003 (0.584)	Memory: 5.362 (6.786)	Loss: 8.7526 (9.1490)	
Stage: [0] Epoch: [0][110/10404]	Memory: 9.996 (10.656)
Stage: [1] Epoch: [0][110/10404]	Memory: 9.398 (9.773)
Stage: [2] Epoch: [0][110/10404]	Memory: 7.352 (7.755)
Stage: [3] Epoch: [0][110/10404]	Time: 0.202 (0.202)	Epoch time [hr]: 0.003 (0.584)	Memory: 5.362 (6.786)	Loss: 8.3264 (9.0718)	
Stage: [0] Epoch: [0][120/10404]	Memory: 9.996 (10.656)
Stage: [1] Epoch: [0][120/10404]	Memory: 9.398 (9.773)
Stage: [2] Epoch: [0][120/10404]	Memory: 7.352 (7.755)
Stage: [3] Epoch: [0][120/10404]	Time: 0.202 (0.202)	Epoch time [hr]: 0.004 (0.584)	Memory: 5.362 (6.786)	Loss: 8.2551 (9.0045)	
Stage: [0] Epoch: [0][130/10404]	Memory: 9.996 (10.656)
Stage: [1] Epoch: [0][130/10404]	Memory: 9.398 (9.773)
Stage: [2] Epoch: [0][130/10404]	Memory: 7.352 (7.755)
Stage: [3] Epoch: [0][130/10404]	Time: 0.202 (0.202)	Epoch time [hr]: 0.004 (0.584)	Memory: 5.362 (6.786)	Loss: 8.0088 (8.9393)	
Stage: [0] Epoch: [0][140/10404]	Memory: 9.996 (10.656)
Stage: [1] Epoch: [0][140/10404]	Memory: 9.398 (9.773)
Stage: [2] Epoch: [0][140/10404]	Memory: 7.352 (7.755)
Stage: [3] Epoch: [0][140/10404]	Time: 0.202 (0.202)	Epoch time [hr]: 0.005 (0.584)	Memory: 5.362 (6.786)	Loss: 7.8512 (8.8755)	
Stage: [0] Epoch: [0][150/10404]	Memory: 9.996 (10.656)
Stage: [1] Epoch: [0][150/10404]	Memory: 9.398 (9.773)
Stage: [2] Epoch: [0][150/10404]	Memory: 7.352 (7.755)
Stage: [3] Epoch: [0][150/10404]	Time: 0.202 (0.202)	Epoch time [hr]: 0.006 (0.584)	Memory: 5.362 (6.786)	Loss: 7.9355 (8.8168)	
Stage: [0] Epoch: [0][160/10404]	Memory: 9.996 (10.656)
Stage: [1] Epoch: [0][160/10404]	Memory: 9.389 (9.773)
Stage: [2] Epoch: [0][160/10404]	Memory: 7.352 (7.755)
Stage: [3] Epoch: [0][160/10404]	Time: 0.202 (0.202)	Epoch time [hr]: 0.006 (0.584)	Memory: 5.362 (6.786)	Loss: 7.8357 (8.7517)	
Stage: [0] Epoch: [0][170/10404]	Memory: 9.996 (10.656)
Stage: [1] Epoch: [0][170/10404]	Memory: 9.398 (9.773)
Stage: [2] Epoch: [0][170/10404]	Memory: 7.352 (7.755)
Stage: [3] Epoch: [0][170/10404]	Time: 0.203 (0.202)	Epoch time [hr]: 0.007 (0.584)	Memory: 5.362 (6.786)	Loss: 7.6292 (8.6922)	
Stage: [0] Epoch: [0][180/10404]	Memory: 9.996 (10.656)
Stage: [1] Epoch: [0][180/10404]	Memory: 9.398 (9.773)
Stage: [2] Epoch: [0][180/10404]	Memory: 7.352 (7.755)
Stage: [3] Epoch: [0][180/10404]	Time: 0.203 (0.202)	Epoch time [hr]: 0.007 (0.584)	Memory: 5.362 (6.786)	Loss: 7.6285 (8.6347)	
Stage: [0] Epoch: [0][190/10404]	Memory: 9.996 (10.656)
Stage: [1] Epoch: [0][190/10404]	Memory: 9.389 (9.773)
Stage: [2] Epoch: [0][190/10404]	Memory: 7.352 (7.755)
Stage: [3] Epoch: [0][190/10404]	Time: 0.203 (0.202)	Epoch time [hr]: 0.008 (0.584)	Memory: 5.362 (6.786)	Loss: 7.6357 (8.5759)	
Stage: [0] Epoch: [0][200/10404]	Memory: 9.996 (10.656)
Stage: [1] Epoch: [0][200/10404]	Memory: 9.398 (9.773)
Stage: [2] Epoch: [0][200/10404]	Memory: 7.352 (7.755)
Stage: [3] Epoch: [0][200/10404]	Time: 0.203 (0.202)	Epoch time [hr]: 0.008 (0.584)	Memory: 5.354 (6.786)	Loss: 7.5953 (8.5284)	
Stage: [0] Epoch: [0][210/10404]	Memory: 9.996 (10.656)
Stage: [1] Epoch: [0][210/10404]	Memory: 9.389 (9.773)
Stage: [2] Epoch: [0][210/10404]	Memory: 7.352 (7.755)
Stage: [3] Epoch: [0][210/10404]	Time: 0.203 (0.202)	Epoch time [hr]: 0.009 (0.584)	Memory: 5.362 (6.786)	Loss: 7.3321 (8.4766)	
Stage: [0] Epoch: [0][220/10404]	Memory: 9.996 (10.656)
Stage: [1] Epoch: [0][220/10404]	Memory: 9.398 (9.773)
Stage: [2] Epoch: [0][220/10404]	Memory: 7.352 (7.755)
Stage: [3] Epoch: [0][220/10404]	Time: 0.203 (0.202)	Epoch time [hr]: 0.010 (0.585)	Memory: 5.362 (6.786)	Loss: 7.4139 (8.4350)	
Stage: [0] Epoch: [0][230/10404]	Memory: 9.996 (10.656)
Stage: [1] Epoch: [0][230/10404]	Memory: 9.389 (9.773)
Stage: [2] Epoch: [0][230/10404]	Memory: 7.352 (7.755)
Stage: [3] Epoch: [0][230/10404]	Time: 0.203 (0.202)	Epoch time [hr]: 0.010 (0.585)	Memory: 5.362 (6.786)	Loss: 7.5827 (8.3939)	
Stage: [0] Epoch: [0][240/10404]	Memory: 9.996 (10.656)
Stage: [1] Epoch: [0][240/10404]	Memory: 9.398 (9.773)
Stage: [2] Epoch: [0][240/10404]	Memory: 7.352 (7.755)
Stage: [3] Epoch: [0][240/10404]	Time: 0.203 (0.202)	Epoch time [hr]: 0.011 (0.585)	Memory: 5.362 (6.786)	Loss: 7.4579 (8.3547)	
Stage: [0] Epoch: [0][250/10404]	Memory: 9.996 (10.656)
Stage: [1] Epoch: [0][250/10404]	Memory: 9.398 (9.773)
Stage: [2] Epoch: [0][250/10404]	Memory: 7.352 (7.755)
Stage: [3] Epoch: [0][250/10404]	Time: 0.203 (0.202)	Epoch time [hr]: 0.011 (0.585)	Memory: 5.362 (6.786)	Loss: 7.4840 (8.3219)	
Stage: [0] Epoch: [0][260/10404]	Memory: 9.996 (10.656)
Stage: [1] Epoch: [0][260/10404]	Memory: 9.398 (9.773)
Stage: [2] Epoch: [0][260/10404]	Memory: 7.352 (7.755)
Stage: [3] Epoch: [0][260/10404]	Time: 0.203 (0.202)	Epoch time [hr]: 0.012 (0.585)	Memory: 5.362 (6.786)	Loss: 7.5699 (8.2918)	
Stage: [0] Epoch: [0][270/10404]	Memory: 9.996 (10.656)
Stage: [1] Epoch: [0][270/10404]	Memory: 9.398 (9.773)
Stage: [2] Epoch: [0][270/10404]	Memory: 7.352 (7.755)
Stage: [3] Epoch: [0][270/10404]	Time: 0.203 (0.202)	Epoch time [hr]: 0.012 (0.585)	Memory: 5.362 (6.786)	Loss: 7.2979 (8.2623)	
Stage: [0] Epoch: [0][280/10404]	Memory: 9.996 (10.656)
Stage: [1] Epoch: [0][280/10404]	Memory: 9.389 (9.773)
Stage: [2] Epoch: [0][280/10404]	Memory: 7.352 (7.755)
Stage: [3] Epoch: [0][280/10404]	Time: 0.203 (0.202)	Epoch time [hr]: 0.013 (0.585)	Memory: 5.362 (6.786)	Loss: 7.6707 (8.2367)	
Stage: [0] Epoch: [0][290/10404]	Memory: 9.996 (10.656)
Stage: [1] Epoch: [0][290/10404]	Memory: 9.389 (9.773)
Stage: [2] Epoch: [0][290/10404]	Memory: 7.352 (7.755)
Stage: [3] Epoch: [0][290/10404]	Time: 0.203 (0.202)	Epoch time [hr]: 0.013 (0.585)	Memory: 5.362 (6.786)	Loss: 7.3001 (8.2150)	
Stage: [0] Epoch: [0][300/10404]	Memory: 9.996 (10.656)
Stage: [1] Epoch: [0][300/10404]	Memory: 9.398 (9.773)
Stage: [2] Epoch: [0][300/10404]	Memory: 7.352 (7.755)
Stage: [3] Epoch: [0][300/10404]	Time: 0.203 (0.202)	Epoch time [hr]: 0.014 (0.585)	Memory: 5.354 (6.786)	Loss: 7.4705 (8.1903)	
Stage: [0] Epoch: [0][310/10404]	Memory: 9.996 (10.656)
Stage: [1] Epoch: [0][310/10404]	Memory: 9.398 (9.773)
Stage: [2] Epoch: [0][310/10404]	Memory: 7.352 (7.755)
Stage: [3] Epoch: [0][310/10404]	Time: 0.202 (0.202)	Epoch time [hr]: 0.015 (0.585)	Memory: 5.362 (6.786)	Loss: 7.4648 (8.1698)	
Stage: [0] Epoch: [0][320/10404]	Memory: 9.996 (10.656)
Stage: [1] Epoch: [0][320/10404]	Memory: 9.389 (9.773)
Stage: [2] Epoch: [0][320/10404]	Memory: 7.352 (7.755)
Stage: [3] Epoch: [0][320/10404]	Time: 0.202 (0.202)	Epoch time [hr]: 0.015 (0.585)	Memory: 5.362 (6.786)	Loss: 7.3499 (8.1497)	
Stage: [0] Epoch: [0][330/10404]	Memory: 9.996 (10.656)
Stage: [1] Epoch: [0][330/10404]	Memory: 9.389 (9.773)
Stage: [2] Epoch: [0][330/10404]	Memory: 7.352 (7.755)
Stage: [3] Epoch: [0][330/10404]	Time: 0.202 (0.202)	Epoch time [hr]: 0.016 (0.585)	Memory: 5.362 (6.786)	Loss: 7.2506 (8.1305)	
Stage: [0] Epoch: [0][340/10404]	Memory: 9.996 (10.656)
Stage: [1] Epoch: [0][340/10404]	Memory: 9.398 (9.773)
Stage: [2] Epoch: [0][340/10404]	Memory: 7.352 (7.755)
Stage: [3] Epoch: [0][340/10404]	Time: 0.202 (0.202)	Epoch time [hr]: 0.016 (0.585)	Memory: 5.362 (6.786)	Loss: 7.0124 (8.1130)	
Stage: [0] Epoch: [0][350/10404]	Memory: 9.996 (10.656)
Stage: [1] Epoch: [0][350/10404]	Memory: 9.398 (9.773)
Stage: [2] Epoch: [0][350/10404]	Memory: 7.352 (7.755)
Stage: [3] Epoch: [0][350/10404]	Time: 0.202 (0.202)	Epoch time [hr]: 0.017 (0.585)	Memory: 5.362 (6.786)	Loss: 7.6588 (8.0966)	
Stage: [0] Epoch: [0][360/10404]	Memory: 9.996 (10.656)
Stage: [1] Epoch: [0][360/10404]	Memory: 9.398 (9.773)
Stage: [2] Epoch: [0][360/10404]	Memory: 7.352 (7.755)
Stage: [3] Epoch: [0][360/10404]	Time: 0.203 (0.202)	Epoch time [hr]: 0.017 (0.585)	Memory: 5.362 (6.786)	Loss: 7.2482 (8.0790)	
Stage: [0] Epoch: [0][370/10404]	Memory: 9.996 (10.656)
Stage: [1] Epoch: [0][370/10404]	Memory: 9.398 (9.773)
Stage: [2] Epoch: [0][370/10404]	Memory: 7.352 (7.755)
Stage: [3] Epoch: [0][370/10404]	Time: 0.202 (0.202)	Epoch time [hr]: 0.018 (0.585)	Memory: 5.362 (6.786)	Loss: 7.1933 (8.0627)	
Stage: [0] Epoch: [0][380/10404]	Memory: 9.996 (10.656)
Stage: [1] Epoch: [0][380/10404]	Memory: 9.389 (9.773)
Stage: [2] Epoch: [0][380/10404]	Memory: 7.352 (7.755)
Stage: [3] Epoch: [0][380/10404]	Time: 0.202 (0.202)	Epoch time [hr]: 0.019 (0.585)	Memory: 5.362 (6.786)	Loss: 7.7195 (8.0485)	
Stage: [0] Epoch: [0][390/10404]	Memory: 9.996 (10.656)
Stage: [1] Epoch: [0][390/10404]	Memory: 9.398 (9.773)
Stage: [2] Epoch: [0][390/10404]	Memory: 7.352 (7.755)
Stage: [3] Epoch: [0][390/10404]	Time: 0.202 (0.202)	Epoch time [hr]: 0.019 (0.585)	Memory: 5.362 (6.786)	Loss: 7.6366 (8.0330)	
Stage: [0] Epoch: [0][400/10404]	Memory: 9.996 (10.656)
Stage: [1] Epoch: [0][400/10404]	Memory: 9.398 (9.773)
Stage: [2] Epoch: [0][400/10404]	Memory: 7.352 (7.755)
Stage: [3] Epoch: [0][400/10404]	Time: 0.202 (0.202)	Epoch time [hr]: 0.020 (0.585)	Memory: 5.362 (6.786)	Loss: 7.3845 (8.0212)	
Stage: [0] Epoch: [0][410/10404]	Memory: 9.996 (10.656)
Stage: [1] Epoch: [0][410/10404]	Memory: 9.389 (9.773)
Stage: [2] Epoch: [0][410/10404]	Memory: 7.352 (7.755)
Stage: [3] Epoch: [0][410/10404]	Time: 0.202 (0.202)	Epoch time [hr]: 0.020 (0.585)	Memory: 5.362 (6.786)	Loss: 7.6358 (8.0081)	
Stage: [0] Epoch: [0][420/10404]	Memory: 9.996 (10.656)
Stage: [1] Epoch: [0][420/10404]	Memory: 9.398 (9.773)
Stage: [2] Epoch: [0][420/10404]	Memory: 7.352 (7.755)
Stage: [3] Epoch: [0][420/10404]	Time: 0.202 (0.202)	Epoch time [hr]: 0.021 (0.585)	Memory: 5.362 (6.786)	Loss: 7.4239 (7.9977)	
Stage: [0] Epoch: [0][430/10404]	Memory: 9.996 (10.656)
Stage: [1] Epoch: [0][430/10404]	Memory: 9.398 (9.773)
Stage: [2] Epoch: [0][430/10404]	Memory: 7.352 (7.755)
Stage: [3] Epoch: [0][430/10404]	Time: 0.203 (0.202)	Epoch time [hr]: 0.021 (0.585)	Memory: 5.362 (6.786)	Loss: 7.8425 (7.9870)	
Stage: [0] Epoch: [0][440/10404]	Memory: 9.996 (10.656)
Stage: [1] Epoch: [0][440/10404]	Memory: 9.389 (9.773)
Stage: [2] Epoch: [0][440/10404]	Memory: 7.352 (7.755)
Stage: [3] Epoch: [0][440/10404]	Time: 0.205 (0.202)	Epoch time [hr]: 0.022 (0.585)	Memory: 5.362 (6.786)	Loss: 7.4267 (7.9718)	
Stage: [0] Epoch: [0][450/10404]	Memory: 9.996 (10.656)
Stage: [1] Epoch: [0][450/10404]	Memory: 9.398 (9.773)
Stage: [2] Epoch: [0][450/10404]	Memory: 7.352 (7.755)
Stage: [3] Epoch: [0][450/10404]	Time: 0.202 (0.202)	Epoch time [hr]: 0.022 (0.585)	Memory: 5.362 (6.786)	Loss: 7.4465 (7.9624)	
Stage: [0] Epoch: [0][460/10404]	Memory: 9.996 (10.656)
Stage: [1] Epoch: [0][460/10404]	Memory: 9.398 (9.773)
Stage: [2] Epoch: [0][460/10404]	Memory: 7.352 (7.755)
Stage: [3] Epoch: [0][460/10404]	Time: 0.203 (0.202)	Epoch time [hr]: 0.023 (0.585)	Memory: 5.354 (6.786)	Loss: 7.3712 (7.9544)	
Stage: [0] Epoch: [0][470/10404]	Memory: 9.996 (10.656)
Stage: [1] Epoch: [0][470/10404]	Memory: 9.398 (9.773)
Stage: [2] Epoch: [0][470/10404]	Memory: 7.352 (7.755)
Stage: [3] Epoch: [0][470/10404]	Time: 0.202 (0.202)	Epoch time [hr]: 0.024 (0.585)	Memory: 5.362 (6.786)	Loss: 7.7547 (7.9442)	
Stage: [0] Epoch: [0][480/10404]	Memory: 9.996 (10.656)
Stage: [1] Epoch: [0][480/10404]	Memory: 9.398 (9.773)
Stage: [2] Epoch: [0][480/10404]	Memory: 7.352 (7.755)
Stage: [3] Epoch: [0][480/10404]	Time: 0.202 (0.202)	Epoch time [hr]: 0.024 (0.585)	Memory: 5.362 (6.786)	Loss: 7.7518 (7.9382)	
Stage: [0] Epoch: [0][490/10404]	Memory: 9.996 (10.656)
Stage: [1] Epoch: [0][490/10404]	Memory: 9.398 (9.773)
Stage: [2] Epoch: [0][490/10404]	Memory: 7.352 (7.755)
Stage: [3] Epoch: [0][490/10404]	Time: 0.202 (0.202)	Epoch time [hr]: 0.025 (0.585)	Memory: 5.362 (6.786)	Loss: 7.4959 (7.9269)	
Stage: [0] Epoch: [0][500/10404]	Memory: 9.996 (10.656)
Stage: [1] Epoch: [0][500/10404]	Memory: 9.389 (9.773)
Stage: [2] Epoch: [0][500/10404]	Memory: 7.352 (7.755)
Stage: [3] Epoch: [0][500/10404]	Time: 0.203 (0.202)	Epoch time [hr]: 0.025 (0.585)	Memory: 5.362 (6.786)	Loss: 7.4820 (7.9181)	
Stage: [0] Epoch: [0][510/10404]	Memory: 9.996 (10.656)
Stage: [1] Epoch: [0][510/10404]	Memory: 9.398 (9.773)
Stage: [2] Epoch: [0][510/10404]	Memory: 7.352 (7.755)
Stage: [3] Epoch: [0][510/10404]	Time: 0.202 (0.202)	Epoch time [hr]: 0.026 (0.585)	Memory: 5.362 (6.786)	Loss: 7.3194 (7.9106)	
Stage: [0] Epoch: [0][520/10404]	Memory: 9.996 (10.656)
Stage: [1] Epoch: [0][520/10404]	Memory: 9.398 (9.773)
Stage: [2] Epoch: [0][520/10404]	Memory: 7.352 (7.755)
Stage: [3] Epoch: [0][520/10404]	Time: 0.202 (0.202)	Epoch time [hr]: 0.026 (0.585)	Memory: 5.362 (6.786)	Loss: 7.4542 (7.9037)	
Stage: [0] Epoch: [0][530/10404]	Memory: 9.996 (10.656)
Stage: [1] Epoch: [0][530/10404]	Memory: 9.389 (9.773)
Stage: [2] Epoch: [0][530/10404]	Memory: 7.352 (7.755)
Stage: [3] Epoch: [0][530/10404]	Time: 0.203 (0.202)	Epoch time [hr]: 0.027 (0.585)	Memory: 5.362 (6.786)	Loss: 7.3133 (7.8948)	
Stage: [0] Epoch: [0][540/10404]	Memory: 9.996 (10.656)
Stage: [1] Epoch: [0][540/10404]	Memory: 9.398 (9.773)
Stage: [2] Epoch: [0][540/10404]	Memory: 7.352 (7.789)
Stage: [3] Epoch: [0][540/10404]	Time: 0.203 (0.202)	Epoch time [hr]: 0.028 (0.585)	Memory: 5.362 (6.786)	Loss: 7.3151 (7.8851)	
Stage: [0] Epoch: [0][550/10404]	Memory: 9.996 (10.656)
Stage: [1] Epoch: [0][550/10404]	Memory: 9.398 (9.773)
Stage: [2] Epoch: [0][550/10404]	Memory: 7.352 (7.789)
Stage: [3] Epoch: [0][550/10404]	Time: 0.202 (0.202)	Epoch time [hr]: 0.028 (0.585)	Memory: 5.362 (6.786)	Loss: 7.4002 (7.8767)	
Stage: [0] Epoch: [0][560/10404]	Memory: 9.996 (10.656)
Stage: [1] Epoch: [0][560/10404]	Memory: 9.389 (9.773)
Stage: [2] Epoch: [0][560/10404]	Memory: 7.352 (7.789)
Stage: [3] Epoch: [0][560/10404]	Time: 0.203 (0.202)	Epoch time [hr]: 0.029 (0.585)	Memory: 5.362 (6.786)	Loss: 7.7889 (7.8703)	
Stage: [0] Epoch: [0][570/10404]	Memory: 9.996 (10.656)
Stage: [1] Epoch: [0][570/10404]	Memory: 9.398 (9.773)
Stage: [2] Epoch: [0][570/10404]	Memory: 7.352 (7.789)
Stage: [3] Epoch: [0][570/10404]	Time: 0.203 (0.202)	Epoch time [hr]: 0.029 (0.585)	Memory: 5.362 (6.786)	Loss: 7.3173 (7.8627)	
Stage: [0] Epoch: [0][580/10404]	Memory: 9.996 (10.656)
Stage: [1] Epoch: [0][580/10404]	Memory: 9.389 (9.773)
Stage: [2] Epoch: [0][580/10404]	Memory: 7.352 (7.789)
Stage: [3] Epoch: [0][580/10404]	Time: 0.203 (0.202)	Epoch time [hr]: 0.030 (0.585)	Memory: 5.354 (6.786)	Loss: 7.1330 (7.8556)	
Stage: [0] Epoch: [0][590/10404]	Memory: 9.996 (10.656)
Stage: [1] Epoch: [0][590/10404]	Memory: 9.398 (9.773)
Stage: [2] Epoch: [0][590/10404]	Memory: 7.352 (7.789)
Stage: [3] Epoch: [0][590/10404]	Time: 0.203 (0.202)	Epoch time [hr]: 0.030 (0.585)	Memory: 5.362 (6.786)	Loss: 7.4604 (7.8479)	
Stage: [0] Epoch: [0][600/10404]	Memory: 9.996 (10.656)
Stage: [1] Epoch: [0][600/10404]	Memory: 9.389 (9.773)
Stage: [2] Epoch: [0][600/10404]	Memory: 7.352 (7.789)
Stage: [3] Epoch: [0][600/10404]	Time: 0.203 (0.202)	Epoch time [hr]: 0.031 (0.585)	Memory: 5.362 (6.786)	Loss: 7.4526 (7.8425)	
Stage: [0] Epoch: [0][610/10404]	Memory: 9.996 (10.656)
Stage: [1] Epoch: [0][610/10404]	Memory: 9.398 (9.773)
Stage: [2] Epoch: [0][610/10404]	Memory: 7.352 (7.789)
Stage: [3] Epoch: [0][610/10404]	Time: 0.203 (0.202)	Epoch time [hr]: 0.031 (0.585)	Memory: 5.362 (6.786)	Loss: 7.6131 (7.8383)	
Stage: [0] Epoch: [0][620/10404]	Memory: 9.996 (10.656)
Stage: [1] Epoch: [0][620/10404]	Memory: 9.398 (9.773)
Stage: [2] Epoch: [0][620/10404]	Memory: 7.352 (7.789)
Stage: [3] Epoch: [0][620/10404]	Time: 0.203 (0.202)	Epoch time [hr]: 0.032 (0.585)	Memory: 5.362 (6.786)	Loss: 7.5954 (7.8320)	
Stage: [0] Epoch: [0][630/10404]	Memory: 9.996 (10.656)
Stage: [1] Epoch: [0][630/10404]	Memory: 9.389 (9.773)
Stage: [2] Epoch: [0][630/10404]	Memory: 7.352 (7.789)
Stage: [3] Epoch: [0][630/10404]	Time: 0.203 (0.202)	Epoch time [hr]: 0.033 (0.585)	Memory: 5.362 (6.786)	Loss: 7.6212 (7.8265)	
Stage: [0] Epoch: [0][640/10404]	Memory: 9.996 (10.656)
Stage: [1] Epoch: [0][640/10404]	Memory: 9.398 (9.773)
Stage: [2] Epoch: [0][640/10404]	Memory: 7.352 (7.789)
Stage: [3] Epoch: [0][640/10404]	Time: 0.203 (0.202)	Epoch time [hr]: 0.033 (0.585)	Memory: 5.362 (6.786)	Loss: 7.6206 (7.8204)	
Stage: [0] Epoch: [0][650/10404]	Memory: 9.996 (10.656)
Stage: [1] Epoch: [0][650/10404]	Memory: 9.398 (9.773)
Stage: [2] Epoch: [0][650/10404]	Memory: 7.352 (7.789)
Stage: [3] Epoch: [0][650/10404]	Time: 0.203 (0.202)	Epoch time [hr]: 0.034 (0.585)	Memory: 5.362 (6.786)	Loss: 7.2047 (7.8137)	
Stage: [0] Epoch: [0][660/10404]	Memory: 9.996 (10.656)
Stage: [1] Epoch: [0][660/10404]	Memory: 9.389 (9.773)
Stage: [2] Epoch: [0][660/10404]	Memory: 7.352 (7.789)
Stage: [3] Epoch: [0][660/10404]	Time: 0.202 (0.202)	Epoch time [hr]: 0.034 (0.585)	Memory: 5.362 (6.786)	Loss: 7.5592 (7.8081)	
Stage: [0] Epoch: [0][670/10404]	Memory: 9.996 (10.656)
Stage: [1] Epoch: [0][670/10404]	Memory: 9.389 (9.773)
Stage: [2] Epoch: [0][670/10404]	Memory: 7.352 (7.789)
Stage: [3] Epoch: [0][670/10404]	Time: 0.202 (0.202)	Epoch time [hr]: 0.035 (0.585)	Memory: 5.362 (6.786)	Loss: 7.4214 (7.8022)	
Stage: [0] Epoch: [0][680/10404]	Memory: 9.996 (10.656)
Stage: [1] Epoch: [0][680/10404]	Memory: 9.398 (9.773)
Stage: [2] Epoch: [0][680/10404]	Memory: 7.352 (7.789)
Stage: [3] Epoch: [0][680/10404]	Time: 0.203 (0.202)	Epoch time [hr]: 0.035 (0.585)	Memory: 5.362 (6.786)	Loss: 7.3933 (7.7970)	
Stage: [0] Epoch: [0][690/10404]	Memory: 9.996 (10.656)
Stage: [1] Epoch: [0][690/10404]	Memory: 9.398 (9.773)
Stage: [2] Epoch: [0][690/10404]	Memory: 7.352 (7.789)
Stage: [3] Epoch: [0][690/10404]	Time: 0.203 (0.203)	Epoch time [hr]: 0.036 (0.585)	Memory: 5.362 (6.786)	Loss: 7.5019 (7.7929)	
Stage: [0] Epoch: [0][700/10404]	Memory: 9.996 (10.656)
Stage: [1] Epoch: [0][700/10404]	Memory: 9.398 (9.773)
Stage: [2] Epoch: [0][700/10404]	Memory: 7.352 (7.789)
Stage: [3] Epoch: [0][700/10404]	Time: 0.202 (0.203)	Epoch time [hr]: 0.037 (0.585)	Memory: 5.362 (6.786)	Loss: 7.5969 (7.7879)	
Stage: [0] Epoch: [0][710/10404]	Memory: 9.996 (10.656)
Stage: [1] Epoch: [0][710/10404]	Memory: 9.389 (9.773)
Stage: [2] Epoch: [0][710/10404]	Memory: 7.352 (7.789)
Stage: [3] Epoch: [0][710/10404]	Time: 0.203 (0.203)	Epoch time [hr]: 0.037 (0.585)	Memory: 5.362 (6.786)	Loss: 7.8732 (7.7835)	
Stage: [0] Epoch: [0][720/10404]	Memory: 9.996 (10.656)
Stage: [1] Epoch: [0][720/10404]	Memory: 9.389 (9.773)
Stage: [2] Epoch: [0][720/10404]	Memory: 7.352 (7.789)
Stage: [3] Epoch: [0][720/10404]	Time: 0.203 (0.203)	Epoch time [hr]: 0.038 (0.585)	Memory: 5.362 (6.786)	Loss: 7.3048 (7.7781)	
Stage: [0] Epoch: [0][730/10404]	Memory: 9.996 (10.656)
Stage: [1] Epoch: [0][730/10404]	Memory: 9.389 (9.773)
Stage: [2] Epoch: [0][730/10404]	Memory: 7.352 (7.789)
Stage: [3] Epoch: [0][730/10404]	Time: 0.203 (0.203)	Epoch time [hr]: 0.038 (0.585)	Memory: 5.362 (6.786)	Loss: 7.3705 (7.7739)	
Stage: [0] Epoch: [0][740/10404]	Memory: 9.996 (10.656)
Stage: [1] Epoch: [0][740/10404]	Memory: 9.389 (9.773)
Stage: [2] Epoch: [0][740/10404]	Memory: 7.352 (7.789)
Stage: [3] Epoch: [0][740/10404]	Time: 0.203 (0.203)	Epoch time [hr]: 0.039 (0.585)	Memory: 5.362 (6.786)	Loss: 7.3695 (7.7702)	
Stage: [0] Epoch: [0][750/10404]	Memory: 9.996 (10.656)
Stage: [1] Epoch: [0][750/10404]	Memory: 9.398 (9.773)
Stage: [2] Epoch: [0][750/10404]	Memory: 7.352 (7.789)
Stage: [3] Epoch: [0][750/10404]	Time: 0.203 (0.203)	Epoch time [hr]: 0.039 (0.585)	Memory: 5.362 (6.786)	Loss: 7.5468 (7.7659)	
Stage: [0] Epoch: [0][760/10404]	Memory: 9.996 (10.656)
Stage: [1] Epoch: [0][760/10404]	Memory: 9.398 (9.773)
Stage: [2] Epoch: [0][760/10404]	Memory: 7.352 (7.789)
Stage: [3] Epoch: [0][760/10404]	Time: 0.203 (0.203)	Epoch time [hr]: 0.040 (0.585)	Memory: 5.362 (6.786)	Loss: 7.3986 (7.7614)	
Stage: [0] Epoch: [0][770/10404]	Memory: 9.996 (10.656)
Stage: [1] Epoch: [0][770/10404]	Memory: 9.398 (9.773)
Stage: [2] Epoch: [0][770/10404]	Memory: 7.352 (7.789)
Stage: [3] Epoch: [0][770/10404]	Time: 0.203 (0.203)	Epoch time [hr]: 0.041 (0.585)	Memory: 5.362 (6.786)	Loss: 7.5413 (7.7576)	
Stage: [0] Epoch: [0][780/10404]	Memory: 9.996 (10.656)
Stage: [1] Epoch: [0][780/10404]	Memory: 9.389 (9.773)
Stage: [2] Epoch: [0][780/10404]	Memory: 7.352 (7.789)
Stage: [3] Epoch: [0][780/10404]	Time: 0.202 (0.203)	Epoch time [hr]: 0.041 (0.585)	Memory: 5.362 (6.786)	Loss: 7.3759 (7.7537)	
Stage: [0] Epoch: [0][790/10404]	Memory: 9.996 (10.656)
Stage: [1] Epoch: [0][790/10404]	Memory: 9.389 (9.773)
Stage: [2] Epoch: [0][790/10404]	Memory: 7.352 (7.789)
Stage: [3] Epoch: [0][790/10404]	Time: 0.203 (0.203)	Epoch time [hr]: 0.042 (0.585)	Memory: 5.362 (6.786)	Loss: 7.3981 (7.7493)	
Stage: [0] Epoch: [0][800/10404]	Memory: 9.996 (10.656)
Stage: [1] Epoch: [0][800/10404]	Memory: 9.389 (9.773)
Stage: [2] Epoch: [0][800/10404]	Memory: 7.352 (7.789)
Stage: [3] Epoch: [0][800/10404]	Time: 0.203 (0.203)	Epoch time [hr]: 0.042 (0.585)	Memory: 5.362 (6.786)	Loss: 7.6714 (7.7463)	
Stage: [0] Epoch: [0][810/10404]	Memory: 9.996 (10.656)
Stage: [1] Epoch: [0][810/10404]	Memory: 9.389 (9.773)
Stage: [2] Epoch: [0][810/10404]	Memory: 7.352 (7.789)
Stage: [3] Epoch: [0][810/10404]	Time: 0.203 (0.203)	Epoch time [hr]: 0.043 (0.585)	Memory: 5.362 (6.786)	Loss: 7.3839 (7.7427)	
Stage: [0] Epoch: [0][820/10404]	Memory: 9.996 (10.656)
Stage: [1] Epoch: [0][820/10404]	Memory: 9.398 (9.773)
Stage: [2] Epoch: [0][820/10404]	Memory: 7.352 (7.789)
Stage: [3] Epoch: [0][820/10404]	Time: 0.203 (0.203)	Epoch time [hr]: 0.043 (0.585)	Memory: 5.362 (6.786)	Loss: 7.6998 (7.7393)	
Stage: [0] Epoch: [0][830/10404]	Memory: 9.996 (10.656)
Stage: [1] Epoch: [0][830/10404]	Memory: 9.398 (9.773)
Stage: [2] Epoch: [0][830/10404]	Memory: 7.352 (7.789)
Stage: [3] Epoch: [0][830/10404]	Time: 0.203 (0.203)	Epoch time [hr]: 0.044 (0.585)	Memory: 5.362 (6.786)	Loss: 7.3323 (7.7347)	
Stage: [0] Epoch: [0][840/10404]	Memory: 9.996 (10.656)
Stage: [1] Epoch: [0][840/10404]	Memory: 9.398 (9.773)
Stage: [2] Epoch: [0][840/10404]	Memory: 7.352 (7.789)
Stage: [3] Epoch: [0][840/10404]	Time: 0.203 (0.203)	Epoch time [hr]: 0.044 (0.585)	Memory: 5.362 (6.786)	Loss: 7.4776 (7.7313)	
Stage: [0] Epoch: [0][850/10404]	Memory: 9.996 (10.656)
Stage: [1] Epoch: [0][850/10404]	Memory: 9.398 (9.773)
Stage: [2] Epoch: [0][850/10404]	Memory: 7.352 (7.789)
Stage: [3] Epoch: [0][850/10404]	Time: 0.203 (0.203)	Epoch time [hr]: 0.045 (0.585)	Memory: 5.362 (6.786)	Loss: 7.4259 (7.7284)	
Stage: [0] Epoch: [0][860/10404]	Memory: 9.996 (10.656)
Stage: [1] Epoch: [0][860/10404]	Memory: 9.398 (9.773)
Stage: [2] Epoch: [0][860/10404]	Memory: 7.352 (7.789)
Stage: [3] Epoch: [0][860/10404]	Time: 0.203 (0.203)	Epoch time [hr]: 0.046 (0.585)	Memory: 5.362 (6.786)	Loss: 7.2813 (7.7252)	
Stage: [0] Epoch: [0][870/10404]	Memory: 9.996 (10.656)
Stage: [1] Epoch: [0][870/10404]	Memory: 9.389 (9.773)
Stage: [2] Epoch: [0][870/10404]	Memory: 7.352 (7.789)
Stage: [3] Epoch: [0][870/10404]	Time: 0.202 (0.203)	Epoch time [hr]: 0.046 (0.585)	Memory: 5.362 (6.786)	Loss: 7.3017 (7.7224)	
Stage: [0] Epoch: [0][880/10404]	Memory: 9.996 (10.656)
Stage: [1] Epoch: [0][880/10404]	Memory: 9.389 (9.773)
Stage: [2] Epoch: [0][880/10404]	Memory: 7.352 (7.789)
Stage: [3] Epoch: [0][880/10404]	Time: 0.203 (0.203)	Epoch time [hr]: 0.047 (0.585)	Memory: 5.362 (6.786)	Loss: 7.5278 (7.7190)	
Stage: [0] Epoch: [0][890/10404]	Memory: 9.996 (10.656)
Stage: [1] Epoch: [0][890/10404]	Memory: 9.398 (9.773)
Stage: [2] Epoch: [0][890/10404]	Memory: 7.352 (7.789)
Stage: [3] Epoch: [0][890/10404]	Time: 0.203 (0.203)	Epoch time [hr]: 0.047 (0.585)	Memory: 5.362 (6.786)	Loss: 7.4707 (7.7153)	
Stage: [0] Epoch: [0][900/10404]	Memory: 9.996 (10.656)
Stage: [1] Epoch: [0][900/10404]	Memory: 9.398 (9.773)
Stage: [2] Epoch: [0][900/10404]	Memory: 7.352 (7.789)
Stage: [3] Epoch: [0][900/10404]	Time: 0.203 (0.203)	Epoch time [hr]: 0.048 (0.585)	Memory: 5.362 (6.786)	Loss: 7.2917 (7.7128)	
Stage: [0] Epoch: [0][910/10404]	Memory: 9.996 (10.656)
Stage: [1] Epoch: [0][910/10404]	Memory: 9.398 (9.773)
Stage: [2] Epoch: [0][910/10404]	Memory: 7.352 (7.789)
Stage: [3] Epoch: [0][910/10404]	Time: 0.203 (0.203)	Epoch time [hr]: 0.048 (0.585)	Memory: 5.362 (6.786)	Loss: 7.7737 (7.7115)	
Stage: [0] Epoch: [0][920/10404]	Memory: 9.996 (10.656)
Stage: [1] Epoch: [0][920/10404]	Memory: 9.389 (9.773)
Stage: [2] Epoch: [0][920/10404]	Memory: 7.352 (7.789)
Stage: [3] Epoch: [0][920/10404]	Time: 0.203 (0.203)	Epoch time [hr]: 0.049 (0.585)	Memory: 5.362 (6.786)	Loss: 7.8355 (7.7078)	
Stage: [0] Epoch: [0][930/10404]	Memory: 9.996 (10.656)
Stage: [1] Epoch: [0][930/10404]	Memory: 9.389 (9.773)
Stage: [2] Epoch: [0][930/10404]	Memory: 7.352 (7.789)
Stage: [3] Epoch: [0][930/10404]	Time: 0.203 (0.203)	Epoch time [hr]: 0.050 (0.585)	Memory: 5.362 (6.786)	Loss: 7.3103 (7.7044)	
Stage: [0] Epoch: [0][940/10404]	Memory: 9.996 (10.656)
Stage: [1] Epoch: [0][940/10404]	Memory: 9.398 (9.773)
Stage: [2] Epoch: [0][940/10404]	Memory: 7.352 (7.789)
Stage: [3] Epoch: [0][940/10404]	Time: 0.203 (0.203)	Epoch time [hr]: 0.050 (0.585)	Memory: 5.362 (6.786)	Loss: 7.6285 (7.7001)	
Stage: [0] Epoch: [0][950/10404]	Memory: 9.996 (10.656)
Stage: [1] Epoch: [0][950/10404]	Memory: 9.398 (9.773)
Stage: [2] Epoch: [0][950/10404]	Memory: 7.352 (7.789)
Stage: [3] Epoch: [0][950/10404]	Time: 0.203 (0.203)	Epoch time [hr]: 0.051 (0.585)	Memory: 5.362 (6.786)	Loss: 7.3418 (7.6989)	
Stage: [0] Epoch: [0][960/10404]	Memory: 9.996 (10.656)
Stage: [1] Epoch: [0][960/10404]	Memory: 9.398 (9.773)
Stage: [2] Epoch: [0][960/10404]	Memory: 7.352 (7.789)
Stage: [3] Epoch: [0][960/10404]	Time: 0.203 (0.203)	Epoch time [hr]: 0.051 (0.585)	Memory: 5.362 (6.786)	Loss: 7.4457 (7.6963)	
Stage: [0] Epoch: [0][970/10404]	Memory: 9.996 (10.656)
Stage: [1] Epoch: [0][970/10404]	Memory: 9.398 (9.773)
Stage: [2] Epoch: [0][970/10404]	Memory: 7.352 (7.789)
Stage: [3] Epoch: [0][970/10404]	Time: 0.203 (0.203)	Epoch time [hr]: 0.052 (0.585)	Memory: 5.362 (6.786)	Loss: 7.0794 (7.6937)	
Stage: [0] Epoch: [0][980/10404]	Memory: 9.996 (10.656)
Stage: [1] Epoch: [0][980/10404]	Memory: 9.398 (9.773)
Stage: [2] Epoch: [0][980/10404]	Memory: 7.352 (7.789)
Stage: [3] Epoch: [0][980/10404]	Time: 0.202 (0.203)	Epoch time [hr]: 0.052 (0.585)	Memory: 5.362 (6.786)	Loss: 7.4605 (7.6909)	
Stage: [0] Epoch: [0][990/10404]	Memory: 9.996 (10.656)
Stage: [1] Epoch: [0][990/10404]	Memory: 9.398 (9.773)
Stage: [2] Epoch: [0][990/10404]	Memory: 7.352 (7.789)
Stage: [3] Epoch: [0][990/10404]	Time: 0.203 (0.203)	Epoch time [hr]: 0.053 (0.585)	Memory: 5.362 (6.786)	Loss: 7.3409 (7.6886)	
Stage: [0] Epoch: [0][1000/10404]	Memory: 9.996 (10.656)
Stage: [1] Epoch: [0][1000/10404]	Memory: 9.389 (9.773)
Stage: [2] Epoch: [0][1000/10404]	Memory: 7.352 (7.789)
Stage: [3] Epoch: [0][1000/10404]	Time: 0.203 (0.203)	Epoch time [hr]: 0.053 (0.585)	Memory: 5.362 (6.786)	Loss: 7.3473 (7.6864)	
Stage: [0] Epoch: [0][1010/10404]	Memory: 9.996 (10.656)
Stage: [1] Epoch: [0][1010/10404]	Memory: 9.398 (9.773)
Stage: [2] Epoch: [0][1010/10404]	Memory: 7.352 (7.789)
Stage: [3] Epoch: [0][1010/10404]	Time: 0.203 (0.203)	Epoch time [hr]: 0.054 (0.585)	Memory: 5.362 (6.786)	Loss: 7.3066 (7.6832)	
Stage: [0] Epoch: [0][1020/10404]	Memory: 9.996 (10.656)
Stage: [1] Epoch: [0][1020/10404]	Memory: 9.398 (9.773)
Stage: [2] Epoch: [0][1020/10404]	Memory: 7.352 (7.789)
Stage: [3] Epoch: [0][1020/10404]	Time: 0.203 (0.203)	Epoch time [hr]: 0.055 (0.585)	Memory: 5.362 (6.786)	Loss: 7.5232 (7.6812)	
Stage: [0] Epoch: [0][1030/10404]	Memory: 9.996 (10.656)
Stage: [1] Epoch: [0][1030/10404]	Memory: 9.398 (9.806)
Stage: [2] Epoch: [0][1030/10404]	Memory: 7.352 (7.789)
Stage: [3] Epoch: [0][1030/10404]	Time: 0.203 (0.203)	Epoch time [hr]: 0.055 (0.585)	Memory: 5.362 (6.786)	Loss: 7.4721 (7.6792)	
Stage: [0] Epoch: [0][1040/10404]	Memory: 9.996 (10.656)
Stage: [1] Epoch: [0][1040/10404]	Memory: 9.389 (9.806)
Stage: [2] Epoch: [0][1040/10404]	Memory: 7.352 (7.789)
Stage: [3] Epoch: [0][1040/10404]	Time: 0.202 (0.203)	Epoch time [hr]: 0.056 (0.585)	Memory: 5.362 (6.786)	Loss: 7.3343 (7.6759)	
Stage: [0] Epoch: [0][1050/10404]	Memory: 9.996 (10.656)
Stage: [1] Epoch: [0][1050/10404]	Memory: 9.398 (9.806)
Stage: [2] Epoch: [0][1050/10404]	Memory: 7.352 (7.789)
Stage: [3] Epoch: [0][1050/10404]	Time: 0.203 (0.203)	Epoch time [hr]: 0.056 (0.585)	Memory: 5.362 (6.786)	Loss: 7.4169 (7.6735)	
Stage: [0] Epoch: [0][1060/10404]	Memory: 9.996 (10.656)
Stage: [1] Epoch: [0][1060/10404]	Memory: 9.398 (9.806)
Stage: [2] Epoch: [0][1060/10404]	Memory: 7.352 (7.789)
Stage: [3] Epoch: [0][1060/10404]	Time: 0.203 (0.203)	Epoch time [hr]: 0.057 (0.585)	Memory: 5.362 (6.786)	Loss: 7.5022 (7.6713)	
Stage: [0] Epoch: [0][1070/10404]	Memory: 9.996 (10.656)
Stage: [1] Epoch: [0][1070/10404]	Memory: 9.389 (9.806)
Stage: [2] Epoch: [0][1070/10404]	Memory: 7.352 (7.789)
Stage: [3] Epoch: [0][1070/10404]	Time: 0.203 (0.203)	Epoch time [hr]: 0.057 (0.585)	Memory: 5.362 (6.786)	Loss: 7.3470 (7.6697)	
Stage: [0] Epoch: [0][1080/10404]	Memory: 9.996 (10.656)
Stage: [1] Epoch: [0][1080/10404]	Memory: 9.398 (9.806)
Stage: [2] Epoch: [0][1080/10404]	Memory: 7.352 (7.789)
Stage: [3] Epoch: [0][1080/10404]	Time: 0.203 (0.203)	Epoch time [hr]: 0.058 (0.585)	Memory: 5.362 (6.786)	Loss: 7.5881 (7.6685)	
Stage: [0] Epoch: [0][1090/10404]	Memory: 9.996 (10.656)
Stage: [1] Epoch: [0][1090/10404]	Memory: 9.389 (9.806)
Stage: [2] Epoch: [0][1090/10404]	Memory: 7.352 (7.789)
Stage: [3] Epoch: [0][1090/10404]	Time: 0.202 (0.203)	Epoch time [hr]: 0.059 (0.585)	Memory: 5.362 (6.786)	Loss: 7.2191 (7.6661)	
Stage: [0] Epoch: [0][1100/10404]	Memory: 9.996 (10.656)
Stage: [1] Epoch: [0][1100/10404]	Memory: 9.398 (9.806)
Stage: [2] Epoch: [0][1100/10404]	Memory: 7.352 (7.789)
Stage: [3] Epoch: [0][1100/10404]	Time: 0.202 (0.203)	Epoch time [hr]: 0.059 (0.585)	Memory: 5.362 (6.786)	Loss: 7.6746 (7.6642)	
Stage: [0] Epoch: [0][1110/10404]	Memory: 9.996 (10.656)
Stage: [1] Epoch: [0][1110/10404]	Memory: 9.389 (9.806)
Stage: [2] Epoch: [0][1110/10404]	Memory: 7.352 (7.789)
Stage: [3] Epoch: [0][1110/10404]	Time: 0.202 (0.203)	Epoch time [hr]: 0.060 (0.585)	Memory: 5.362 (6.786)	Loss: 7.5185 (7.6634)	
Stage: [0] Epoch: [0][1120/10404]	Memory: 9.996 (10.656)
Stage: [1] Epoch: [0][1120/10404]	Memory: 9.398 (9.806)
Stage: [2] Epoch: [0][1120/10404]	Memory: 7.352 (7.789)
Stage: [3] Epoch: [0][1120/10404]	Time: 0.203 (0.203)	Epoch time [hr]: 0.060 (0.585)	Memory: 5.362 (6.786)	Loss: 7.5045 (7.6605)	
Stage: [0] Epoch: [0][1130/10404]	Memory: 9.996 (10.656)
Stage: [1] Epoch: [0][1130/10404]	Memory: 9.389 (9.806)
Stage: [2] Epoch: [0][1130/10404]	Memory: 7.352 (7.789)
Stage: [3] Epoch: [0][1130/10404]	Time: 0.203 (0.203)	Epoch time [hr]: 0.061 (0.585)	Memory: 5.362 (6.786)	Loss: 7.3609 (7.6585)	
Stage: [0] Epoch: [0][1140/10404]	Memory: 9.996 (10.656)
Stage: [1] Epoch: [0][1140/10404]	Memory: 9.398 (9.806)
Stage: [2] Epoch: [0][1140/10404]	Memory: 7.352 (7.789)
Stage: [3] Epoch: [0][1140/10404]	Time: 0.203 (0.203)	Epoch time [hr]: 0.061 (0.585)	Memory: 5.362 (6.786)	Loss: 7.6662 (7.6573)	
Stage: [0] Epoch: [0][1150/10404]	Memory: 9.996 (10.656)
Stage: [1] Epoch: [0][1150/10404]	Memory: 9.398 (9.806)
Stage: [2] Epoch: [0][1150/10404]	Memory: 7.352 (7.789)
Stage: [3] Epoch: [0][1150/10404]	Time: 0.203 (0.203)	Epoch time [hr]: 0.062 (0.585)	Memory: 5.362 (6.786)	Loss: 7.6020 (7.6556)	
Stage: [0] Epoch: [0][1160/10404]	Memory: 9.996 (10.656)
Stage: [1] Epoch: [0][1160/10404]	Memory: 9.389 (9.806)
Stage: [2] Epoch: [0][1160/10404]	Memory: 7.352 (7.789)
Stage: [3] Epoch: [0][1160/10404]	Time: 0.202 (0.203)	Epoch time [hr]: 0.062 (0.585)	Memory: 5.362 (6.786)	Loss: 7.3833 (7.6535)	
Stage: [0] Epoch: [0][1170/10404]	Memory: 9.996 (10.656)
Stage: [1] Epoch: [0][1170/10404]	Memory: 9.389 (9.806)
Stage: [2] Epoch: [0][1170/10404]	Memory: 7.352 (7.789)
Stage: [3] Epoch: [0][1170/10404]	Time: 0.202 (0.203)	Epoch time [hr]: 0.063 (0.585)	Memory: 5.362 (6.786)	Loss: 7.5920 (7.6522)	
Stage: [0] Epoch: [0][1180/10404]	Memory: 9.996 (10.656)
Stage: [1] Epoch: [0][1180/10404]	Memory: 9.398 (9.806)
Stage: [2] Epoch: [0][1180/10404]	Memory: 7.352 (7.789)
Stage: [3] Epoch: [0][1180/10404]	Time: 0.203 (0.203)	Epoch time [hr]: 0.064 (0.585)	Memory: 5.362 (6.786)	Loss: 7.3902 (7.6495)	
Stage: [0] Epoch: [0][1190/10404]	Memory: 9.996 (10.656)
Stage: [1] Epoch: [0][1190/10404]	Memory: 9.398 (9.806)
Stage: [2] Epoch: [0][1190/10404]	Memory: 7.352 (7.789)
Stage: [3] Epoch: [0][1190/10404]	Time: 0.203 (0.203)	Epoch time [hr]: 0.064 (0.585)	Memory: 5.362 (6.786)	Loss: 7.1698 (7.6470)	
Stage: [0] Epoch: [0][1200/10404]	Memory: 9.996 (10.656)
Stage: [1] Epoch: [0][1200/10404]	Memory: 9.398 (9.806)
Stage: [2] Epoch: [0][1200/10404]	Memory: 7.352 (7.789)
Stage: [3] Epoch: [0][1200/10404]	Time: 0.203 (0.203)	Epoch time [hr]: 0.065 (0.585)	Memory: 5.362 (6.786)	Loss: 7.9242 (7.6444)	
Stage: [0] Epoch: [0][1210/10404]	Memory: 9.996 (10.656)
Stage: [1] Epoch: [0][1210/10404]	Memory: 9.398 (9.806)
Stage: [2] Epoch: [0][1210/10404]	Memory: 7.352 (7.789)
Stage: [3] Epoch: [0][1210/10404]	Time: 0.202 (0.203)	Epoch time [hr]: 0.065 (0.585)	Memory: 5.362 (6.786)	Loss: 7.6151 (7.6425)	
Stage: [0] Epoch: [0][1220/10404]	Memory: 9.996 (10.656)
Stage: [1] Epoch: [0][1220/10404]	Memory: 9.389 (9.806)
Stage: [2] Epoch: [0][1220/10404]	Memory: 7.352 (7.789)
Stage: [3] Epoch: [0][1220/10404]	Time: 0.203 (0.203)	Epoch time [hr]: 0.066 (0.585)	Memory: 5.362 (6.786)	Loss: 7.4757 (7.6408)	
Stage: [0] Epoch: [0][1230/10404]	Memory: 9.996 (10.656)
Stage: [1] Epoch: [0][1230/10404]	Memory: 9.398 (9.806)
Stage: [2] Epoch: [0][1230/10404]	Memory: 7.352 (7.789)
Stage: [3] Epoch: [0][1230/10404]	Time: 0.203 (0.203)	Epoch time [hr]: 0.066 (0.585)	Memory: 5.362 (6.786)	Loss: 7.4264 (7.6396)	
Stage: [0] Epoch: [0][1240/10404]	Memory: 9.996 (10.656)
Stage: [1] Epoch: [0][1240/10404]	Memory: 9.398 (9.806)
Stage: [2] Epoch: [0][1240/10404]	Memory: 7.352 (7.789)
Stage: [3] Epoch: [0][1240/10404]	Time: 0.203 (0.203)	Epoch time [hr]: 0.067 (0.585)	Memory: 5.362 (6.786)	Loss: 7.4364 (7.6376)	
Stage: [0] Epoch: [0][1250/10404]	Memory: 9.996 (10.656)
Stage: [1] Epoch: [0][1250/10404]	Memory: 9.389 (9.806)
Stage: [2] Epoch: [0][1250/10404]	Memory: 7.352 (7.789)
Stage: [3] Epoch: [0][1250/10404]	Time: 0.203 (0.203)	Epoch time [hr]: 0.068 (0.585)	Memory: 5.354 (6.786)	Loss: 7.7421 (7.6361)	
Stage: [0] Epoch: [0][1260/10404]	Memory: 9.996 (10.656)
Stage: [1] Epoch: [0][1260/10404]	Memory: 9.398 (9.806)
Stage: [2] Epoch: [0][1260/10404]	Memory: 7.352 (7.789)
Stage: [3] Epoch: [0][1260/10404]	Time: 0.203 (0.203)	Epoch time [hr]: 0.068 (0.585)	Memory: 5.362 (6.786)	Loss: 7.6515 (7.6346)	
Stage: [0] Epoch: [0][1270/10404]	Memory: 9.996 (10.656)
Stage: [1] Epoch: [0][1270/10404]	Memory: 9.389 (9.806)
Stage: [2] Epoch: [0][1270/10404]	Memory: 7.352 (7.789)
Stage: [3] Epoch: [0][1270/10404]	Time: 0.203 (0.203)	Epoch time [hr]: 0.069 (0.585)	Memory: 5.362 (6.786)	Loss: 7.2922 (7.6327)	
Stage: [0] Epoch: [0][1280/10404]	Memory: 9.996 (10.656)
Stage: [1] Epoch: [0][1280/10404]	Memory: 9.398 (9.806)
Stage: [2] Epoch: [0][1280/10404]	Memory: 7.352 (7.789)
Stage: [3] Epoch: [0][1280/10404]	Time: 0.203 (0.203)	Epoch time [hr]: 0.069 (0.585)	Memory: 5.362 (6.786)	Loss: 7.5055 (7.6316)	
Stage: [0] Epoch: [0][1290/10404]	Memory: 9.996 (10.656)
Stage: [1] Epoch: [0][1290/10404]	Memory: 9.398 (9.806)
Stage: [2] Epoch: [0][1290/10404]	Memory: 7.352 (7.789)
Stage: [3] Epoch: [0][1290/10404]	Time: 0.203 (0.203)	Epoch time [hr]: 0.070 (0.585)	Memory: 5.362 (6.786)	Loss: 7.6813 (7.6304)	
Stage: [0] Epoch: [0][1300/10404]	Memory: 9.996 (10.656)
Stage: [1] Epoch: [0][1300/10404]	Memory: 9.398 (9.806)
Stage: [2] Epoch: [0][1300/10404]	Memory: 7.352 (7.789)
Stage: [3] Epoch: [0][1300/10404]	Time: 0.202 (0.203)	Epoch time [hr]: 0.070 (0.585)	Memory: 5.362 (6.786)	Loss: 7.4356 (7.6288)	
Stage: [0] Epoch: [0][1310/10404]	Memory: 9.996 (10.656)
Stage: [1] Epoch: [0][1310/10404]	Memory: 9.389 (9.806)
Stage: [2] Epoch: [0][1310/10404]	Memory: 7.352 (7.789)
Stage: [3] Epoch: [0][1310/10404]	Time: 0.203 (0.203)	Epoch time [hr]: 0.071 (0.585)	Memory: 5.362 (6.786)	Loss: 7.4498 (7.6282)	
Stage: [0] Epoch: [0][1320/10404]	Memory: 9.996 (10.656)
Stage: [1] Epoch: [0][1320/10404]	Memory: 9.398 (9.806)
Stage: [2] Epoch: [0][1320/10404]	Memory: 7.352 (7.789)
Stage: [3] Epoch: [0][1320/10404]	Time: 0.203 (0.203)	Epoch time [hr]: 0.071 (0.585)	Memory: 5.362 (6.786)	Loss: 7.2713 (7.6271)	
Stage: [0] Epoch: [0][1330/10404]	Memory: 9.996 (10.656)
Stage: [1] Epoch: [0][1330/10404]	Memory: 9.398 (9.806)
Stage: [2] Epoch: [0][1330/10404]	Memory: 7.352 (7.789)
Stage: [3] Epoch: [0][1330/10404]	Time: 0.202 (0.203)	Epoch time [hr]: 0.072 (0.585)	Memory: 5.362 (6.786)	Loss: 7.5195 (7.6259)	
Stage: [0] Epoch: [0][1340/10404]	Memory: 9.996 (10.656)
Stage: [1] Epoch: [0][1340/10404]	Memory: 9.389 (9.806)
Stage: [2] Epoch: [0][1340/10404]	Memory: 7.352 (7.789)
Stage: [3] Epoch: [0][1340/10404]	Time: 0.203 (0.203)	Epoch time [hr]: 0.073 (0.585)	Memory: 5.362 (6.786)	Loss: 7.5663 (7.6245)	
Stage: [0] Epoch: [0][1350/10404]	Memory: 9.996 (10.656)
Stage: [1] Epoch: [0][1350/10404]	Memory: 9.398 (9.806)
Stage: [2] Epoch: [0][1350/10404]	Memory: 7.352 (7.789)
Stage: [3] Epoch: [0][1350/10404]	Time: 0.203 (0.203)	Epoch time [hr]: 0.073 (0.585)	Memory: 5.362 (6.786)	Loss: 7.7857 (7.6233)	
Stage: [0] Epoch: [0][1360/10404]	Memory: 9.996 (10.656)
Stage: [1] Epoch: [0][1360/10404]	Memory: 9.398 (9.806)
Stage: [2] Epoch: [0][1360/10404]	Memory: 7.352 (7.789)
Stage: [3] Epoch: [0][1360/10404]	Time: 0.203 (0.203)	Epoch time [hr]: 0.074 (0.585)	Memory: 5.362 (6.786)	Loss: 7.8403 (7.6218)	
Stage: [0] Epoch: [0][1370/10404]	Memory: 9.996 (10.656)
Stage: [1] Epoch: [0][1370/10404]	Memory: 9.389 (9.806)
Stage: [2] Epoch: [0][1370/10404]	Memory: 7.352 (7.789)
Stage: [3] Epoch: [0][1370/10404]	Time: 0.203 (0.203)	Epoch time [hr]: 0.074 (0.585)	Memory: 5.354 (6.786)	Loss: 7.2739 (7.6204)	
Stage: [0] Epoch: [0][1380/10404]	Memory: 9.996 (10.656)
Stage: [1] Epoch: [0][1380/10404]	Memory: 9.398 (9.806)
Stage: [2] Epoch: [0][1380/10404]	Memory: 7.352 (7.789)
Stage: [3] Epoch: [0][1380/10404]	Time: 0.203 (0.203)	Epoch time [hr]: 0.075 (0.585)	Memory: 5.362 (6.786)	Loss: 7.8259 (7.6196)	
Stage: [0] Epoch: [0][1390/10404]	Memory: 9.996 (10.656)
Stage: [1] Epoch: [0][1390/10404]	Memory: 9.398 (9.806)
Stage: [2] Epoch: [0][1390/10404]	Memory: 7.352 (7.789)
Stage: [3] Epoch: [0][1390/10404]	Time: 0.203 (0.203)	Epoch time [hr]: 0.075 (0.585)	Memory: 5.362 (6.786)	Loss: 7.2359 (7.6179)	
Stage: [0] Epoch: [0][1400/10404]	Memory: 9.996 (10.656)
Stage: [1] Epoch: [0][1400/10404]	Memory: 9.389 (9.806)
Stage: [2] Epoch: [0][1400/10404]	Memory: 7.352 (7.789)
Stage: [3] Epoch: [0][1400/10404]	Time: 0.203 (0.203)	Epoch time [hr]: 0.076 (0.585)	Memory: 5.362 (6.786)	Loss: 7.5043 (7.6168)	
Stage: [0] Epoch: [0][1410/10404]	Memory: 9.996 (10.656)
Stage: [1] Epoch: [0][1410/10404]	Memory: 9.389 (9.806)
Stage: [2] Epoch: [0][1410/10404]	Memory: 7.352 (7.789)
Stage: [3] Epoch: [0][1410/10404]	Time: 0.203 (0.203)	Epoch time [hr]: 0.077 (0.585)	Memory: 5.362 (6.786)	Loss: 7.3701 (7.6153)	
Stage: [0] Epoch: [0][1420/10404]	Memory: 9.996 (10.656)
Stage: [1] Epoch: [0][1420/10404]	Memory: 9.398 (9.806)
Stage: [2] Epoch: [0][1420/10404]	Memory: 7.352 (7.789)
Stage: [3] Epoch: [0][1420/10404]	Time: 0.203 (0.203)	Epoch time [hr]: 0.077 (0.585)	Memory: 5.362 (6.786)	Loss: 7.4024 (7.6142)	
Stage: [0] Epoch: [0][1430/10404]	Memory: 9.996 (10.656)
Stage: [1] Epoch: [0][1430/10404]	Memory: 9.398 (9.806)
Stage: [2] Epoch: [0][1430/10404]	Memory: 7.352 (7.789)
Stage: [3] Epoch: [0][1430/10404]	Time: 0.203 (0.203)	Epoch time [hr]: 0.078 (0.585)	Memory: 5.362 (6.786)	Loss: 7.3599 (7.6126)	
Stage: [0] Epoch: [0][1440/10404]	Memory: 9.996 (10.656)
Stage: [1] Epoch: [0][1440/10404]	Memory: 9.398 (9.806)
Stage: [2] Epoch: [0][1440/10404]	Memory: 7.352 (7.789)
Stage: [3] Epoch: [0][1440/10404]	Time: 0.203 (0.203)	Epoch time [hr]: 0.078 (0.585)	Memory: 5.362 (6.786)	Loss: 7.4852 (7.6117)	
Stage: [0] Epoch: [0][1450/10404]	Memory: 9.996 (10.656)
Stage: [1] Epoch: [0][1450/10404]	Memory: 9.389 (9.806)
Stage: [2] Epoch: [0][1450/10404]	Memory: 7.352 (7.789)
Stage: [3] Epoch: [0][1450/10404]	Time: 0.203 (0.203)	Epoch time [hr]: 0.079 (0.585)	Memory: 5.362 (6.786)	Loss: 7.4691 (7.6102)	
Stage: [0] Epoch: [0][1460/10404]	Memory: 9.996 (10.656)
Stage: [1] Epoch: [0][1460/10404]	Memory: 9.398 (9.806)
Stage: [2] Epoch: [0][1460/10404]	Memory: 7.352 (7.789)
Stage: [3] Epoch: [0][1460/10404]	Time: 0.203 (0.203)	Epoch time [hr]: 0.079 (0.585)	Memory: 5.362 (6.786)	Loss: 7.1783 (7.6093)	
Stage: [0] Epoch: [0][1470/10404]	Memory: 9.996 (10.656)
Stage: [1] Epoch: [0][1470/10404]	Memory: 9.389 (9.806)
Stage: [2] Epoch: [0][1470/10404]	Memory: 7.352 (7.789)
Stage: [3] Epoch: [0][1470/10404]	Time: 0.203 (0.203)	Epoch time [hr]: 0.080 (0.585)	Memory: 5.362 (6.786)	Loss: 7.3370 (7.6088)	
Stage: [0] Epoch: [0][1480/10404]	Memory: 9.996 (10.656)
Stage: [1] Epoch: [0][1480/10404]	Memory: 9.389 (9.806)
Stage: [2] Epoch: [0][1480/10404]	Memory: 7.352 (7.789)
Stage: [3] Epoch: [0][1480/10404]	Time: 0.203 (0.203)	Epoch time [hr]: 0.080 (0.585)	Memory: 5.362 (6.786)	Loss: 7.6300 (7.6080)	
Stage: [0] Epoch: [0][1490/10404]	Memory: 9.996 (10.656)
Stage: [1] Epoch: [0][1490/10404]	Memory: 9.389 (9.806)
Stage: [2] Epoch: [0][1490/10404]	Memory: 7.352 (7.789)
Stage: [3] Epoch: [0][1490/10404]	Time: 0.203 (0.203)	Epoch time [hr]: 0.081 (0.585)	Memory: 5.362 (6.786)	Loss: 7.0801 (7.6067)	
Stage: [0] Epoch: [0][1500/10404]	Memory: 9.996 (10.656)
Stage: [1] Epoch: [0][1500/10404]	Memory: 9.398 (9.806)
Stage: [2] Epoch: [0][1500/10404]	Memory: 7.352 (7.789)
Stage: [3] Epoch: [0][1500/10404]	Time: 0.203 (0.203)	Epoch time [hr]: 0.082 (0.585)	Memory: 5.362 (6.786)	Loss: 7.5562 (7.6058)	
Stage: [0] Epoch: [0][1510/10404]	Memory: 9.996 (10.656)
Stage: [1] Epoch: [0][1510/10404]	Memory: 9.389 (9.806)
Stage: [2] Epoch: [0][1510/10404]	Memory: 7.352 (7.789)
Stage: [3] Epoch: [0][1510/10404]	Time: 0.203 (0.203)	Epoch time [hr]: 0.082 (0.585)	Memory: 5.362 (6.786)	Loss: 7.3792 (7.6056)	
Stage: [0] Epoch: [0][1520/10404]	Memory: 9.996 (10.656)
Stage: [1] Epoch: [0][1520/10404]	Memory: 9.398 (9.806)
Stage: [2] Epoch: [0][1520/10404]	Memory: 7.352 (7.789)
Stage: [3] Epoch: [0][1520/10404]	Time: 0.203 (0.203)	Epoch time [hr]: 0.083 (0.585)	Memory: 5.362 (6.786)	Loss: 7.2400 (7.6039)	
Stage: [0] Epoch: [0][1530/10404]	Memory: 9.996 (10.656)
Stage: [1] Epoch: [0][1530/10404]	Memory: 9.389 (9.806)
Stage: [2] Epoch: [0][1530/10404]	Memory: 7.352 (7.789)
Stage: [3] Epoch: [0][1530/10404]	Time: 0.203 (0.203)	Epoch time [hr]: 0.083 (0.585)	Memory: 5.362 (6.786)	Loss: 7.2944 (7.6019)	
Stage: [0] Epoch: [0][1540/10404]	Memory: 9.996 (10.656)
Stage: [1] Epoch: [0][1540/10404]	Memory: 9.398 (9.806)
Stage: [2] Epoch: [0][1540/10404]	Memory: 7.352 (7.789)
Stage: [3] Epoch: [0][1540/10404]	Time: 0.203 (0.203)	Epoch time [hr]: 0.084 (0.585)	Memory: 5.362 (6.786)	Loss: 7.3900 (7.6006)	
Stage: [0] Epoch: [0][1550/10404]	Memory: 9.996 (10.656)
Stage: [1] Epoch: [0][1550/10404]	Memory: 9.398 (9.806)
Stage: [2] Epoch: [0][1550/10404]	Memory: 7.352 (7.789)
Stage: [3] Epoch: [0][1550/10404]	Time: 0.203 (0.203)	Epoch time [hr]: 0.084 (0.585)	Memory: 5.362 (6.786)	Loss: 7.5908 (7.5994)	
Stage: [0] Epoch: [0][1560/10404]	Memory: 9.996 (10.656)
Stage: [1] Epoch: [0][1560/10404]	Memory: 9.389 (9.806)
Stage: [2] Epoch: [0][1560/10404]	Memory: 7.352 (7.789)
Stage: [3] Epoch: [0][1560/10404]	Time: 0.203 (0.203)	Epoch time [hr]: 0.085 (0.585)	Memory: 5.362 (6.786)	Loss: 7.5144 (7.5985)	
Stage: [0] Epoch: [0][1570/10404]	Memory: 9.996 (10.656)
Stage: [1] Epoch: [0][1570/10404]	Memory: 9.398 (9.806)
Stage: [2] Epoch: [0][1570/10404]	Memory: 7.352 (7.789)
Stage: [3] Epoch: [0][1570/10404]	Time: 0.203 (0.203)	Epoch time [hr]: 0.086 (0.585)	Memory: 5.362 (6.786)	Loss: 7.3184 (7.5967)	
Stage: [0] Epoch: [0][1580/10404]	Memory: 9.996 (10.656)
Stage: [1] Epoch: [0][1580/10404]	Memory: 9.389 (9.806)
Stage: [2] Epoch: [0][1580/10404]	Memory: 7.352 (7.789)
Stage: [3] Epoch: [0][1580/10404]	Time: 0.202 (0.203)	Epoch time [hr]: 0.086 (0.585)	Memory: 5.354 (6.786)	Loss: 7.5219 (7.5957)	
Stage: [0] Epoch: [0][1590/10404]	Memory: 9.996 (10.656)
Stage: [1] Epoch: [0][1590/10404]	Memory: 9.398 (9.806)
Stage: [2] Epoch: [0][1590/10404]	Memory: 7.352 (7.789)
Stage: [3] Epoch: [0][1590/10404]	Time: 0.203 (0.203)	Epoch time [hr]: 0.087 (0.585)	Memory: 5.362 (6.786)	Loss: 7.1969 (7.5950)	
Stage: [0] Epoch: [0][1600/10404]	Memory: 9.996 (10.656)
Stage: [1] Epoch: [0][1600/10404]	Memory: 9.398 (9.806)
Stage: [2] Epoch: [0][1600/10404]	Memory: 7.352 (7.789)
Stage: [3] Epoch: [0][1600/10404]	Time: 0.202 (0.203)	Epoch time [hr]: 0.087 (0.585)	Memory: 5.362 (6.786)	Loss: 7.4731 (7.5945)	
Stage: [0] Epoch: [0][1610/10404]	Memory: 9.996 (10.656)
Stage: [1] Epoch: [0][1610/10404]	Memory: 9.389 (9.806)
Stage: [2] Epoch: [0][1610/10404]	Memory: 7.352 (7.789)
Stage: [3] Epoch: [0][1610/10404]	Time: 0.202 (0.203)	Epoch time [hr]: 0.088 (0.585)	Memory: 5.362 (6.786)	Loss: 7.3114 (7.5934)	
Stage: [0] Epoch: [0][1620/10404]	Memory: 9.996 (10.656)
Stage: [1] Epoch: [0][1620/10404]	Memory: 9.398 (9.806)
Stage: [2] Epoch: [0][1620/10404]	Memory: 7.352 (7.789)
Stage: [3] Epoch: [0][1620/10404]	Time: 0.203 (0.203)	Epoch time [hr]: 0.088 (0.585)	Memory: 5.362 (6.786)	Loss: 7.2736 (7.5922)	
Stage: [0] Epoch: [0][1630/10404]	Memory: 9.996 (10.656)
Stage: [1] Epoch: [0][1630/10404]	Memory: 9.398 (9.806)
Stage: [2] Epoch: [0][1630/10404]	Memory: 7.352 (7.789)
Stage: [3] Epoch: [0][1630/10404]	Time: 0.203 (0.203)	Epoch time [hr]: 0.089 (0.585)	Memory: 5.362 (6.786)	Loss: 7.3495 (7.5912)	
Stage: [0] Epoch: [0][1640/10404]	Memory: 9.996 (10.656)
Stage: [1] Epoch: [0][1640/10404]	Memory: 9.389 (9.806)
Stage: [2] Epoch: [0][1640/10404]	Memory: 7.352 (7.789)
Stage: [3] Epoch: [0][1640/10404]	Time: 0.203 (0.203)	Epoch time [hr]: 0.089 (0.585)	Memory: 5.362 (6.786)	Loss: 7.3634 (7.5901)	
Stage: [0] Epoch: [0][1650/10404]	Memory: 9.996 (10.656)
Stage: [1] Epoch: [0][1650/10404]	Memory: 9.389 (9.806)
Stage: [2] Epoch: [0][1650/10404]	Memory: 7.352 (7.789)
Stage: [3] Epoch: [0][1650/10404]	Time: 0.203 (0.203)	Epoch time [hr]: 0.090 (0.585)	Memory: 5.362 (6.786)	Loss: 7.2257 (7.5888)	
Stage: [0] Epoch: [0][1660/10404]	Memory: 9.996 (10.656)
Stage: [1] Epoch: [0][1660/10404]	Memory: 9.389 (9.806)
Stage: [2] Epoch: [0][1660/10404]	Memory: 7.352 (7.789)
Stage: [3] Epoch: [0][1660/10404]	Time: 0.203 (0.203)	Epoch time [hr]: 0.091 (0.585)	Memory: 5.362 (6.786)	Loss: 7.7768 (7.5876)	
Stage: [0] Epoch: [0][1670/10404]	Memory: 9.996 (10.656)
Stage: [1] Epoch: [0][1670/10404]	Memory: 9.398 (9.806)
Stage: [2] Epoch: [0][1670/10404]	Memory: 7.352 (7.789)
Stage: [3] Epoch: [0][1670/10404]	Time: 0.203 (0.203)	Epoch time [hr]: 0.091 (0.585)	Memory: 5.362 (6.786)	Loss: 7.4535 (7.5863)	
Stage: [0] Epoch: [0][1680/10404]	Memory: 9.996 (10.656)
Stage: [1] Epoch: [0][1680/10404]	Memory: 9.389 (9.806)
Stage: [2] Epoch: [0][1680/10404]	Memory: 7.352 (7.789)
Stage: [3] Epoch: [0][1680/10404]	Time: 0.203 (0.203)	Epoch time [hr]: 0.092 (0.585)	Memory: 5.362 (6.786)	Loss: 7.6456 (7.5854)	
Stage: [0] Epoch: [0][1690/10404]	Memory: 9.996 (10.656)
Stage: [1] Epoch: [0][1690/10404]	Memory: 9.398 (9.806)
Stage: [2] Epoch: [0][1690/10404]	Memory: 7.352 (7.789)
Stage: [3] Epoch: [0][1690/10404]	Time: 0.203 (0.203)	Epoch time [hr]: 0.092 (0.585)	Memory: 5.362 (6.786)	Loss: 7.5261 (7.5846)	
Stage: [0] Epoch: [0][1700/10404]	Memory: 9.996 (10.656)
Stage: [1] Epoch: [0][1700/10404]	Memory: 9.398 (9.806)
Stage: [2] Epoch: [0][1700/10404]	Memory: 7.352 (7.789)
Stage: [3] Epoch: [0][1700/10404]	Time: 0.203 (0.203)	Epoch time [hr]: 0.093 (0.585)	Memory: 5.354 (6.786)	Loss: 7.3128 (7.5840)	
Stage: [0] Epoch: [0][1710/10404]	Memory: 9.996 (10.656)
Stage: [1] Epoch: [0][1710/10404]	Memory: 9.398 (9.806)
Stage: [2] Epoch: [0][1710/10404]	Memory: 7.352 (7.789)
Stage: [3] Epoch: [0][1710/10404]	Time: 0.203 (0.203)	Epoch time [hr]: 0.093 (0.585)	Memory: 5.362 (6.786)	Loss: 7.5965 (7.5833)	
Stage: [0] Epoch: [0][1720/10404]	Memory: 9.996 (10.656)
Stage: [1] Epoch: [0][1720/10404]	Memory: 9.398 (9.806)
Stage: [2] Epoch: [0][1720/10404]	Memory: 7.352 (7.789)
Stage: [3] Epoch: [0][1720/10404]	Time: 0.203 (0.203)	Epoch time [hr]: 0.094 (0.585)	Memory: 5.354 (6.786)	Loss: 7.5775 (7.5824)	
Stage: [0] Epoch: [0][1730/10404]	Memory: 9.996 (10.656)
Stage: [1] Epoch: [0][1730/10404]	Memory: 9.389 (9.806)
Stage: [2] Epoch: [0][1730/10404]	Memory: 7.352 (7.789)
Stage: [3] Epoch: [0][1730/10404]	Time: 0.203 (0.203)	Epoch time [hr]: 0.095 (0.585)	Memory: 5.362 (6.786)	Loss: 7.1181 (7.5810)	
Stage: [0] Epoch: [0][1740/10404]	Memory: 9.996 (10.656)
Stage: [1] Epoch: [0][1740/10404]	Memory: 9.398 (9.806)
Stage: [2] Epoch: [0][1740/10404]	Memory: 7.352 (7.789)
Stage: [3] Epoch: [0][1740/10404]	Time: 0.203 (0.203)	Epoch time [hr]: 0.095 (0.585)	Memory: 5.362 (6.786)	Loss: 7.1587 (7.5798)	
Stage: [0] Epoch: [0][1750/10404]	Memory: 9.996 (10.656)
Stage: [1] Epoch: [0][1750/10404]	Memory: 9.398 (9.806)
Stage: [2] Epoch: [0][1750/10404]	Memory: 7.352 (7.789)
Stage: [3] Epoch: [0][1750/10404]	Time: 0.203 (0.203)	Epoch time [hr]: 0.096 (0.585)	Memory: 5.362 (6.786)	Loss: 7.0636 (7.5787)	
Stage: [0] Epoch: [0][1760/10404]	Memory: 9.996 (10.656)
Stage: [1] Epoch: [0][1760/10404]	Memory: 9.398 (9.806)
Stage: [2] Epoch: [0][1760/10404]	Memory: 7.352 (7.789)
Stage: [3] Epoch: [0][1760/10404]	Time: 0.203 (0.203)	Epoch time [hr]: 0.096 (0.585)	Memory: 5.362 (6.786)	Loss: 7.4625 (7.5773)	
Stage: [0] Epoch: [0][1770/10404]	Memory: 9.996 (10.656)
Stage: [1] Epoch: [0][1770/10404]	Memory: 9.389 (9.806)
Stage: [2] Epoch: [0][1770/10404]	Memory: 7.352 (7.789)
Stage: [3] Epoch: [0][1770/10404]	Time: 0.202 (0.203)	Epoch time [hr]: 0.097 (0.585)	Memory: 5.354 (6.786)	Loss: 7.7108 (7.5766)	
Stage: [0] Epoch: [0][1780/10404]	Memory: 9.996 (10.656)
Stage: [1] Epoch: [0][1780/10404]	Memory: 9.398 (9.806)
Stage: [2] Epoch: [0][1780/10404]	Memory: 7.352 (7.789)
Stage: [3] Epoch: [0][1780/10404]	Time: 0.203 (0.203)	Epoch time [hr]: 0.097 (0.585)	Memory: 5.362 (6.786)	Loss: 7.5740 (7.5769)	
Stage: [0] Epoch: [0][1790/10404]	Memory: 9.996 (10.656)
Stage: [1] Epoch: [0][1790/10404]	Memory: 9.389 (9.806)
Stage: [2] Epoch: [0][1790/10404]	Memory: 7.352 (7.789)
Stage: [3] Epoch: [0][1790/10404]	Time: 0.202 (0.203)	Epoch time [hr]: 0.098 (0.585)	Memory: 5.362 (6.786)	Loss: 7.6007 (7.5768)	
Stage: [0] Epoch: [0][1800/10404]	Memory: 9.996 (10.656)
Stage: [1] Epoch: [0][1800/10404]	Memory: 9.389 (9.806)
Stage: [2] Epoch: [0][1800/10404]	Memory: 7.352 (7.789)
Stage: [3] Epoch: [0][1800/10404]	Time: 0.203 (0.203)	Epoch time [hr]: 0.098 (0.585)	Memory: 5.362 (6.786)	Loss: 7.5328 (7.5766)	
Stage: [0] Epoch: [0][1810/10404]	Memory: 9.996 (10.656)
Stage: [1] Epoch: [0][1810/10404]	Memory: 9.398 (9.806)
Stage: [2] Epoch: [0][1810/10404]	Memory: 7.352 (7.789)
Stage: [3] Epoch: [0][1810/10404]	Time: 0.203 (0.203)	Epoch time [hr]: 0.099 (0.585)	Memory: 5.362 (6.786)	Loss: 7.2974 (7.5755)	
Stage: [0] Epoch: [0][1820/10404]	Memory: 9.996 (10.656)
Stage: [1] Epoch: [0][1820/10404]	Memory: 9.398 (9.806)
Stage: [2] Epoch: [0][1820/10404]	Memory: 7.352 (7.789)
Stage: [3] Epoch: [0][1820/10404]	Time: 0.203 (0.203)	Epoch time [hr]: 0.100 (0.585)	Memory: 5.362 (6.786)	Loss: 7.4843 (7.5752)	
Stage: [0] Epoch: [0][1830/10404]	Memory: 9.996 (10.656)
Stage: [1] Epoch: [0][1830/10404]	Memory: 9.389 (9.806)
Stage: [2] Epoch: [0][1830/10404]	Memory: 7.352 (7.789)
Stage: [3] Epoch: [0][1830/10404]	Time: 0.203 (0.203)	Epoch time [hr]: 0.100 (0.585)	Memory: 5.362 (6.786)	Loss: 7.5188 (7.5750)	
Stage: [0] Epoch: [0][1840/10404]	Memory: 9.996 (10.656)
Stage: [1] Epoch: [0][1840/10404]	Memory: 9.398 (9.806)
Stage: [2] Epoch: [0][1840/10404]	Memory: 7.352 (7.789)
Stage: [3] Epoch: [0][1840/10404]	Time: 0.203 (0.203)	Epoch time [hr]: 0.101 (0.585)	Memory: 5.362 (6.786)	Loss: 7.5660 (7.5742)	
Stage: [0] Epoch: [0][1850/10404]	Memory: 9.996 (10.656)
Stage: [1] Epoch: [0][1850/10404]	Memory: 9.398 (9.806)
Stage: [2] Epoch: [0][1850/10404]	Memory: 7.352 (7.789)
Stage: [3] Epoch: [0][1850/10404]	Time: 0.203 (0.203)	Epoch time [hr]: 0.101 (0.585)	Memory: 5.362 (6.786)	Loss: 7.4803 (7.5738)	
Stage: [0] Epoch: [0][1860/10404]	Memory: 9.996 (10.656)
Stage: [1] Epoch: [0][1860/10404]	Memory: 9.389 (9.806)
Stage: [2] Epoch: [0][1860/10404]	Memory: 7.352 (7.789)
Stage: [3] Epoch: [0][1860/10404]	Time: 0.203 (0.203)	Epoch time [hr]: 0.102 (0.585)	Memory: 5.362 (6.786)	Loss: 7.5387 (7.5734)	
Stage: [0] Epoch: [0][1870/10404]	Memory: 9.996 (10.656)
Stage: [1] Epoch: [0][1870/10404]	Memory: 9.398 (9.806)
Stage: [2] Epoch: [0][1870/10404]	Memory: 7.352 (7.789)
Stage: [3] Epoch: [0][1870/10404]	Time: 0.203 (0.203)	Epoch time [hr]: 0.102 (0.585)	Memory: 5.362 (6.786)	Loss: 7.5502 (7.5726)	
Stage: [0] Epoch: [0][1880/10404]	Memory: 9.996 (10.656)
Stage: [1] Epoch: [0][1880/10404]	Memory: 9.398 (9.806)
Stage: [2] Epoch: [0][1880/10404]	Memory: 7.352 (7.789)
Stage: [3] Epoch: [0][1880/10404]	Time: 0.203 (0.203)	Epoch time [hr]: 0.103 (0.585)	Memory: 5.362 (6.786)	Loss: 7.5476 (7.5723)	
Stage: [0] Epoch: [0][1890/10404]	Memory: 9.996 (10.656)
Stage: [1] Epoch: [0][1890/10404]	Memory: 9.398 (9.806)
Stage: [2] Epoch: [0][1890/10404]	Memory: 7.352 (7.789)
Stage: [3] Epoch: [0][1890/10404]	Time: 0.203 (0.203)	Epoch time [hr]: 0.104 (0.585)	Memory: 5.362 (6.786)	Loss: 7.5324 (7.5715)	
Stage: [0] Epoch: [0][1900/10404]	Memory: 9.996 (10.656)
Stage: [1] Epoch: [0][1900/10404]	Memory: 9.389 (9.806)
Stage: [2] Epoch: [0][1900/10404]	Memory: 7.352 (7.789)
Stage: [3] Epoch: [0][1900/10404]	Time: 0.203 (0.203)	Epoch time [hr]: 0.104 (0.585)	Memory: 5.354 (6.786)	Loss: 7.2337 (7.5703)	
Stage: [0] Epoch: [0][1910/10404]	Memory: 9.996 (10.656)
Stage: [1] Epoch: [0][1910/10404]	Memory: 9.389 (9.806)
Stage: [2] Epoch: [0][1910/10404]	Memory: 7.352 (7.789)
Stage: [3] Epoch: [0][1910/10404]	Time: 0.203 (0.203)	Epoch time [hr]: 0.105 (0.585)	Memory: 5.362 (6.786)	Loss: 7.3176 (7.5698)	
Stage: [0] Epoch: [0][1920/10404]	Memory: 9.996 (10.656)
Stage: [1] Epoch: [0][1920/10404]	Memory: 9.398 (9.806)
Stage: [2] Epoch: [0][1920/10404]	Memory: 7.352 (7.789)
Stage: [3] Epoch: [0][1920/10404]	Time: 0.203 (0.203)	Epoch time [hr]: 0.105 (0.585)	Memory: 5.362 (6.786)	Loss: 7.5263 (7.5688)	
Stage: [0] Epoch: [0][1930/10404]	Memory: 9.996 (10.656)
Stage: [1] Epoch: [0][1930/10404]	Memory: 9.398 (9.806)
Stage: [2] Epoch: [0][1930/10404]	Memory: 7.352 (7.789)
Stage: [3] Epoch: [0][1930/10404]	Time: 0.203 (0.203)	Epoch time [hr]: 0.106 (0.585)	Memory: 5.362 (6.786)	Loss: 7.4665 (7.5680)	
Stage: [0] Epoch: [0][1940/10404]	Memory: 9.996 (10.656)
Stage: [1] Epoch: [0][1940/10404]	Memory: 9.398 (9.806)
Stage: [2] Epoch: [0][1940/10404]	Memory: 7.352 (7.789)
Stage: [3] Epoch: [0][1940/10404]	Time: 0.203 (0.203)	Epoch time [hr]: 0.106 (0.585)	Memory: 5.362 (6.786)	Loss: 7.3927 (7.5670)	
Stage: [0] Epoch: [0][1950/10404]	Memory: 9.996 (10.656)
Stage: [1] Epoch: [0][1950/10404]	Memory: 9.398 (9.806)
Stage: [2] Epoch: [0][1950/10404]	Memory: 7.352 (7.789)
Stage: [3] Epoch: [0][1950/10404]	Time: 0.202 (0.203)	Epoch time [hr]: 0.107 (0.585)	Memory: 5.362 (6.786)	Loss: 7.6069 (7.5672)	
Stage: [0] Epoch: [0][1960/10404]	Memory: 9.996 (10.656)
Stage: [1] Epoch: [0][1960/10404]	Memory: 9.389 (9.806)
Stage: [2] Epoch: [0][1960/10404]	Memory: 7.352 (7.789)
Stage: [3] Epoch: [0][1960/10404]	Time: 0.203 (0.203)	Epoch time [hr]: 0.107 (0.585)	Memory: 5.362 (6.786)	Loss: 7.1820 (7.5660)	
Stage: [0] Epoch: [0][1970/10404]	Memory: 9.996 (10.656)
Stage: [1] Epoch: [0][1970/10404]	Memory: 9.398 (9.806)
Stage: [2] Epoch: [0][1970/10404]	Memory: 7.352 (7.789)
Stage: [3] Epoch: [0][1970/10404]	Time: 0.203 (0.203)	Epoch time [hr]: 0.108 (0.585)	Memory: 5.362 (6.786)	Loss: 7.7991 (7.5655)	
Stage: [0] Epoch: [0][1980/10404]	Memory: 9.996 (10.656)
Stage: [1] Epoch: [0][1980/10404]	Memory: 9.389 (9.806)
Stage: [2] Epoch: [0][1980/10404]	Memory: 7.352 (7.789)
Stage: [3] Epoch: [0][1980/10404]	Time: 0.203 (0.203)	Epoch time [hr]: 0.109 (0.585)	Memory: 5.362 (6.786)	Loss: 7.3556 (7.5641)	
Stage: [0] Epoch: [0][1990/10404]	Memory: 9.996 (10.656)
Stage: [1] Epoch: [0][1990/10404]	Memory: 9.398 (9.806)
Stage: [2] Epoch: [0][1990/10404]	Memory: 7.352 (7.789)
Stage: [3] Epoch: [0][1990/10404]	Time: 0.203 (0.203)	Epoch time [hr]: 0.109 (0.585)	Memory: 5.362 (6.786)	Loss: 7.5129 (7.5630)	
Stage: [0] Epoch: [0][2000/10404]	Memory: 9.996 (10.656)
Stage: [1] Epoch: [0][2000/10404]	Memory: 9.389 (9.806)
Stage: [2] Epoch: [0][2000/10404]	Memory: 7.352 (7.789)
Stage: [3] Epoch: [0][2000/10404]	Time: 0.203 (0.203)	Epoch time [hr]: 0.110 (0.585)	Memory: 5.362 (6.786)	Loss: 7.7268 (7.5627)	
Stage: [0] Epoch: [0][2010/10404]	Memory: 9.996 (10.656)
Stage: [1] Epoch: [0][2010/10404]	Memory: 9.389 (9.806)
Stage: [2] Epoch: [0][2010/10404]	Memory: 7.352 (7.789)
Stage: [3] Epoch: [0][2010/10404]	Time: 0.203 (0.203)	Epoch time [hr]: 0.110 (0.585)	Memory: 5.362 (6.786)	Loss: 7.4351 (7.5622)	
Stage: [0] Epoch: [0][2020/10404]	Memory: 9.996 (10.656)
Stage: [1] Epoch: [0][2020/10404]	Memory: 9.398 (9.806)
Stage: [2] Epoch: [0][2020/10404]	Memory: 7.352 (7.789)
Stage: [3] Epoch: [0][2020/10404]	Time: 0.203 (0.203)	Epoch time [hr]: 0.111 (0.585)	Memory: 5.362 (6.786)	Loss: 7.6553 (7.5615)	
Stage: [0] Epoch: [0][2030/10404]	Memory: 9.996 (10.656)
Stage: [1] Epoch: [0][2030/10404]	Memory: 9.389 (9.806)
Stage: [2] Epoch: [0][2030/10404]	Memory: 7.352 (7.789)
Stage: [3] Epoch: [0][2030/10404]	Time: 0.203 (0.203)	Epoch time [hr]: 0.111 (0.585)	Memory: 5.362 (6.786)	Loss: 7.7285 (7.5612)	
Stage: [0] Epoch: [0][2040/10404]	Memory: 9.996 (10.656)
Stage: [1] Epoch: [0][2040/10404]	Memory: 9.398 (9.806)
Stage: [2] Epoch: [0][2040/10404]	Memory: 7.352 (7.789)
Stage: [3] Epoch: [0][2040/10404]	Time: 0.203 (0.203)	Epoch time [hr]: 0.112 (0.585)	Memory: 5.362 (6.786)	Loss: 7.4828 (7.5604)	
Stage: [0] Epoch: [0][2050/10404]	Memory: 9.996 (10.656)
Stage: [1] Epoch: [0][2050/10404]	Memory: 9.398 (9.806)
Stage: [2] Epoch: [0][2050/10404]	Memory: 7.352 (7.789)
Stage: [3] Epoch: [0][2050/10404]	Time: 0.203 (0.203)	Epoch time [hr]: 0.113 (0.585)	Memory: 5.362 (6.786)	Loss: 7.3850 (7.5598)	
Stage: [0] Epoch: [0][2060/10404]	Memory: 9.996 (10.656)
Stage: [1] Epoch: [0][2060/10404]	Memory: 9.398 (9.806)
Stage: [2] Epoch: [0][2060/10404]	Memory: 7.352 (7.789)
Stage: [3] Epoch: [0][2060/10404]	Time: 0.203 (0.203)	Epoch time [hr]: 0.113 (0.585)	Memory: 5.362 (6.786)	Loss: 7.7049 (7.5589)	
Stage: [0] Epoch: [0][2070/10404]	Memory: 9.996 (10.656)
Stage: [1] Epoch: [0][2070/10404]	Memory: 9.389 (9.806)
Stage: [2] Epoch: [0][2070/10404]	Memory: 7.352 (7.789)
Stage: [3] Epoch: [0][2070/10404]	Time: 0.203 (0.203)	Epoch time [hr]: 0.114 (0.585)	Memory: 5.362 (6.786)	Loss: 7.1742 (7.5579)	
Stage: [0] Epoch: [0][2080/10404]	Memory: 9.996 (10.656)
Stage: [1] Epoch: [0][2080/10404]	Memory: 9.389 (9.806)
Stage: [2] Epoch: [0][2080/10404]	Memory: 7.352 (7.789)
Stage: [3] Epoch: [0][2080/10404]	Time: 0.203 (0.203)	Epoch time [hr]: 0.114 (0.585)	Memory: 5.362 (6.786)	Loss: 7.7812 (7.5576)	
Stage: [0] Epoch: [0][2090/10404]	Memory: 9.996 (10.656)
Stage: [1] Epoch: [0][2090/10404]	Memory: 9.398 (9.806)
Stage: [2] Epoch: [0][2090/10404]	Memory: 7.352 (7.789)
Stage: [3] Epoch: [0][2090/10404]	Time: 0.203 (0.203)	Epoch time [hr]: 0.115 (0.585)	Memory: 5.362 (6.786)	Loss: 7.0658 (7.5571)	
Stage: [0] Epoch: [0][2100/10404]	Memory: 9.996 (10.656)
Stage: [1] Epoch: [0][2100/10404]	Memory: 9.389 (9.806)
Stage: [2] Epoch: [0][2100/10404]	Memory: 7.352 (7.789)
Stage: [3] Epoch: [0][2100/10404]	Time: 0.203 (0.203)	Epoch time [hr]: 0.115 (0.585)	Memory: 5.362 (6.786)	Loss: 7.5630 (7.5566)	
Stage: [0] Epoch: [0][2110/10404]	Memory: 9.996 (10.656)
Stage: [1] Epoch: [0][2110/10404]	Memory: 9.398 (9.806)
Stage: [2] Epoch: [0][2110/10404]	Memory: 7.352 (7.789)
Stage: [3] Epoch: [0][2110/10404]	Time: 0.203 (0.203)	Epoch time [hr]: 0.116 (0.585)	Memory: 5.362 (6.786)	Loss: 7.2452 (7.5563)	
Stage: [0] Epoch: [0][2120/10404]	Memory: 9.996 (10.656)
Stage: [1] Epoch: [0][2120/10404]	Memory: 9.398 (9.806)
Stage: [2] Epoch: [0][2120/10404]	Memory: 7.352 (7.789)
Stage: [3] Epoch: [0][2120/10404]	Time: 0.203 (0.203)	Epoch time [hr]: 0.116 (0.585)	Memory: 5.354 (6.786)	Loss: 7.3889 (7.5557)	
Stage: [0] Epoch: [0][2130/10404]	Memory: 9.996 (10.656)
Stage: [1] Epoch: [0][2130/10404]	Memory: 9.398 (9.806)
Stage: [2] Epoch: [0][2130/10404]	Memory: 7.344 (7.789)
Stage: [3] Epoch: [0][2130/10404]	Time: 0.203 (0.203)	Epoch time [hr]: 0.117 (0.585)	Memory: 5.362 (6.786)	Loss: 7.4992 (7.5548)	
Stage: [0] Epoch: [0][2140/10404]	Memory: 9.996 (10.656)
Stage: [1] Epoch: [0][2140/10404]	Memory: 9.398 (9.806)
Stage: [2] Epoch: [0][2140/10404]	Memory: 7.352 (7.789)
Stage: [3] Epoch: [0][2140/10404]	Time: 0.203 (0.203)	Epoch time [hr]: 0.118 (0.585)	Memory: 5.362 (6.786)	Loss: 7.6592 (7.5545)	
Stage: [0] Epoch: [0][2150/10404]	Memory: 9.996 (10.656)
Stage: [1] Epoch: [0][2150/10404]	Memory: 9.398 (9.806)
Stage: [2] Epoch: [0][2150/10404]	Memory: 7.352 (7.789)
Stage: [3] Epoch: [0][2150/10404]	Time: 0.203 (0.203)	Epoch time [hr]: 0.118 (0.585)	Memory: 5.362 (6.786)	Loss: 7.7733 (7.5538)	
Stage: [0] Epoch: [0][2160/10404]	Memory: 9.996 (10.656)
Stage: [1] Epoch: [0][2160/10404]	Memory: 9.389 (9.806)
Stage: [2] Epoch: [0][2160/10404]	Memory: 7.352 (7.789)
Stage: [3] Epoch: [0][2160/10404]	Time: 0.203 (0.203)	Epoch time [hr]: 0.119 (0.585)	Memory: 5.362 (6.786)	Loss: 7.3448 (7.5535)	
Stage: [0] Epoch: [0][2170/10404]	Memory: 9.996 (10.656)
Stage: [1] Epoch: [0][2170/10404]	Memory: 9.398 (9.806)
Stage: [2] Epoch: [0][2170/10404]	Memory: 7.352 (7.789)
Stage: [3] Epoch: [0][2170/10404]	Time: 0.202 (0.203)	Epoch time [hr]: 0.119 (0.585)	Memory: 5.362 (6.786)	Loss: 7.3242 (7.5524)	
Stage: [0] Epoch: [0][2180/10404]	Memory: 9.996 (10.656)
Stage: [1] Epoch: [0][2180/10404]	Memory: 9.389 (9.806)
Stage: [2] Epoch: [0][2180/10404]	Memory: 7.352 (7.789)
Stage: [3] Epoch: [0][2180/10404]	Time: 0.204 (0.203)	Epoch time [hr]: 0.120 (0.585)	Memory: 5.362 (6.786)	Loss: 7.3558 (7.5522)	
Stage: [0] Epoch: [0][2190/10404]	Memory: 9.996 (10.656)
Stage: [1] Epoch: [0][2190/10404]	Memory: 9.398 (9.806)
Stage: [2] Epoch: [0][2190/10404]	Memory: 7.352 (7.789)
Stage: [3] Epoch: [0][2190/10404]	Time: 0.203 (0.203)	Epoch time [hr]: 0.120 (0.585)	Memory: 5.362 (6.786)	Loss: 7.2558 (7.5523)	
Stage: [0] Epoch: [0][2200/10404]	Memory: 9.996 (10.656)
Stage: [1] Epoch: [0][2200/10404]	Memory: 9.398 (9.806)
Stage: [2] Epoch: [0][2200/10404]	Memory: 7.352 (7.789)
Stage: [3] Epoch: [0][2200/10404]	Time: 0.203 (0.203)	Epoch time [hr]: 0.121 (0.585)	Memory: 5.362 (6.786)	Loss: 7.3614 (7.5520)	
Stage: [0] Epoch: [0][2210/10404]	Memory: 9.996 (10.656)
Stage: [1] Epoch: [0][2210/10404]	Memory: 9.398 (9.806)
Stage: [2] Epoch: [0][2210/10404]	Memory: 7.352 (7.789)
Stage: [3] Epoch: [0][2210/10404]	Time: 0.203 (0.203)	Epoch time [hr]: 0.122 (0.585)	Memory: 5.362 (6.786)	Loss: 7.3979 (7.5516)	
Stage: [0] Epoch: [0][2220/10404]	Memory: 9.996 (10.656)
Stage: [1] Epoch: [0][2220/10404]	Memory: 9.398 (9.806)
Stage: [2] Epoch: [0][2220/10404]	Memory: 7.352 (7.789)
Stage: [3] Epoch: [0][2220/10404]	Time: 0.203 (0.203)	Epoch time [hr]: 0.122 (0.585)	Memory: 5.362 (6.786)	Loss: 7.6564 (7.5513)	
Stage: [0] Epoch: [0][2230/10404]	Memory: 9.996 (10.656)
Stage: [1] Epoch: [0][2230/10404]	Memory: 9.398 (9.806)
Stage: [2] Epoch: [0][2230/10404]	Memory: 7.352 (7.789)
Stage: [3] Epoch: [0][2230/10404]	Time: 0.203 (0.203)	Epoch time [hr]: 0.123 (0.585)	Memory: 5.362 (6.786)	Loss: 7.3780 (7.5510)	
Stage: [0] Epoch: [0][2240/10404]	Memory: 9.996 (10.656)
Stage: [1] Epoch: [0][2240/10404]	Memory: 9.389 (9.806)
Stage: [2] Epoch: [0][2240/10404]	Memory: 7.352 (7.789)
Stage: [3] Epoch: [0][2240/10404]	Time: 0.203 (0.203)	Epoch time [hr]: 0.123 (0.585)	Memory: 5.362 (6.786)	Loss: 7.9017 (7.5508)	
Stage: [0] Epoch: [0][2250/10404]	Memory: 9.996 (10.656)
Stage: [1] Epoch: [0][2250/10404]	Memory: 9.389 (9.806)
Stage: [2] Epoch: [0][2250/10404]	Memory: 7.352 (7.789)
Stage: [3] Epoch: [0][2250/10404]	Time: 0.203 (0.203)	Epoch time [hr]: 0.124 (0.585)	Memory: 5.362 (6.786)	Loss: 7.4928 (7.5508)	
Stage: [0] Epoch: [0][2260/10404]	Memory: 9.996 (10.656)
Stage: [1] Epoch: [0][2260/10404]	Memory: 9.398 (9.806)
Stage: [2] Epoch: [0][2260/10404]	Memory: 7.352 (7.789)
Stage: [3] Epoch: [0][2260/10404]	Time: 0.202 (0.203)	Epoch time [hr]: 0.124 (0.585)	Memory: 5.362 (6.786)	Loss: 7.2739 (7.5502)	
Stage: [0] Epoch: [0][2270/10404]	Memory: 9.996 (10.656)
Stage: [1] Epoch: [0][2270/10404]	Memory: 9.398 (9.806)
Stage: [2] Epoch: [0][2270/10404]	Memory: 7.352 (7.789)
Stage: [3] Epoch: [0][2270/10404]	Time: 0.203 (0.203)	Epoch time [hr]: 0.125 (0.585)	Memory: 5.362 (6.786)	Loss: 7.5023 (7.5495)	
Stage: [0] Epoch: [0][2280/10404]	Memory: 9.996 (10.656)
Stage: [1] Epoch: [0][2280/10404]	Memory: 9.389 (9.806)
Stage: [2] Epoch: [0][2280/10404]	Memory: 7.352 (7.789)
Stage: [3] Epoch: [0][2280/10404]	Time: 0.203 (0.203)	Epoch time [hr]: 0.125 (0.585)	Memory: 5.362 (6.786)	Loss: 7.1542 (7.5488)	
Stage: [0] Epoch: [0][2290/10404]	Memory: 9.996 (10.656)
Stage: [1] Epoch: [0][2290/10404]	Memory: 9.398 (9.806)
Stage: [2] Epoch: [0][2290/10404]	Memory: 7.352 (7.789)
Stage: [3] Epoch: [0][2290/10404]	Time: 0.203 (0.203)	Epoch time [hr]: 0.126 (0.585)	Memory: 5.362 (6.786)	Loss: 7.6476 (7.5486)	
Stage: [0] Epoch: [0][2300/10404]	Memory: 9.996 (10.656)
Stage: [1] Epoch: [0][2300/10404]	Memory: 9.398 (9.806)
Stage: [2] Epoch: [0][2300/10404]	Memory: 7.352 (7.789)
Stage: [3] Epoch: [0][2300/10404]	Time: 0.203 (0.203)	Epoch time [hr]: 0.127 (0.585)	Memory: 5.362 (6.786)	Loss: 7.4141 (7.5481)	
Stage: [0] Epoch: [0][2310/10404]	Memory: 9.996 (10.656)
Stage: [1] Epoch: [0][2310/10404]	Memory: 9.398 (9.806)
Stage: [2] Epoch: [0][2310/10404]	Memory: 7.352 (7.789)
Stage: [3] Epoch: [0][2310/10404]	Time: 0.203 (0.203)	Epoch time [hr]: 0.127 (0.585)	Memory: 5.362 (6.786)	Loss: 7.2701 (7.5479)	
Stage: [0] Epoch: [0][2320/10404]	Memory: 9.996 (10.656)
Stage: [1] Epoch: [0][2320/10404]	Memory: 9.398 (9.806)
Stage: [2] Epoch: [0][2320/10404]	Memory: 7.352 (7.789)
Stage: [3] Epoch: [0][2320/10404]	Time: 0.202 (0.203)	Epoch time [hr]: 0.128 (0.585)	Memory: 5.362 (6.786)	Loss: 7.5241 (7.5471)	
Stage: [0] Epoch: [0][2330/10404]	Memory: 9.996 (10.656)
Stage: [1] Epoch: [0][2330/10404]	Memory: 9.398 (9.806)
Stage: [2] Epoch: [0][2330/10404]	Memory: 7.352 (7.789)
Stage: [3] Epoch: [0][2330/10404]	Time: 0.203 (0.203)	Epoch time [hr]: 0.128 (0.585)	Memory: 5.362 (6.786)	Loss: 7.4740 (7.5465)	
Stage: [0] Epoch: [0][2340/10404]	Memory: 9.996 (10.656)
Stage: [1] Epoch: [0][2340/10404]	Memory: 9.398 (9.806)
Stage: [2] Epoch: [0][2340/10404]	Memory: 7.352 (7.789)
Stage: [3] Epoch: [0][2340/10404]	Time: 0.203 (0.203)	Epoch time [hr]: 0.129 (0.585)	Memory: 5.362 (6.786)	Loss: 7.2342 (7.5456)	
Stage: [0] Epoch: [0][2350/10404]	Memory: 9.996 (10.656)
Stage: [1] Epoch: [0][2350/10404]	Memory: 9.398 (9.806)
Stage: [2] Epoch: [0][2350/10404]	Memory: 7.352 (7.789)
Stage: [3] Epoch: [0][2350/10404]	Time: 0.203 (0.203)	Epoch time [hr]: 0.129 (0.585)	Memory: 5.362 (6.786)	Loss: 7.5368 (7.5448)	
Stage: [0] Epoch: [0][2360/10404]	Memory: 9.996 (10.656)
Stage: [1] Epoch: [0][2360/10404]	Memory: 9.398 (9.806)
Stage: [2] Epoch: [0][2360/10404]	Memory: 7.352 (7.789)
Stage: [3] Epoch: [0][2360/10404]	Time: 0.202 (0.203)	Epoch time [hr]: 0.130 (0.585)	Memory: 5.362 (6.786)	Loss: 7.1472 (7.5446)	
Stage: [0] Epoch: [0][2370/10404]	Memory: 9.996 (10.656)
Stage: [1] Epoch: [0][2370/10404]	Memory: 9.398 (9.806)
Stage: [2] Epoch: [0][2370/10404]	Memory: 7.352 (7.789)
Stage: [3] Epoch: [0][2370/10404]	Time: 0.203 (0.203)	Epoch time [hr]: 0.131 (0.585)	Memory: 5.362 (6.786)	Loss: 7.4669 (7.5443)	
Stage: [0] Epoch: [0][2380/10404]	Memory: 9.996 (10.656)
Stage: [1] Epoch: [0][2380/10404]	Memory: 9.389 (9.806)
Stage: [2] Epoch: [0][2380/10404]	Memory: 7.352 (7.789)
Stage: [3] Epoch: [0][2380/10404]	Time: 0.203 (0.203)	Epoch time [hr]: 0.131 (0.585)	Memory: 5.362 (6.786)	Loss: 7.6227 (7.5441)	
Stage: [0] Epoch: [0][2390/10404]	Memory: 9.996 (10.656)
Stage: [1] Epoch: [0][2390/10404]	Memory: 9.398 (9.806)
Stage: [2] Epoch: [0][2390/10404]	Memory: 7.352 (7.789)
Stage: [3] Epoch: [0][2390/10404]	Time: 0.203 (0.203)	Epoch time [hr]: 0.132 (0.585)	Memory: 5.362 (6.786)	Loss: 7.7441 (7.5439)	
Stage: [0] Epoch: [0][2400/10404]	Memory: 9.996 (10.656)
Stage: [1] Epoch: [0][2400/10404]	Memory: 9.398 (9.806)
Stage: [2] Epoch: [0][2400/10404]	Memory: 7.352 (7.789)
Stage: [3] Epoch: [0][2400/10404]	Time: 0.204 (0.203)	Epoch time [hr]: 0.132 (0.585)	Memory: 5.362 (6.786)	Loss: 7.5389 (7.5434)	
Stage: [0] Epoch: [0][2410/10404]	Memory: 9.996 (10.656)
Stage: [1] Epoch: [0][2410/10404]	Memory: 9.389 (9.806)
Stage: [2] Epoch: [0][2410/10404]	Memory: 7.352 (7.789)
Stage: [3] Epoch: [0][2410/10404]	Time: 0.203 (0.203)	Epoch time [hr]: 0.133 (0.585)	Memory: 5.362 (6.786)	Loss: 7.7104 (7.5430)	
Stage: [0] Epoch: [0][2420/10404]	Memory: 9.996 (10.656)
Stage: [1] Epoch: [0][2420/10404]	Memory: 9.389 (9.806)
Stage: [2] Epoch: [0][2420/10404]	Memory: 7.352 (7.789)
Stage: [3] Epoch: [0][2420/10404]	Time: 0.202 (0.203)	Epoch time [hr]: 0.133 (0.585)	Memory: 5.362 (6.786)	Loss: 7.5659 (7.5430)	
Stage: [0] Epoch: [0][2430/10404]	Memory: 9.996 (10.656)
Stage: [1] Epoch: [0][2430/10404]	Memory: 9.398 (9.806)
Stage: [2] Epoch: [0][2430/10404]	Memory: 7.352 (7.789)
Stage: [3] Epoch: [0][2430/10404]	Time: 0.203 (0.203)	Epoch time [hr]: 0.134 (0.585)	Memory: 5.354 (6.786)	Loss: 7.5158 (7.5432)	
Stage: [0] Epoch: [0][2440/10404]	Memory: 9.996 (10.656)
Stage: [1] Epoch: [0][2440/10404]	Memory: 9.389 (9.806)
Stage: [2] Epoch: [0][2440/10404]	Memory: 7.352 (7.789)
Stage: [3] Epoch: [0][2440/10404]	Time: 0.203 (0.203)	Epoch time [hr]: 0.134 (0.585)	Memory: 5.362 (6.786)	Loss: 7.3414 (7.5428)	
Stage: [0] Epoch: [0][2450/10404]	Memory: 9.996 (10.656)
Stage: [1] Epoch: [0][2450/10404]	Memory: 9.398 (9.806)
Stage: [2] Epoch: [0][2450/10404]	Memory: 7.352 (7.789)
Stage: [3] Epoch: [0][2450/10404]	Time: 0.203 (0.203)	Epoch time [hr]: 0.135 (0.585)	Memory: 5.362 (6.786)	Loss: 7.3778 (7.5424)	
Stage: [0] Epoch: [0][2460/10404]	Memory: 9.996 (10.656)
Stage: [1] Epoch: [0][2460/10404]	Memory: 9.398 (9.806)
Stage: [2] Epoch: [0][2460/10404]	Memory: 7.352 (7.789)
Stage: [3] Epoch: [0][2460/10404]	Time: 0.203 (0.203)	Epoch time [hr]: 0.136 (0.585)	Memory: 5.362 (6.786)	Loss: 7.4870 (7.5420)	
Stage: [0] Epoch: [0][2470/10404]	Memory: 9.996 (10.656)
Stage: [1] Epoch: [0][2470/10404]	Memory: 9.398 (9.806)
Stage: [2] Epoch: [0][2470/10404]	Memory: 7.344 (7.789)
Stage: [3] Epoch: [0][2470/10404]	Time: 0.203 (0.203)	Epoch time [hr]: 0.136 (0.585)	Memory: 5.362 (6.786)	Loss: 7.6364 (7.5417)	
Stage: [0] Epoch: [0][2480/10404]	Memory: 9.996 (10.656)
Stage: [1] Epoch: [0][2480/10404]	Memory: 9.398 (9.806)
Stage: [2] Epoch: [0][2480/10404]	Memory: 7.352 (7.789)
Stage: [3] Epoch: [0][2480/10404]	Time: 0.203 (0.203)	Epoch time [hr]: 0.137 (0.585)	Memory: 5.362 (6.786)	Loss: 7.5265 (7.5413)	
Stage: [0] Epoch: [0][2490/10404]	Memory: 9.996 (10.656)
Stage: [1] Epoch: [0][2490/10404]	Memory: 9.398 (9.806)
Stage: [2] Epoch: [0][2490/10404]	Memory: 7.352 (7.789)
Stage: [3] Epoch: [0][2490/10404]	Time: 0.203 (0.203)	Epoch time [hr]: 0.137 (0.585)	Memory: 5.362 (6.786)	Loss: 7.3173 (7.5414)	
Stage: [0] Epoch: [0][2500/10404]	Memory: 9.996 (10.656)
Stage: [1] Epoch: [0][2500/10404]	Memory: 9.389 (9.806)
Stage: [2] Epoch: [0][2500/10404]	Memory: 7.352 (7.789)
Stage: [3] Epoch: [0][2500/10404]	Time: 0.203 (0.203)	Epoch time [hr]: 0.138 (0.585)	Memory: 5.362 (6.786)	Loss: 7.4073 (7.5410)	
Stage: [0] Epoch: [0][2510/10404]	Memory: 9.996 (10.656)
Stage: [1] Epoch: [0][2510/10404]	Memory: 9.398 (9.806)
Stage: [2] Epoch: [0][2510/10404]	Memory: 7.352 (7.789)
Stage: [3] Epoch: [0][2510/10404]	Time: 0.203 (0.203)	Epoch time [hr]: 0.138 (0.585)	Memory: 5.362 (6.786)	Loss: 7.5444 (7.5413)	
Stage: [0] Epoch: [0][2520/10404]	Memory: 9.996 (10.656)
Stage: [1] Epoch: [0][2520/10404]	Memory: 9.398 (9.806)
Stage: [2] Epoch: [0][2520/10404]	Memory: 7.352 (7.789)
Stage: [3] Epoch: [0][2520/10404]	Time: 0.204 (0.203)	Epoch time [hr]: 0.139 (0.585)	Memory: 5.362 (6.786)	Loss: 7.5180 (7.5413)	
Stage: [0] Epoch: [0][2530/10404]	Memory: 9.996 (10.656)
Stage: [1] Epoch: [0][2530/10404]	Memory: 9.389 (9.806)
Stage: [2] Epoch: [0][2530/10404]	Memory: 7.352 (7.789)
Stage: [3] Epoch: [0][2530/10404]	Time: 0.203 (0.203)	Epoch time [hr]: 0.140 (0.585)	Memory: 5.362 (6.786)	Loss: 7.4574 (7.5409)	
Stage: [0] Epoch: [0][2540/10404]	Memory: 9.996 (10.656)
Stage: [1] Epoch: [0][2540/10404]	Memory: 9.398 (9.806)
Stage: [2] Epoch: [0][2540/10404]	Memory: 7.352 (7.789)
Stage: [3] Epoch: [0][2540/10404]	Time: 0.203 (0.203)	Epoch time [hr]: 0.140 (0.585)	Memory: 5.354 (6.786)	Loss: 7.4337 (7.5403)	
Stage: [0] Epoch: [0][2550/10404]	Memory: 9.996 (10.656)
Stage: [1] Epoch: [0][2550/10404]	Memory: 9.398 (9.806)
Stage: [2] Epoch: [0][2550/10404]	Memory: 7.352 (7.789)
Stage: [3] Epoch: [0][2550/10404]	Time: 0.203 (0.203)	Epoch time [hr]: 0.141 (0.585)	Memory: 5.362 (6.786)	Loss: 7.3694 (7.5400)	
Stage: [0] Epoch: [0][2560/10404]	Memory: 9.996 (10.656)
Stage: [1] Epoch: [0][2560/10404]	Memory: 9.389 (9.806)
Stage: [2] Epoch: [0][2560/10404]	Memory: 7.352 (7.789)
Stage: [3] Epoch: [0][2560/10404]	Time: 0.203 (0.203)	Epoch time [hr]: 0.141 (0.585)	Memory: 5.362 (6.786)	Loss: 7.2300 (7.5400)	
Stage: [0] Epoch: [0][2570/10404]	Memory: 9.996 (10.656)
Stage: [1] Epoch: [0][2570/10404]	Memory: 9.398 (9.806)
Stage: [2] Epoch: [0][2570/10404]	Memory: 7.352 (7.789)
Stage: [3] Epoch: [0][2570/10404]	Time: 0.203 (0.203)	Epoch time [hr]: 0.142 (0.585)	Memory: 5.362 (6.786)	Loss: 7.3783 (7.5393)	
Stage: [0] Epoch: [0][2580/10404]	Memory: 9.996 (10.656)
Stage: [1] Epoch: [0][2580/10404]	Memory: 9.398 (9.806)
Stage: [2] Epoch: [0][2580/10404]	Memory: 7.352 (7.789)
Stage: [3] Epoch: [0][2580/10404]	Time: 0.203 (0.203)	Epoch time [hr]: 0.142 (0.585)	Memory: 5.362 (6.786)	Loss: 7.6022 (7.5392)	
Stage: [0] Epoch: [0][2590/10404]	Memory: 9.996 (10.656)
Stage: [1] Epoch: [0][2590/10404]	Memory: 9.389 (9.806)
Stage: [2] Epoch: [0][2590/10404]	Memory: 7.352 (7.789)
Stage: [3] Epoch: [0][2590/10404]	Time: 0.203 (0.203)	Epoch time [hr]: 0.143 (0.585)	Memory: 5.362 (6.786)	Loss: 7.3347 (7.5386)	
Stage: [0] Epoch: [0][2600/10404]	Memory: 9.996 (10.656)
Stage: [1] Epoch: [0][2600/10404]	Memory: 9.398 (9.806)
Stage: [2] Epoch: [0][2600/10404]	Memory: 7.352 (7.789)
Stage: [3] Epoch: [0][2600/10404]	Time: 0.203 (0.203)	Epoch time [hr]: 0.144 (0.585)	Memory: 5.362 (6.786)	Loss: 7.5162 (7.5386)	
Stage: [0] Epoch: [0][2610/10404]	Memory: 9.996 (10.656)
Stage: [1] Epoch: [0][2610/10404]	Memory: 9.398 (9.806)
Stage: [2] Epoch: [0][2610/10404]	Memory: 7.352 (7.789)
Stage: [3] Epoch: [0][2610/10404]	Time: 0.203 (0.203)	Epoch time [hr]: 0.144 (0.585)	Memory: 5.362 (6.786)	Loss: 7.3622 (7.5378)	
Stage: [0] Epoch: [0][2620/10404]	Memory: 9.996 (10.656)
Stage: [1] Epoch: [0][2620/10404]	Memory: 9.389 (9.806)
Stage: [2] Epoch: [0][2620/10404]	Memory: 7.352 (7.789)
Stage: [3] Epoch: [0][2620/10404]	Time: 0.204 (0.203)	Epoch time [hr]: 0.145 (0.585)	Memory: 5.362 (6.786)	Loss: 7.5591 (7.5376)	
Stage: [0] Epoch: [0][2630/10404]	Memory: 9.996 (10.656)
Stage: [1] Epoch: [0][2630/10404]	Memory: 9.389 (9.806)
Stage: [2] Epoch: [0][2630/10404]	Memory: 7.352 (7.789)
Stage: [3] Epoch: [0][2630/10404]	Time: 0.203 (0.203)	Epoch time [hr]: 0.145 (0.585)	Memory: 5.362 (6.786)	Loss: 7.2663 (7.5371)	
Stage: [0] Epoch: [0][2640/10404]	Memory: 9.996 (10.656)
Stage: [1] Epoch: [0][2640/10404]	Memory: 9.398 (9.806)
Stage: [2] Epoch: [0][2640/10404]	Memory: 7.352 (7.789)
Stage: [3] Epoch: [0][2640/10404]	Time: 0.203 (0.203)	Epoch time [hr]: 0.146 (0.585)	Memory: 5.362 (6.786)	Loss: 7.7672 (7.5369)	
Stage: [0] Epoch: [0][2650/10404]	Memory: 9.996 (10.656)
Stage: [1] Epoch: [0][2650/10404]	Memory: 9.398 (9.806)
Stage: [2] Epoch: [0][2650/10404]	Memory: 7.352 (7.789)
Stage: [3] Epoch: [0][2650/10404]	Time: 0.203 (0.203)	Epoch time [hr]: 0.146 (0.585)	Memory: 5.362 (6.786)	Loss: 7.3413 (7.5365)	
Stage: [0] Epoch: [0][2660/10404]	Memory: 9.996 (10.689)
Stage: [1] Epoch: [0][2660/10404]	Memory: 9.398 (9.806)
Stage: [2] Epoch: [0][2660/10404]	Memory: 7.352 (7.789)
Stage: [3] Epoch: [0][2660/10404]	Time: 0.203 (0.203)	Epoch time [hr]: 0.147 (0.585)	Memory: 5.362 (6.786)	Loss: 7.4084 (7.5362)	
Stage: [0] Epoch: [0][2670/10404]	Memory: 9.996 (10.689)
Stage: [1] Epoch: [0][2670/10404]	Memory: 9.389 (9.806)
Stage: [2] Epoch: [0][2670/10404]	Memory: 7.352 (7.789)
Stage: [3] Epoch: [0][2670/10404]	Time: 0.203 (0.203)	Epoch time [hr]: 0.147 (0.585)	Memory: 5.362 (6.786)	Loss: 7.8162 (7.5365)	
Stage: [0] Epoch: [0][2680/10404]	Memory: 9.996 (10.689)
Stage: [1] Epoch: [0][2680/10404]	Memory: 9.398 (9.806)
Stage: [2] Epoch: [0][2680/10404]	Memory: 7.352 (7.789)
Stage: [3] Epoch: [0][2680/10404]	Time: 0.203 (0.203)	Epoch time [hr]: 0.148 (0.586)	Memory: 5.362 (6.786)	Loss: 7.2182 (7.5362)	
Stage: [0] Epoch: [0][2690/10404]	Memory: 9.996 (10.689)
Stage: [1] Epoch: [0][2690/10404]	Memory: 9.398 (9.806)
Stage: [2] Epoch: [0][2690/10404]	Memory: 7.352 (7.789)
Stage: [3] Epoch: [0][2690/10404]	Time: 0.203 (0.203)	Epoch time [hr]: 0.149 (0.586)	Memory: 5.362 (6.786)	Loss: 7.5041 (7.5363)	
Stage: [0] Epoch: [0][2700/10404]	Memory: 9.996 (10.689)
Stage: [1] Epoch: [0][2700/10404]	Memory: 9.398 (9.806)
Stage: [2] Epoch: [0][2700/10404]	Memory: 7.352 (7.789)
Stage: [3] Epoch: [0][2700/10404]	Time: 0.203 (0.203)	Epoch time [hr]: 0.149 (0.586)	Memory: 5.362 (6.786)	Loss: 7.4368 (7.5362)	
Stage: [0] Epoch: [0][2710/10404]	Memory: 9.996 (10.689)
Stage: [1] Epoch: [0][2710/10404]	Memory: 9.398 (9.806)
Stage: [2] Epoch: [0][2710/10404]	Memory: 7.352 (7.789)
Stage: [3] Epoch: [0][2710/10404]	Time: 0.204 (0.203)	Epoch time [hr]: 0.150 (0.586)	Memory: 5.362 (6.786)	Loss: 7.4106 (7.5359)	
Stage: [0] Epoch: [0][2720/10404]	Memory: 9.996 (10.689)
Stage: [1] Epoch: [0][2720/10404]	Memory: 9.389 (9.806)
Stage: [2] Epoch: [0][2720/10404]	Memory: 7.352 (7.789)
Stage: [3] Epoch: [0][2720/10404]	Time: 0.203 (0.203)	Epoch time [hr]: 0.150 (0.586)	Memory: 5.362 (6.786)	Loss: 7.7690 (7.5361)	
Stage: [0] Epoch: [0][2730/10404]	Memory: 9.996 (10.689)
Stage: [1] Epoch: [0][2730/10404]	Memory: 9.398 (9.806)
Stage: [2] Epoch: [0][2730/10404]	Memory: 7.352 (7.789)
Stage: [3] Epoch: [0][2730/10404]	Time: 0.203 (0.203)	Epoch time [hr]: 0.151 (0.586)	Memory: 5.362 (6.786)	Loss: 7.6203 (7.5359)	
Stage: [0] Epoch: [0][2740/10404]	Memory: 9.996 (10.689)
Stage: [1] Epoch: [0][2740/10404]	Memory: 9.389 (9.806)
Stage: [2] Epoch: [0][2740/10404]	Memory: 7.352 (7.789)
Stage: [3] Epoch: [0][2740/10404]	Time: 0.203 (0.203)	Epoch time [hr]: 0.151 (0.586)	Memory: 5.362 (6.786)	Loss: 7.3286 (7.5361)	
Stage: [0] Epoch: [0][2750/10404]	Memory: 9.996 (10.689)
Stage: [1] Epoch: [0][2750/10404]	Memory: 9.389 (9.806)
Stage: [2] Epoch: [0][2750/10404]	Memory: 7.352 (7.789)
Stage: [3] Epoch: [0][2750/10404]	Time: 0.203 (0.203)	Epoch time [hr]: 0.152 (0.586)	Memory: 5.362 (6.786)	Loss: 7.3127 (7.5362)	
Stage: [0] Epoch: [0][2760/10404]	Memory: 9.996 (10.689)
Stage: [1] Epoch: [0][2760/10404]	Memory: 9.389 (9.806)
Stage: [2] Epoch: [0][2760/10404]	Memory: 7.352 (7.789)
Stage: [3] Epoch: [0][2760/10404]	Time: 0.203 (0.203)	Epoch time [hr]: 0.153 (0.586)	Memory: 5.362 (6.786)	Loss: 7.3979 (7.5363)	
Stage: [0] Epoch: [0][2770/10404]	Memory: 9.996 (10.689)
Stage: [1] Epoch: [0][2770/10404]	Memory: 9.398 (9.806)
Stage: [2] Epoch: [0][2770/10404]	Memory: 7.352 (7.789)
Stage: [3] Epoch: [0][2770/10404]	Time: 0.203 (0.203)	Epoch time [hr]: 0.153 (0.586)	Memory: 5.362 (6.786)	Loss: 7.4609 (7.5363)	
Stage: [0] Epoch: [0][2780/10404]	Memory: 9.996 (10.689)
Stage: [1] Epoch: [0][2780/10404]	Memory: 9.398 (9.806)
Stage: [2] Epoch: [0][2780/10404]	Memory: 7.352 (7.789)
Stage: [3] Epoch: [0][2780/10404]	Time: 0.203 (0.203)	Epoch time [hr]: 0.154 (0.586)	Memory: 5.362 (6.786)	Loss: 7.1466 (7.5361)	
Stage: [0] Epoch: [0][2790/10404]	Memory: 9.996 (10.689)
Stage: [1] Epoch: [0][2790/10404]	Memory: 9.398 (9.806)
Stage: [2] Epoch: [0][2790/10404]	Memory: 7.352 (7.789)
Stage: [3] Epoch: [0][2790/10404]	Time: 0.203 (0.203)	Epoch time [hr]: 0.154 (0.586)	Memory: 5.362 (6.786)	Loss: 7.6236 (7.5370)	
Stage: [0] Epoch: [0][2800/10404]	Memory: 9.996 (10.689)
Stage: [1] Epoch: [0][2800/10404]	Memory: 9.398 (9.806)
Stage: [2] Epoch: [0][2800/10404]	Memory: 7.352 (7.789)
Stage: [3] Epoch: [0][2800/10404]	Time: 0.203 (0.203)	Epoch time [hr]: 0.155 (0.586)	Memory: 5.362 (6.786)	Loss: 7.7058 (7.5375)	
Stage: [0] Epoch: [0][2810/10404]	Memory: 9.996 (10.689)
Stage: [1] Epoch: [0][2810/10404]	Memory: 9.389 (9.806)
Stage: [2] Epoch: [0][2810/10404]	Memory: 7.352 (7.789)
Stage: [3] Epoch: [0][2810/10404]	Time: 0.203 (0.203)	Epoch time [hr]: 0.155 (0.586)	Memory: 5.362 (6.786)	Loss: 7.4931 (7.5379)	
Stage: [0] Epoch: [0][2820/10404]	Memory: 9.996 (10.689)
Stage: [1] Epoch: [0][2820/10404]	Memory: 9.389 (9.806)
Stage: [2] Epoch: [0][2820/10404]	Memory: 7.352 (7.789)
Stage: [3] Epoch: [0][2820/10404]	Time: 0.202 (0.203)	Epoch time [hr]: 0.156 (0.586)	Memory: 5.362 (6.786)	Loss: 7.7802 (7.5382)	
Stage: [0] Epoch: [0][2830/10404]	Memory: 9.996 (10.689)
Stage: [1] Epoch: [0][2830/10404]	Memory: 9.398 (9.806)
Stage: [2] Epoch: [0][2830/10404]	Memory: 7.352 (7.789)
Stage: [3] Epoch: [0][2830/10404]	Time: 0.202 (0.203)	Epoch time [hr]: 0.156 (0.586)	Memory: 5.354 (6.786)	Loss: 7.5772 (7.5386)	
Stage: [0] Epoch: [0][2840/10404]	Memory: 9.996 (10.689)
Stage: [1] Epoch: [0][2840/10404]	Memory: 9.398 (9.806)
Stage: [2] Epoch: [0][2840/10404]	Memory: 7.352 (7.789)
Stage: [3] Epoch: [0][2840/10404]	Time: 0.202 (0.203)	Epoch time [hr]: 0.157 (0.586)	Memory: 5.362 (6.786)	Loss: 7.6326 (7.5389)	
Stage: [0] Epoch: [0][2850/10404]	Memory: 9.996 (10.689)
Stage: [1] Epoch: [0][2850/10404]	Memory: 9.398 (9.806)
Stage: [2] Epoch: [0][2850/10404]	Memory: 7.352 (7.789)
Stage: [3] Epoch: [0][2850/10404]	Time: 0.203 (0.203)	Epoch time [hr]: 0.158 (0.586)	Memory: 5.362 (6.786)	Loss: 7.3717 (7.5393)	
Stage: [0] Epoch: [0][2860/10404]	Memory: 9.996 (10.689)
Stage: [1] Epoch: [0][2860/10404]	Memory: 9.398 (9.806)
Stage: [2] Epoch: [0][2860/10404]	Memory: 7.352 (7.789)
Stage: [3] Epoch: [0][2860/10404]	Time: 0.202 (0.203)	Epoch time [hr]: 0.158 (0.586)	Memory: 5.362 (6.786)	Loss: 7.3503 (7.5394)	
Stage: [0] Epoch: [0][2870/10404]	Memory: 9.996 (10.689)
Stage: [1] Epoch: [0][2870/10404]	Memory: 9.389 (9.806)
Stage: [2] Epoch: [0][2870/10404]	Memory: 7.352 (7.789)
Stage: [3] Epoch: [0][2870/10404]	Time: 0.203 (0.203)	Epoch time [hr]: 0.159 (0.586)	Memory: 5.362 (6.786)	Loss: 7.5030 (7.5396)	
Stage: [0] Epoch: [0][2880/10404]	Memory: 9.996 (10.689)
Stage: [1] Epoch: [0][2880/10404]	Memory: 9.389 (9.806)
Stage: [2] Epoch: [0][2880/10404]	Memory: 7.352 (7.789)
Stage: [3] Epoch: [0][2880/10404]	Time: 0.203 (0.203)	Epoch time [hr]: 0.159 (0.586)	Memory: 5.362 (6.786)	Loss: 9.2560 (7.5426)	
Stage: [0] Epoch: [0][2890/10404]	Memory: 9.996 (10.689)
Stage: [1] Epoch: [0][2890/10404]	Memory: 9.398 (9.806)
Stage: [2] Epoch: [0][2890/10404]	Memory: 7.352 (7.789)
Stage: [3] Epoch: [0][2890/10404]	Time: 0.203 (0.203)	Epoch time [hr]: 0.160 (0.586)	Memory: 5.362 (6.786)	Loss: 8.8596 (7.5521)	
Stage: [0] Epoch: [0][2900/10404]	Memory: 9.996 (10.689)
Stage: [1] Epoch: [0][2900/10404]	Memory: 9.389 (9.806)
Stage: [2] Epoch: [0][2900/10404]	Memory: 7.352 (7.789)
Stage: [3] Epoch: [0][2900/10404]	Time: 0.204 (0.203)	Epoch time [hr]: 0.160 (0.586)	Memory: 5.362 (6.786)	Loss: 7.8650 (7.5576)	
Stage: [0] Epoch: [0][2910/10404]	Memory: 9.996 (10.689)
Stage: [1] Epoch: [0][2910/10404]	Memory: 9.389 (9.806)
Stage: [2] Epoch: [0][2910/10404]	Memory: 7.352 (7.789)
Stage: [3] Epoch: [0][2910/10404]	Time: 0.203 (0.203)	Epoch time [hr]: 0.161 (0.586)	Memory: 5.362 (6.786)	Loss: 8.6309 (7.5614)	
Stage: [0] Epoch: [0][2920/10404]	Memory: 9.996 (10.689)
Stage: [1] Epoch: [0][2920/10404]	Memory: 9.389 (9.806)
Stage: [2] Epoch: [0][2920/10404]	Memory: 7.352 (7.789)
Stage: [3] Epoch: [0][2920/10404]	Time: 0.203 (0.203)	Epoch time [hr]: 0.162 (0.586)	Memory: 5.362 (6.786)	Loss: nan (nan)	
Stage: [0] Epoch: [0][2930/10404]	Memory: 9.996 (10.689)
Stage: [1] Epoch: [0][2930/10404]	Memory: 9.398 (9.806)
Stage: [2] Epoch: [0][2930/10404]	Memory: 7.352 (7.789)
Stage: [3] Epoch: [0][2930/10404]	Time: 0.202 (0.203)	Epoch time [hr]: 0.162 (0.586)	Memory: 5.362 (6.786)	Loss: nan (nan)	
Stage: [0] Epoch: [0][2940/10404]	Memory: 9.996 (10.689)
Stage: [1] Epoch: [0][2940/10404]	Memory: 9.398 (9.806)
Stage: [2] Epoch: [0][2940/10404]	Memory: 7.352 (7.789)
Stage: [3] Epoch: [0][2940/10404]	Time: 0.203 (0.203)	Epoch time [hr]: 0.163 (0.586)	Memory: 5.362 (6.786)	Loss: nan (nan)	
Stage: [0] Epoch: [0][2950/10404]	Memory: 9.996 (10.689)
Stage: [1] Epoch: [0][2950/10404]	Memory: 9.398 (9.806)
Stage: [2] Epoch: [0][2950/10404]	Memory: 7.352 (7.789)
Stage: [3] Epoch: [0][2950/10404]	Time: 0.203 (0.203)	Epoch time [hr]: 0.163 (0.586)	Memory: 5.362 (6.786)	Loss: nan (nan)	
Stage: [0] Epoch: [0][2960/10404]	Memory: 9.996 (10.689)
Stage: [1] Epoch: [0][2960/10404]	Memory: 9.398 (9.806)
Stage: [2] Epoch: [0][2960/10404]	Memory: 7.352 (7.789)
Stage: [3] Epoch: [0][2960/10404]	Time: 0.203 (0.203)	Epoch time [hr]: 0.164 (0.586)	Memory: 5.362 (6.786)	Loss: nan (nan)	
Stage: [0] Epoch: [0][2970/10404]	Memory: 9.996 (10.689)
Stage: [1] Epoch: [0][2970/10404]	Memory: 9.398 (9.806)
Stage: [2] Epoch: [0][2970/10404]	Memory: 7.352 (7.789)
Stage: [3] Epoch: [0][2970/10404]	Time: 0.203 (0.203)	Epoch time [hr]: 0.164 (0.586)	Memory: 5.362 (6.786)	Loss: nan (nan)	
Stage: [0] Epoch: [0][2980/10404]	Memory: 9.996 (10.689)
Stage: [1] Epoch: [0][2980/10404]	Memory: 9.398 (9.806)
Stage: [2] Epoch: [0][2980/10404]	Memory: 7.352 (7.789)
Stage: [3] Epoch: [0][2980/10404]	Time: 0.202 (0.203)	Epoch time [hr]: 0.165 (0.586)	Memory: 5.362 (6.786)	Loss: nan (nan)	
Stage: [0] Epoch: [0][2990/10404]	Memory: 9.996 (10.689)
Stage: [1] Epoch: [0][2990/10404]	Memory: 9.389 (9.806)
Stage: [2] Epoch: [0][2990/10404]	Memory: 7.352 (7.789)
Stage: [3] Epoch: [0][2990/10404]	Time: 0.202 (0.203)	Epoch time [hr]: 0.165 (0.586)	Memory: 5.362 (6.786)	Loss: nan (nan)	
Stage: [0] Epoch: [0][3000/10404]	Memory: 9.996 (10.689)
Stage: [1] Epoch: [0][3000/10404]	Memory: 9.389 (9.806)
Stage: [2] Epoch: [0][3000/10404]	Memory: 7.352 (7.789)
Stage: [3] Epoch: [0][3000/10404]	Time: 0.202 (0.203)	Epoch time [hr]: 0.166 (0.586)	Memory: 5.362 (6.786)	Loss: nan (nan)	
Stage: [0] Epoch: [0][3010/10404]	Memory: 9.996 (10.689)
Stage: [1] Epoch: [0][3010/10404]	Memory: 9.389 (9.806)
Stage: [2] Epoch: [0][3010/10404]	Memory: 7.352 (7.789)
Stage: [3] Epoch: [0][3010/10404]	Time: 0.202 (0.203)	Epoch time [hr]: 0.167 (0.586)	Memory: 5.362 (6.786)	Loss: nan (nan)	
Stage: [0] Epoch: [0][3020/10404]	Memory: 9.996 (10.689)
Stage: [1] Epoch: [0][3020/10404]	Memory: 9.398 (9.806)
Stage: [2] Epoch: [0][3020/10404]	Memory: 7.344 (7.789)
Stage: [3] Epoch: [0][3020/10404]	Time: 0.202 (0.203)	Epoch time [hr]: 0.167 (0.586)	Memory: 5.362 (6.786)	Loss: nan (nan)	
Stage: [0] Epoch: [0][3030/10404]	Memory: 9.996 (10.689)
Stage: [1] Epoch: [0][3030/10404]	Memory: 9.398 (9.806)
Stage: [2] Epoch: [0][3030/10404]	Memory: 7.352 (7.789)
Stage: [3] Epoch: [0][3030/10404]	Time: 0.202 (0.203)	Epoch time [hr]: 0.168 (0.586)	Memory: 5.362 (6.786)	Loss: nan (nan)	
Stage: [0] Epoch: [0][3040/10404]	Memory: 9.996 (10.689)
Stage: [1] Epoch: [0][3040/10404]	Memory: 9.389 (9.806)
Stage: [2] Epoch: [0][3040/10404]	Memory: 7.352 (7.789)
Stage: [3] Epoch: [0][3040/10404]	Time: 0.202 (0.203)	Epoch time [hr]: 0.168 (0.586)	Memory: 5.362 (6.786)	Loss: nan (nan)	
Stage: [0] Epoch: [0][3050/10404]	Memory: 9.996 (10.689)
Stage: [1] Epoch: [0][3050/10404]	Memory: 9.398 (9.806)
Stage: [2] Epoch: [0][3050/10404]	Memory: 7.352 (7.789)
Stage: [3] Epoch: [0][3050/10404]	Time: 0.202 (0.203)	Epoch time [hr]: 0.169 (0.586)	Memory: 5.362 (6.786)	Loss: nan (nan)	
Stage: [0] Epoch: [0][3060/10404]	Memory: 9.996 (10.689)
Stage: [1] Epoch: [0][3060/10404]	Memory: 9.389 (9.806)
Stage: [2] Epoch: [0][3060/10404]	Memory: 7.352 (7.789)
Stage: [3] Epoch: [0][3060/10404]	Time: 0.205 (0.203)	Epoch time [hr]: 0.169 (0.586)	Memory: 5.362 (6.786)	Loss: nan (nan)	
Stage: [0] Epoch: [0][3070/10404]	Memory: 9.996 (10.689)
Stage: [1] Epoch: [0][3070/10404]	Memory: 9.389 (9.806)
Stage: [2] Epoch: [0][3070/10404]	Memory: 7.352 (7.789)
Stage: [3] Epoch: [0][3070/10404]	Time: 0.202 (0.203)	Epoch time [hr]: 0.170 (0.586)	Memory: 5.362 (6.786)	Loss: nan (nan)	
Stage: [0] Epoch: [0][3080/10404]	Memory: 9.996 (10.689)
Stage: [1] Epoch: [0][3080/10404]	Memory: 9.398 (9.806)
Stage: [2] Epoch: [0][3080/10404]	Memory: 7.352 (7.789)
Stage: [3] Epoch: [0][3080/10404]	Time: 0.202 (0.203)	Epoch time [hr]: 0.171 (0.586)	Memory: 5.362 (6.786)	Loss: nan (nan)	
Stage: [0] Epoch: [0][3090/10404]	Memory: 9.996 (10.689)
Stage: [1] Epoch: [0][3090/10404]	Memory: 9.398 (9.806)
Stage: [2] Epoch: [0][3090/10404]	Memory: 7.352 (7.789)
Stage: [3] Epoch: [0][3090/10404]	Time: 0.202 (0.203)	Epoch time [hr]: 0.171 (0.586)	Memory: 5.362 (6.786)	Loss: nan (nan)	
Stage: [0] Epoch: [0][3100/10404]	Memory: 9.996 (10.689)
Stage: [1] Epoch: [0][3100/10404]	Memory: 9.389 (9.806)
Stage: [2] Epoch: [0][3100/10404]	Memory: 7.352 (7.789)
Stage: [3] Epoch: [0][3100/10404]	Time: 0.202 (0.203)	Epoch time [hr]: 0.172 (0.586)	Memory: 5.362 (6.786)	Loss: nan (nan)	
Stage: [0] Epoch: [0][3110/10404]	Memory: 9.996 (10.689)
Stage: [1] Epoch: [0][3110/10404]	Memory: 9.398 (9.806)
Stage: [2] Epoch: [0][3110/10404]	Memory: 7.352 (7.789)
Stage: [3] Epoch: [0][3110/10404]	Time: 0.202 (0.203)	Epoch time [hr]: 0.172 (0.586)	Memory: 5.362 (6.786)	Loss: nan (nan)	
Stage: [0] Epoch: [0][3120/10404]	Memory: 9.996 (10.689)
Stage: [1] Epoch: [0][3120/10404]	Memory: 9.398 (9.806)
Stage: [2] Epoch: [0][3120/10404]	Memory: 7.352 (7.789)
Stage: [3] Epoch: [0][3120/10404]	Time: 0.202 (0.203)	Epoch time [hr]: 0.173 (0.586)	Memory: 5.362 (6.786)	Loss: nan (nan)	
slurmstepd: error: *** JOB 4488671 ON g0504 CANCELLED AT 2025-10-23T01:59:53 ***
slurmstepd: error: *** STEP 4488671.0 ON g0504 CANCELLED AT 2025-10-23T01:59:53 ***
srun: Job step aborted: Waiting up to 62 seconds for job step to finish.
