Using configuration path configs/bert_4vpipe.yml
Creating output folder: /data/run01/scw6doz/lzx_out/vpipe/output/2025-10-23T02:06:56
singularity exec --nv --writable-tmpfs -B $(dirname $PWD):/workspace -B /data/run01/scw6doz:/data/run01/scw6doz /data/run01/scw6doz/lzx/vpipe/vpipe.sif /bin/bash -c 'cp ../launch.py .; python -m launch --nnodes 1 --node_rank 0 --nproc_per_node 4 main_with_runtime.py --data_dir /data/run01/scw6doz/lzx/vpipe/bert_pretrain_wikicorpus_tokenized_hdf5_seqlen128 --master_addr localhost --module vgpus=4 --checkpoint_dir /data/run01/scw6doz/lzx_out/vpipe/output/2025-10-23T02:06:56 --partition vgpus=4/vpipe.json --sync_mode asp --distributed_backend gloo  -b 16 --lr 0.030000 --lr_policy polynomial --weight-decay 0.000000 --epochs 2 --print-freq 100 --verbose 0 --num_ranks_in_server 4 --config_path vgpus=4/mp_conf.json 2>&1 | tee /data/run01/scw6doz/lzx_out/vpipe/output/2025-10-23T02:06:56/output.log.0; rm launch.py'
MOFED version '5.4-1.0.3' not available in this container.
No matching alternate version found.
/opt/conda/lib/python3.6/site-packages/torch/utils/checkpoint.py:25: UserWarning: None of the inputs have requires_grad=True. Gradients will be None
  warnings.warn("None of the inputs have requires_grad=True. Gradients will be None")
/opt/conda/lib/python3.6/site-packages/torch/utils/checkpoint.py:25: UserWarning: None of the inputs have requires_grad=True. Gradients will be None
  warnings.warn("None of the inputs have requires_grad=True. Gradients will be None")
/opt/conda/lib/python3.6/site-packages/torch/utils/checkpoint.py:25: UserWarning: None of the inputs have requires_grad=True. Gradients will be None
  warnings.warn("None of the inputs have requires_grad=True. Gradients will be None")
/opt/conda/lib/python3.6/site-packages/torch/utils/checkpoint.py:25: UserWarning: None of the inputs have requires_grad=True. Gradients will be None
  warnings.warn("None of the inputs have requires_grad=True. Gradients will be None")
Finished initializing process group; backend: gloo, rank: 0, world_size: 4
Send ranks:  {'out64': [1], 'input2': [1], 'target': [1]}
Receive ranks:  {}
Setting up process groups for broadcasts...
Finished initializing process group; backend: gloo, rank: 2, world_size: 4
Finished initializing process group; backend: gloo, rank: 1, world_size: 4
Finished initializing process group; backend: gloo, rank: 3, world_size: 4
Send ranks:  {}
Receive ranks:  {'out194': [2], 'input2': [2], 'target': [2]}
Setting up process groups for broadcasts...
Send ranks:  {'out194': [3], 'input2': [3], 'target': [3]}
Receive ranks:  {'out129': [1], 'input2': [1], 'target': [1]}
Setting up process groups for broadcasts...
Send ranks:  {'out129': [2], 'input2': [2], 'target': [2]}
Receive ranks:  {'out64': [0], 'input2': [0], 'target': [0]}
Setting up process groups for broadcasts...
Stage: [0] Epoch: [0][600/10404]	Memory: 9.996 (10.656)
Stage: [1] Epoch: [0][600/10404]	Memory: 9.398 (9.806)
Stage: [2] Epoch: [0][600/10404]	Memory: 7.352 (7.789)
Stage: [3] Epoch: [0][600/10404]	Time: 0.196 (0.196)	Epoch time [hr]: 0.005 (0.567)	Memory: 5.362 (6.786)	Loss: 7.4292 (7.9615)	
Stage: [0] Epoch: [0][700/10404]	Memory: 9.996 (10.656)
Stage: [1] Epoch: [0][700/10404]	Memory: 9.398 (9.806)
Stage: [2] Epoch: [0][700/10404]	Memory: 7.352 (7.789)
Stage: [3] Epoch: [0][700/10404]	Time: 0.196 (0.196)	Epoch time [hr]: 0.011 (0.567)	Memory: 5.362 (6.786)	Loss: 7.5302 (7.8924)	
Stage: [0] Epoch: [0][800/10404]	Memory: 9.996 (10.656)
Stage: [1] Epoch: [0][800/10404]	Memory: 9.398 (9.806)
Stage: [2] Epoch: [0][800/10404]	Memory: 7.352 (7.789)
Stage: [3] Epoch: [0][800/10404]	Time: 0.196 (0.196)	Epoch time [hr]: 0.016 (0.567)	Memory: 5.362 (6.786)	Loss: 7.2146 (7.8352)	
Stage: [0] Epoch: [0][900/10404]	Memory: 9.996 (10.656)
Stage: [1] Epoch: [0][900/10404]	Memory: 9.398 (9.806)
Stage: [2] Epoch: [0][900/10404]	Memory: 7.352 (7.789)
Stage: [3] Epoch: [0][900/10404]	Time: 0.196 (0.196)	Epoch time [hr]: 0.022 (0.567)	Memory: 5.362 (6.786)	Loss: 7.8386 (7.7909)	
Stage: [0] Epoch: [0][1000/10404]	Memory: 9.996 (10.656)
Stage: [1] Epoch: [0][1000/10404]	Memory: 9.398 (9.806)
Stage: [2] Epoch: [0][1000/10404]	Memory: 7.352 (7.789)
Stage: [3] Epoch: [0][1000/10404]	Time: 0.196 (0.196)	Epoch time [hr]: 0.027 (0.567)	Memory: 5.362 (6.786)	Loss: 7.5111 (7.7536)	
Stage: [0] Epoch: [0][1100/10404]	Memory: 9.996 (10.656)
Stage: [1] Epoch: [0][1100/10404]	Memory: 9.398 (9.806)
Stage: [2] Epoch: [0][1100/10404]	Memory: 7.352 (7.789)
Stage: [3] Epoch: [0][1100/10404]	Time: 0.196 (0.196)	Epoch time [hr]: 0.033 (0.567)	Memory: 5.362 (6.786)	Loss: 7.5648 (7.7236)	
Stage: [0] Epoch: [0][1200/10404]	Memory: 9.996 (10.656)
Stage: [1] Epoch: [0][1200/10404]	Memory: 9.398 (9.806)
Stage: [2] Epoch: [0][1200/10404]	Memory: 7.352 (7.789)
Stage: [3] Epoch: [0][1200/10404]	Time: 0.196 (0.196)	Epoch time [hr]: 0.038 (0.567)	Memory: 5.362 (6.786)	Loss: 7.3207 (7.6999)	
Stage: [0] Epoch: [0][1300/10404]	Memory: 9.996 (10.656)
Stage: [1] Epoch: [0][1300/10404]	Memory: 9.398 (9.806)
Stage: [2] Epoch: [0][1300/10404]	Memory: 7.352 (7.789)
Stage: [3] Epoch: [0][1300/10404]	Time: 0.196 (0.196)	Epoch time [hr]: 0.044 (0.567)	Memory: 5.362 (6.786)	Loss: 7.4752 (7.6776)	
Stage: [0] Epoch: [0][1400/10404]	Memory: 9.996 (10.656)
Stage: [1] Epoch: [0][1400/10404]	Memory: 9.389 (9.806)
Stage: [2] Epoch: [0][1400/10404]	Memory: 7.352 (7.789)
Stage: [3] Epoch: [0][1400/10404]	Time: 0.196 (0.196)	Epoch time [hr]: 0.049 (0.567)	Memory: 5.354 (6.786)	Loss: 7.2634 (7.6611)	
Stage: [0] Epoch: [0][1500/10404]	Memory: 9.996 (10.656)
Stage: [1] Epoch: [0][1500/10404]	Memory: 9.398 (9.806)
Stage: [2] Epoch: [0][1500/10404]	Memory: 7.352 (7.789)
Stage: [3] Epoch: [0][1500/10404]	Time: 0.196 (0.196)	Epoch time [hr]: 0.054 (0.567)	Memory: 5.362 (6.786)	Loss: 7.5653 (7.6458)	
Stage: [0] Epoch: [0][1600/10404]	Memory: 10.005 (10.656)
Stage: [1] Epoch: [0][1600/10404]	Memory: 9.398 (9.806)
Stage: [2] Epoch: [0][1600/10404]	Memory: 7.352 (7.789)
Stage: [3] Epoch: [0][1600/10404]	Time: 0.197 (0.196)	Epoch time [hr]: 0.060 (0.567)	Memory: 5.362 (6.786)	Loss: 7.3559 (7.6321)	
Stage: [0] Epoch: [0][1700/10404]	Memory: 9.996 (10.656)
Stage: [1] Epoch: [0][1700/10404]	Memory: 9.398 (9.806)
Stage: [2] Epoch: [0][1700/10404]	Memory: 7.352 (7.789)
Stage: [3] Epoch: [0][1700/10404]	Time: 0.196 (0.196)	Epoch time [hr]: 0.065 (0.567)	Memory: 5.362 (6.786)	Loss: 7.6991 (7.6193)	
Stage: [0] Epoch: [0][1800/10404]	Memory: 9.996 (10.656)
Stage: [1] Epoch: [0][1800/10404]	Memory: 9.398 (9.806)
Stage: [2] Epoch: [0][1800/10404]	Memory: 7.352 (7.789)
Stage: [3] Epoch: [0][1800/10404]	Time: 0.196 (0.196)	Epoch time [hr]: 0.071 (0.567)	Memory: 5.362 (6.786)	Loss: 7.2315 (7.6080)	
Stage: [0] Epoch: [0][1900/10404]	Memory: 9.996 (10.656)
Stage: [1] Epoch: [0][1900/10404]	Memory: 9.398 (9.806)
Stage: [2] Epoch: [0][1900/10404]	Memory: 7.352 (7.789)
Stage: [3] Epoch: [0][1900/10404]	Time: 0.196 (0.196)	Epoch time [hr]: 0.076 (0.567)	Memory: 5.362 (6.786)	Loss: 7.4325 (7.5980)	
Stage: [0] Epoch: [0][2000/10404]	Memory: 9.996 (10.656)
Stage: [1] Epoch: [0][2000/10404]	Memory: 9.398 (9.806)
Stage: [2] Epoch: [0][2000/10404]	Memory: 7.352 (7.789)
Stage: [3] Epoch: [0][2000/10404]	Time: 0.196 (0.196)	Epoch time [hr]: 0.082 (0.567)	Memory: 5.362 (6.786)	Loss: 7.5534 (7.5876)	
Stage: [0] Epoch: [0][2100/10404]	Memory: 9.996 (10.656)
Stage: [1] Epoch: [0][2100/10404]	Memory: 9.398 (9.806)
Stage: [2] Epoch: [0][2100/10404]	Memory: 7.352 (7.789)
Stage: [3] Epoch: [0][2100/10404]	Time: 0.196 (0.196)	Epoch time [hr]: 0.087 (0.567)	Memory: 5.362 (6.786)	Loss: 7.5428 (7.5802)	
Stage: [0] Epoch: [0][2200/10404]	Memory: 9.996 (10.656)
Stage: [1] Epoch: [0][2200/10404]	Memory: 9.398 (9.806)
Stage: [2] Epoch: [0][2200/10404]	Memory: 7.352 (7.789)
Stage: [3] Epoch: [0][2200/10404]	Time: 0.196 (0.196)	Epoch time [hr]: 0.093 (0.567)	Memory: 5.362 (6.786)	Loss: 7.4192 (7.5724)	
Stage: [0] Epoch: [0][2300/10404]	Memory: 9.996 (10.656)
Stage: [1] Epoch: [0][2300/10404]	Memory: 9.398 (9.806)
Stage: [2] Epoch: [0][2300/10404]	Memory: 7.352 (7.789)
Stage: [3] Epoch: [0][2300/10404]	Time: 0.196 (0.196)	Epoch time [hr]: 0.098 (0.566)	Memory: 5.362 (6.786)	Loss: 7.6600 (7.5663)	
Stage: [0] Epoch: [0][2400/10404]	Memory: 9.996 (10.656)
Stage: [1] Epoch: [0][2400/10404]	Memory: 9.398 (9.806)
Stage: [2] Epoch: [0][2400/10404]	Memory: 7.352 (7.789)
Stage: [3] Epoch: [0][2400/10404]	Time: 0.196 (0.196)	Epoch time [hr]: 0.103 (0.567)	Memory: 5.362 (6.786)	Loss: 7.6408 (7.5595)	
Stage: [0] Epoch: [0][2500/10404]	Memory: 9.996 (10.656)
Stage: [1] Epoch: [0][2500/10404]	Memory: 9.398 (9.806)
Stage: [2] Epoch: [0][2500/10404]	Memory: 7.352 (7.789)
Stage: [3] Epoch: [0][2500/10404]	Time: 0.196 (0.196)	Epoch time [hr]: 0.109 (0.566)	Memory: 5.362 (6.786)	Loss: 7.4051 (7.5537)	
Stage: [0] Epoch: [0][2600/10404]	Memory: 9.996 (10.656)
Stage: [1] Epoch: [0][2600/10404]	Memory: 9.398 (9.806)
Stage: [2] Epoch: [0][2600/10404]	Memory: 7.352 (7.789)
Stage: [3] Epoch: [0][2600/10404]	Time: 0.196 (0.196)	Epoch time [hr]: 0.114 (0.566)	Memory: 5.362 (6.786)	Loss: 7.6574 (7.5489)	
Stage: [0] Epoch: [0][2700/10404]	Memory: 9.996 (10.656)
Stage: [1] Epoch: [0][2700/10404]	Memory: 9.398 (9.806)
Stage: [2] Epoch: [0][2700/10404]	Memory: 7.352 (7.789)
Stage: [3] Epoch: [0][2700/10404]	Time: 0.196 (0.196)	Epoch time [hr]: 0.120 (0.566)	Memory: 5.362 (6.786)	Loss: 7.6002 (7.5442)	
Stage: [0] Epoch: [0][2800/10404]	Memory: 9.996 (10.656)
Stage: [1] Epoch: [0][2800/10404]	Memory: 9.398 (9.806)
Stage: [2] Epoch: [0][2800/10404]	Memory: 7.352 (7.789)
Stage: [3] Epoch: [0][2800/10404]	Time: 0.196 (0.196)	Epoch time [hr]: 0.125 (0.566)	Memory: 5.362 (6.786)	Loss: 7.8666 (7.5395)	
Stage: [0] Epoch: [0][2900/10404]	Memory: 9.996 (10.656)
Stage: [1] Epoch: [0][2900/10404]	Memory: 9.398 (9.806)
Stage: [2] Epoch: [0][2900/10404]	Memory: 7.352 (7.789)
Stage: [3] Epoch: [0][2900/10404]	Time: 0.196 (0.196)	Epoch time [hr]: 0.131 (0.566)	Memory: 5.354 (6.786)	Loss: 7.5723 (7.5367)	
Stage: [0] Epoch: [0][3000/10404]	Memory: 9.996 (10.656)
Stage: [1] Epoch: [0][3000/10404]	Memory: 9.398 (9.806)
Stage: [2] Epoch: [0][3000/10404]	Memory: 7.352 (7.789)
Stage: [3] Epoch: [0][3000/10404]	Time: 0.196 (0.196)	Epoch time [hr]: 0.136 (0.566)	Memory: 5.362 (6.786)	Loss: 7.4282 (7.5334)	
Stage: [0] Epoch: [0][3100/10404]	Memory: 9.996 (10.656)
Stage: [1] Epoch: [0][3100/10404]	Memory: 9.398 (9.806)
Stage: [2] Epoch: [0][3100/10404]	Memory: 7.352 (7.789)
Stage: [3] Epoch: [0][3100/10404]	Time: 0.196 (0.196)	Epoch time [hr]: 0.142 (0.566)	Memory: 5.362 (6.786)	Loss: 7.4743 (7.5309)	
Stage: [0] Epoch: [0][3200/10404]	Memory: 9.996 (10.656)
Stage: [1] Epoch: [0][3200/10404]	Memory: 9.398 (9.806)
Stage: [2] Epoch: [0][3200/10404]	Memory: 7.352 (7.789)
Stage: [3] Epoch: [0][3200/10404]	Time: 0.196 (0.196)	Epoch time [hr]: 0.147 (0.566)	Memory: 5.362 (6.786)	Loss: 7.7793 (7.5282)	
Stage: [0] Epoch: [0][3300/10404]	Memory: 9.996 (10.656)
Stage: [1] Epoch: [0][3300/10404]	Memory: 9.389 (9.806)
Stage: [2] Epoch: [0][3300/10404]	Memory: 7.352 (7.789)
Stage: [3] Epoch: [0][3300/10404]	Time: 0.196 (0.196)	Epoch time [hr]: 0.152 (0.566)	Memory: 5.354 (6.786)	Loss: 7.3638 (7.5252)	
Stage: [0] Epoch: [0][3400/10404]	Memory: 9.996 (10.656)
Stage: [1] Epoch: [0][3400/10404]	Memory: 9.398 (9.806)
Stage: [2] Epoch: [0][3400/10404]	Memory: 7.352 (7.789)
Stage: [3] Epoch: [0][3400/10404]	Time: 0.196 (0.196)	Epoch time [hr]: 0.158 (0.566)	Memory: 5.362 (6.786)	Loss: 7.3856 (7.5217)	
Stage: [0] Epoch: [0][3500/10404]	Memory: 9.996 (10.656)
Stage: [1] Epoch: [0][3500/10404]	Memory: 9.398 (9.806)
Stage: [2] Epoch: [0][3500/10404]	Memory: 7.352 (7.789)
Stage: [3] Epoch: [0][3500/10404]	Time: 0.196 (0.196)	Epoch time [hr]: 0.163 (0.566)	Memory: 5.354 (6.786)	Loss: 7.5117 (7.5196)	
Stage: [0] Epoch: [0][3600/10404]	Memory: 9.996 (10.656)
Stage: [1] Epoch: [0][3600/10404]	Memory: 9.398 (9.806)
Stage: [2] Epoch: [0][3600/10404]	Memory: 7.352 (7.789)
Stage: [3] Epoch: [0][3600/10404]	Time: 0.196 (0.196)	Epoch time [hr]: 0.169 (0.566)	Memory: 5.362 (6.786)	Loss: 7.5367 (7.5178)	
Stage: [0] Epoch: [0][3700/10404]	Memory: 9.996 (10.656)
Stage: [1] Epoch: [0][3700/10404]	Memory: 9.398 (9.806)
Stage: [2] Epoch: [0][3700/10404]	Memory: 7.352 (7.789)
Stage: [3] Epoch: [0][3700/10404]	Time: 0.196 (0.196)	Epoch time [hr]: 0.174 (0.566)	Memory: 5.354 (6.786)	Loss: 7.4674 (7.5163)	
Stage: [0] Epoch: [0][3800/10404]	Memory: 9.996 (10.656)
Stage: [1] Epoch: [0][3800/10404]	Memory: 9.398 (9.806)
Stage: [2] Epoch: [0][3800/10404]	Memory: 7.352 (7.789)
Stage: [3] Epoch: [0][3800/10404]	Time: 0.196 (0.196)	Epoch time [hr]: 0.180 (0.566)	Memory: 5.362 (6.786)	Loss: 7.3575 (7.5144)	
Stage: [0] Epoch: [0][3900/10404]	Memory: 9.996 (10.656)
Stage: [1] Epoch: [0][3900/10404]	Memory: 9.398 (9.806)
Stage: [2] Epoch: [0][3900/10404]	Memory: 7.352 (7.789)
Stage: [3] Epoch: [0][3900/10404]	Time: 0.196 (0.196)	Epoch time [hr]: 0.185 (0.566)	Memory: 5.362 (6.786)	Loss: 7.0973 (7.5130)	
Stage: [0] Epoch: [0][4000/10404]	Memory: 9.996 (10.656)
Stage: [1] Epoch: [0][4000/10404]	Memory: 9.398 (9.806)
Stage: [2] Epoch: [0][4000/10404]	Memory: 7.352 (7.789)
Stage: [3] Epoch: [0][4000/10404]	Time: 0.196 (0.196)	Epoch time [hr]: 0.191 (0.566)	Memory: 5.362 (6.786)	Loss: nan (nan)	
Stage: [0] Epoch: [0][4100/10404]	Memory: 9.996 (10.656)
Stage: [1] Epoch: [0][4100/10404]	Memory: 9.398 (9.806)
Stage: [2] Epoch: [0][4100/10404]	Memory: 7.352 (7.789)
Stage: [3] Epoch: [0][4100/10404]	Time: 0.196 (0.196)	Epoch time [hr]: 0.196 (0.566)	Memory: 5.354 (6.786)	Loss: nan (nan)	
Stage: [0] Epoch: [0][4200/10404]	Memory: 9.996 (10.656)
Stage: [1] Epoch: [0][4200/10404]	Memory: 9.398 (9.806)
Stage: [2] Epoch: [0][4200/10404]	Memory: 7.352 (7.789)
Stage: [3] Epoch: [0][4200/10404]	Time: 0.196 (0.196)	Epoch time [hr]: 0.201 (0.566)	Memory: 5.362 (6.786)	Loss: nan (nan)	
Stage: [0] Epoch: [0][4300/10404]	Memory: 9.996 (10.656)
Stage: [1] Epoch: [0][4300/10404]	Memory: 9.398 (9.806)
Stage: [2] Epoch: [0][4300/10404]	Memory: 7.352 (7.789)
Stage: [3] Epoch: [0][4300/10404]	Time: 0.196 (0.196)	Epoch time [hr]: 0.207 (0.566)	Memory: 5.362 (6.786)	Loss: nan (nan)	
Stage: [0] Epoch: [0][4400/10404]	Memory: 9.996 (10.656)
Stage: [1] Epoch: [0][4400/10404]	Memory: 9.398 (9.806)
Stage: [2] Epoch: [0][4400/10404]	Memory: 7.352 (7.789)
Stage: [3] Epoch: [0][4400/10404]	Time: 0.196 (0.196)	Epoch time [hr]: 0.212 (0.566)	Memory: 5.362 (6.786)	Loss: nan (nan)	
Stage: [0] Epoch: [0][4500/10404]	Memory: 9.996 (10.656)
Stage: [1] Epoch: [0][4500/10404]	Memory: 9.398 (9.806)
Stage: [2] Epoch: [0][4500/10404]	Memory: 7.352 (7.789)
Stage: [3] Epoch: [0][4500/10404]	Time: 0.196 (0.196)	Epoch time [hr]: 0.218 (0.566)	Memory: 5.354 (6.786)	Loss: nan (nan)	
Stage: [0] Epoch: [0][4600/10404]	Memory: 9.996 (10.656)
Stage: [1] Epoch: [0][4600/10404]	Memory: 9.389 (9.806)
Stage: [2] Epoch: [0][4600/10404]	Memory: 7.352 (7.789)
Stage: [3] Epoch: [0][4600/10404]	Time: 0.196 (0.196)	Epoch time [hr]: 0.223 (0.566)	Memory: 5.362 (6.786)	Loss: nan (nan)	
Stage: [0] Epoch: [0][4700/10404]	Memory: 9.996 (10.656)
Stage: [1] Epoch: [0][4700/10404]	Memory: 9.398 (9.806)
Stage: [2] Epoch: [0][4700/10404]	Memory: 7.352 (7.789)
Stage: [3] Epoch: [0][4700/10404]	Time: 0.196 (0.196)	Epoch time [hr]: 0.229 (0.566)	Memory: 5.362 (6.786)	Loss: nan (nan)	
Stage: [0] Epoch: [0][4800/10404]	Memory: 9.996 (10.656)
Stage: [1] Epoch: [0][4800/10404]	Memory: 9.398 (9.806)
Stage: [2] Epoch: [0][4800/10404]	Memory: 7.352 (7.789)
Stage: [3] Epoch: [0][4800/10404]	Time: 0.196 (0.196)	Epoch time [hr]: 0.234 (0.566)	Memory: 5.362 (6.786)	Loss: nan (nan)	
Stage: [0] Epoch: [0][4900/10404]	Memory: 9.996 (10.656)
Stage: [1] Epoch: [0][4900/10404]	Memory: 9.398 (9.806)
Stage: [2] Epoch: [0][4900/10404]	Memory: 7.352 (7.789)
Stage: [3] Epoch: [0][4900/10404]	Time: 0.196 (0.196)	Epoch time [hr]: 0.240 (0.566)	Memory: 5.362 (6.786)	Loss: nan (nan)	
Stage: [0] Epoch: [0][5000/10404]	Memory: 9.996 (10.656)
Stage: [1] Epoch: [0][5000/10404]	Memory: 9.398 (9.806)
Stage: [2] Epoch: [0][5000/10404]	Memory: 7.352 (7.789)
Stage: [3] Epoch: [0][5000/10404]	Time: 0.196 (0.196)	Epoch time [hr]: 0.245 (0.566)	Memory: 5.362 (6.786)	Loss: nan (nan)	
Stage: [0] Epoch: [0][5100/10404]	Memory: 9.996 (10.656)
Stage: [1] Epoch: [0][5100/10404]	Memory: 9.389 (9.806)
Stage: [2] Epoch: [0][5100/10404]	Memory: 7.352 (7.789)
Stage: [3] Epoch: [0][5100/10404]	Time: 0.196 (0.196)	Epoch time [hr]: 0.250 (0.566)	Memory: 5.362 (6.786)	Loss: nan (nan)	
Stage: [0] Epoch: [0][5200/10404]	Memory: 9.996 (10.656)
Stage: [1] Epoch: [0][5200/10404]	Memory: 9.398 (9.806)
Stage: [2] Epoch: [0][5200/10404]	Memory: 7.352 (7.789)
Stage: [3] Epoch: [0][5200/10404]	Time: 0.196 (0.196)	Epoch time [hr]: 0.256 (0.566)	Memory: 5.362 (6.786)	Loss: nan (nan)	
Stage: [0] Epoch: [0][5300/10404]	Memory: 9.996 (10.656)
Stage: [1] Epoch: [0][5300/10404]	Memory: 9.389 (9.806)
Stage: [2] Epoch: [0][5300/10404]	Memory: 7.352 (7.789)
Stage: [3] Epoch: [0][5300/10404]	Time: 0.196 (0.196)	Epoch time [hr]: 0.261 (0.567)	Memory: 5.362 (6.786)	Loss: nan (nan)	
Stage: [0] Epoch: [0][5400/10404]	Memory: 9.996 (10.656)
Stage: [1] Epoch: [0][5400/10404]	Memory: 9.398 (9.806)
Stage: [2] Epoch: [0][5400/10404]	Memory: 7.352 (7.789)
Stage: [3] Epoch: [0][5400/10404]	Time: 0.196 (0.196)	Epoch time [hr]: 0.267 (0.567)	Memory: 5.362 (6.786)	Loss: nan (nan)	
Stage: [0] Epoch: [0][5500/10404]	Memory: 9.996 (10.656)
Stage: [1] Epoch: [0][5500/10404]	Memory: 9.398 (9.806)
Stage: [2] Epoch: [0][5500/10404]	Memory: 7.352 (7.789)
Stage: [3] Epoch: [0][5500/10404]	Time: 0.196 (0.196)	Epoch time [hr]: 0.272 (0.567)	Memory: 5.354 (6.786)	Loss: nan (nan)	
Stage: [0] Epoch: [0][5600/10404]	Memory: 9.996 (10.656)
Stage: [1] Epoch: [0][5600/10404]	Memory: 9.398 (9.806)
Stage: [2] Epoch: [0][5600/10404]	Memory: 7.352 (7.789)
Stage: [3] Epoch: [0][5600/10404]	Time: 0.196 (0.196)	Epoch time [hr]: 0.278 (0.567)	Memory: 5.362 (6.786)	Loss: nan (nan)	
Stage: [0] Epoch: [0][5700/10404]	Memory: 9.996 (10.656)
Stage: [1] Epoch: [0][5700/10404]	Memory: 9.398 (9.806)
Stage: [2] Epoch: [0][5700/10404]	Memory: 7.352 (7.789)
Stage: [3] Epoch: [0][5700/10404]	Time: 0.196 (0.196)	Epoch time [hr]: 0.283 (0.567)	Memory: 5.362 (6.786)	Loss: nan (nan)	
Stage: [0] Epoch: [0][5800/10404]	Memory: 9.996 (10.656)
Stage: [1] Epoch: [0][5800/10404]	Memory: 9.398 (9.806)
Stage: [2] Epoch: [0][5800/10404]	Memory: 7.352 (7.789)
Stage: [3] Epoch: [0][5800/10404]	Time: 0.196 (0.196)	Epoch time [hr]: 0.289 (0.567)	Memory: 5.362 (6.786)	Loss: nan (nan)	
Stage: [0] Epoch: [0][5900/10404]	Memory: 9.996 (10.656)
Stage: [1] Epoch: [0][5900/10404]	Memory: 9.398 (9.806)
Stage: [2] Epoch: [0][5900/10404]	Memory: 7.352 (7.789)
Stage: [3] Epoch: [0][5900/10404]	Time: 0.196 (0.196)	Epoch time [hr]: 0.294 (0.567)	Memory: 5.362 (6.786)	Loss: nan (nan)	
Stage: [0] Epoch: [0][6000/10404]	Memory: 9.996 (10.656)
Stage: [1] Epoch: [0][6000/10404]	Memory: 9.398 (9.806)
Stage: [2] Epoch: [0][6000/10404]	Memory: 7.352 (7.789)
Stage: [3] Epoch: [0][6000/10404]	Time: 0.196 (0.196)	Epoch time [hr]: 0.300 (0.567)	Memory: 5.362 (6.786)	Loss: nan (nan)	
Stage: [0] Epoch: [0][6100/10404]	Memory: 9.996 (10.656)
Stage: [1] Epoch: [0][6100/10404]	Memory: 9.398 (9.806)
Stage: [2] Epoch: [0][6100/10404]	Memory: 7.352 (7.789)
Stage: [3] Epoch: [0][6100/10404]	Time: 0.196 (0.196)	Epoch time [hr]: 0.305 (0.567)	Memory: 5.362 (6.786)	Loss: nan (nan)	
Stage: [0] Epoch: [0][6200/10404]	Memory: 9.996 (10.656)
Stage: [1] Epoch: [0][6200/10404]	Memory: 9.398 (9.806)
Stage: [2] Epoch: [0][6200/10404]	Memory: 7.352 (7.789)
Stage: [3] Epoch: [0][6200/10404]	Time: 0.196 (0.196)	Epoch time [hr]: 0.310 (0.567)	Memory: 5.362 (6.786)	Loss: nan (nan)	
Stage: [0] Epoch: [0][6300/10404]	Memory: 9.996 (10.656)
Stage: [1] Epoch: [0][6300/10404]	Memory: 9.398 (9.806)
Stage: [2] Epoch: [0][6300/10404]	Memory: 7.352 (7.789)
Stage: [3] Epoch: [0][6300/10404]	Time: 0.196 (0.196)	Epoch time [hr]: 0.316 (0.567)	Memory: 5.362 (6.786)	Loss: nan (nan)	
Stage: [0] Epoch: [0][6400/10404]	Memory: 9.996 (10.656)
Stage: [1] Epoch: [0][6400/10404]	Memory: 9.398 (9.806)
Stage: [2] Epoch: [0][6400/10404]	Memory: 7.352 (7.789)
Stage: [3] Epoch: [0][6400/10404]	Time: 0.196 (0.196)	Epoch time [hr]: 0.321 (0.567)	Memory: 5.354 (6.786)	Loss: nan (nan)	
Stage: [0] Epoch: [0][6500/10404]	Memory: 9.996 (10.656)
Stage: [1] Epoch: [0][6500/10404]	Memory: 9.398 (9.806)
Stage: [2] Epoch: [0][6500/10404]	Memory: 7.352 (7.789)
Stage: [3] Epoch: [0][6500/10404]	Time: 0.196 (0.196)	Epoch time [hr]: 0.327 (0.567)	Memory: 5.354 (6.786)	Loss: nan (nan)	
Stage: [0] Epoch: [0][6600/10404]	Memory: 9.996 (10.656)
Stage: [1] Epoch: [0][6600/10404]	Memory: 9.398 (9.806)
Stage: [2] Epoch: [0][6600/10404]	Memory: 7.352 (7.789)
Stage: [3] Epoch: [0][6600/10404]	Time: 0.196 (0.196)	Epoch time [hr]: 0.332 (0.567)	Memory: 5.362 (6.786)	Loss: nan (nan)	
Stage: [0] Epoch: [0][6700/10404]	Memory: 9.996 (10.656)
Stage: [1] Epoch: [0][6700/10404]	Memory: 9.398 (9.806)
Stage: [2] Epoch: [0][6700/10404]	Memory: 7.352 (7.789)
Stage: [3] Epoch: [0][6700/10404]	Time: 0.196 (0.196)	Epoch time [hr]: 0.338 (0.567)	Memory: 5.362 (6.786)	Loss: nan (nan)	
Stage: [0] Epoch: [0][6800/10404]	Memory: 9.996 (10.656)
Stage: [1] Epoch: [0][6800/10404]	Memory: 9.398 (9.806)
Stage: [2] Epoch: [0][6800/10404]	Memory: 7.352 (7.789)
Stage: [3] Epoch: [0][6800/10404]	Time: 0.196 (0.196)	Epoch time [hr]: 0.343 (0.567)	Memory: 5.362 (6.786)	Loss: nan (nan)	
Stage: [0] Epoch: [0][6900/10404]	Memory: 9.996 (10.656)
Stage: [1] Epoch: [0][6900/10404]	Memory: 9.398 (9.806)
Stage: [2] Epoch: [0][6900/10404]	Memory: 7.352 (7.789)
Stage: [3] Epoch: [0][6900/10404]	Time: 0.196 (0.196)	Epoch time [hr]: 0.349 (0.567)	Memory: 5.362 (6.786)	Loss: nan (nan)	
Stage: [0] Epoch: [0][7000/10404]	Memory: 9.996 (10.656)
Stage: [1] Epoch: [0][7000/10404]	Memory: 9.398 (9.806)
Stage: [2] Epoch: [0][7000/10404]	Memory: 7.352 (7.789)
Stage: [3] Epoch: [0][7000/10404]	Time: 0.196 (0.196)	Epoch time [hr]: 0.354 (0.567)	Memory: 5.362 (6.786)	Loss: nan (nan)	
Stage: [0] Epoch: [0][7100/10404]	Memory: 9.996 (10.656)
Stage: [1] Epoch: [0][7100/10404]	Memory: 9.398 (9.806)
Stage: [2] Epoch: [0][7100/10404]	Memory: 7.352 (7.789)
Stage: [3] Epoch: [0][7100/10404]	Time: 0.196 (0.196)	Epoch time [hr]: 0.359 (0.567)	Memory: 5.362 (6.786)	Loss: nan (nan)	
Stage: [0] Epoch: [0][7200/10404]	Memory: 9.996 (10.656)
Stage: [1] Epoch: [0][7200/10404]	Memory: 9.398 (9.806)
Stage: [2] Epoch: [0][7200/10404]	Memory: 7.352 (7.789)
Stage: [3] Epoch: [0][7200/10404]	Time: 0.196 (0.196)	Epoch time [hr]: 0.365 (0.567)	Memory: 5.362 (6.786)	Loss: nan (nan)	
Stage: [0] Epoch: [0][7300/10404]	Memory: 9.996 (10.656)
Stage: [1] Epoch: [0][7300/10404]	Memory: 9.398 (9.806)
Stage: [2] Epoch: [0][7300/10404]	Memory: 7.352 (7.789)
Stage: [3] Epoch: [0][7300/10404]	Time: 0.196 (0.196)	Epoch time [hr]: 0.370 (0.567)	Memory: 5.362 (6.786)	Loss: nan (nan)	
Stage: [0] Epoch: [0][7400/10404]	Memory: 9.996 (10.656)
Stage: [1] Epoch: [0][7400/10404]	Memory: 9.398 (9.806)
Stage: [2] Epoch: [0][7400/10404]	Memory: 7.352 (7.789)
Stage: [3] Epoch: [0][7400/10404]	Time: 0.196 (0.196)	Epoch time [hr]: 0.376 (0.567)	Memory: 5.362 (6.786)	Loss: nan (nan)	
Stage: [0] Epoch: [0][7500/10404]	Memory: 9.996 (10.656)
Stage: [1] Epoch: [0][7500/10404]	Memory: 9.398 (9.806)
Stage: [2] Epoch: [0][7500/10404]	Memory: 7.352 (7.789)
Stage: [3] Epoch: [0][7500/10404]	Time: 0.196 (0.196)	Epoch time [hr]: 0.381 (0.567)	Memory: 5.362 (6.786)	Loss: nan (nan)	
Stage: [0] Epoch: [0][7600/10404]	Memory: 9.996 (10.656)
Stage: [1] Epoch: [0][7600/10404]	Memory: 9.398 (9.806)
Stage: [2] Epoch: [0][7600/10404]	Memory: 7.352 (7.789)
Stage: [3] Epoch: [0][7600/10404]	Time: 0.196 (0.196)	Epoch time [hr]: 0.387 (0.567)	Memory: 5.362 (6.786)	Loss: nan (nan)	
Stage: [0] Epoch: [0][7700/10404]	Memory: 9.996 (10.656)
Stage: [1] Epoch: [0][7700/10404]	Memory: 9.398 (9.806)
Stage: [2] Epoch: [0][7700/10404]	Memory: 7.352 (7.789)
Stage: [3] Epoch: [0][7700/10404]	Time: 0.196 (0.196)	Epoch time [hr]: 0.392 (0.567)	Memory: 5.362 (6.786)	Loss: nan (nan)	
Stage: [0] Epoch: [0][7800/10404]	Memory: 9.996 (10.656)
Stage: [1] Epoch: [0][7800/10404]	Memory: 9.398 (9.806)
Stage: [2] Epoch: [0][7800/10404]	Memory: 7.352 (7.789)
Stage: [3] Epoch: [0][7800/10404]	Time: 0.196 (0.196)	Epoch time [hr]: 0.398 (0.567)	Memory: 5.362 (6.786)	Loss: nan (nan)	
Stage: [0] Epoch: [0][7900/10404]	Memory: 9.996 (10.656)
Stage: [1] Epoch: [0][7900/10404]	Memory: 9.398 (9.806)
Stage: [2] Epoch: [0][7900/10404]	Memory: 7.352 (7.789)
Stage: [3] Epoch: [0][7900/10404]	Time: 0.196 (0.196)	Epoch time [hr]: 0.403 (0.567)	Memory: 5.362 (6.786)	Loss: nan (nan)	
Stage: [0] Epoch: [0][8000/10404]	Memory: 9.996 (10.689)
Stage: [1] Epoch: [0][8000/10404]	Memory: 9.398 (9.806)
Stage: [2] Epoch: [0][8000/10404]	Memory: 7.352 (7.789)
Stage: [3] Epoch: [0][8000/10404]	Time: 0.196 (0.196)	Epoch time [hr]: 0.409 (0.567)	Memory: 5.354 (6.786)	Loss: nan (nan)	
Stage: [0] Epoch: [0][8100/10404]	Memory: 9.996 (10.689)
Stage: [1] Epoch: [0][8100/10404]	Memory: 9.398 (9.806)
Stage: [2] Epoch: [0][8100/10404]	Memory: 7.352 (7.789)
Stage: [3] Epoch: [0][8100/10404]	Time: 0.196 (0.196)	Epoch time [hr]: 0.414 (0.567)	Memory: 5.362 (6.786)	Loss: nan (nan)	
Stage: [0] Epoch: [0][8200/10404]	Memory: 9.996 (10.689)
Stage: [1] Epoch: [0][8200/10404]	Memory: 9.398 (9.806)
Stage: [2] Epoch: [0][8200/10404]	Memory: 7.352 (7.789)
Stage: [3] Epoch: [0][8200/10404]	Time: 0.196 (0.196)	Epoch time [hr]: 0.419 (0.567)	Memory: 5.362 (6.786)	Loss: nan (nan)	
Stage: [0] Epoch: [0][8300/10404]	Memory: 9.996 (10.689)
Stage: [1] Epoch: [0][8300/10404]	Memory: 9.398 (9.806)
Stage: [2] Epoch: [0][8300/10404]	Memory: 7.352 (7.789)
Stage: [3] Epoch: [0][8300/10404]	Time: 0.196 (0.196)	Epoch time [hr]: 0.425 (0.567)	Memory: 5.362 (6.786)	Loss: nan (nan)	
Stage: [0] Epoch: [0][8400/10404]	Memory: 9.996 (10.689)
Stage: [1] Epoch: [0][8400/10404]	Memory: 9.398 (9.806)
Stage: [2] Epoch: [0][8400/10404]	Memory: 7.352 (7.789)
Stage: [3] Epoch: [0][8400/10404]	Time: 0.196 (0.196)	Epoch time [hr]: 0.430 (0.567)	Memory: 5.362 (6.786)	Loss: nan (nan)	
Stage: [0] Epoch: [0][8500/10404]	Memory: 9.996 (10.689)
Stage: [1] Epoch: [0][8500/10404]	Memory: 9.398 (9.806)
Stage: [2] Epoch: [0][8500/10404]	Memory: 7.352 (7.789)
Stage: [3] Epoch: [0][8500/10404]	Time: 0.196 (0.196)	Epoch time [hr]: 0.436 (0.567)	Memory: 5.362 (6.786)	Loss: nan (nan)	
Stage: [0] Epoch: [0][8600/10404]	Memory: 9.996 (10.689)
Stage: [1] Epoch: [0][8600/10404]	Memory: 9.398 (9.806)
Stage: [2] Epoch: [0][8600/10404]	Memory: 7.352 (7.789)
Stage: [3] Epoch: [0][8600/10404]	Time: 0.196 (0.196)	Epoch time [hr]: 0.441 (0.567)	Memory: 5.362 (6.786)	Loss: nan (nan)	
Stage: [0] Epoch: [0][8700/10404]	Memory: 9.996 (10.689)
Stage: [1] Epoch: [0][8700/10404]	Memory: 9.389 (9.806)
Stage: [2] Epoch: [0][8700/10404]	Memory: 7.352 (7.789)
Stage: [3] Epoch: [0][8700/10404]	Time: 0.196 (0.196)	Epoch time [hr]: 0.447 (0.567)	Memory: 5.362 (6.786)	Loss: nan (nan)	
Stage: [0] Epoch: [0][8800/10404]	Memory: 9.996 (10.689)
Stage: [1] Epoch: [0][8800/10404]	Memory: 9.398 (9.806)
Stage: [2] Epoch: [0][8800/10404]	Memory: 7.352 (7.789)
Stage: [3] Epoch: [0][8800/10404]	Time: 0.196 (0.196)	Epoch time [hr]: 0.452 (0.567)	Memory: 5.362 (6.786)	Loss: nan (nan)	
Stage: [0] Epoch: [0][8900/10404]	Memory: 9.996 (10.689)
Stage: [1] Epoch: [0][8900/10404]	Memory: 9.398 (9.806)
Stage: [2] Epoch: [0][8900/10404]	Memory: 7.352 (7.789)
Stage: [3] Epoch: [0][8900/10404]	Time: 0.196 (0.196)	Epoch time [hr]: 0.458 (0.567)	Memory: 5.362 (6.786)	Loss: nan (nan)	
Stage: [0] Epoch: [0][9000/10404]	Memory: 9.996 (10.689)
Stage: [1] Epoch: [0][9000/10404]	Memory: 9.398 (9.806)
Stage: [2] Epoch: [0][9000/10404]	Memory: 7.352 (7.789)
Stage: [3] Epoch: [0][9000/10404]	Time: 0.197 (0.196)	Epoch time [hr]: 0.463 (0.567)	Memory: 5.362 (6.786)	Loss: nan (nan)	
Stage: [0] Epoch: [0][9100/10404]	Memory: 9.996 (10.689)
Stage: [1] Epoch: [0][9100/10404]	Memory: 9.398 (9.806)
Stage: [2] Epoch: [0][9100/10404]	Memory: 7.352 (7.789)
Stage: [3] Epoch: [0][9100/10404]	Time: 0.196 (0.196)	Epoch time [hr]: 0.468 (0.567)	Memory: 5.362 (6.786)	Loss: nan (nan)	
Stage: [0] Epoch: [0][9200/10404]	Memory: 9.996 (10.689)
Stage: [1] Epoch: [0][9200/10404]	Memory: 9.398 (9.806)
Stage: [2] Epoch: [0][9200/10404]	Memory: 7.352 (7.789)
Stage: [3] Epoch: [0][9200/10404]	Time: 0.196 (0.196)	Epoch time [hr]: 0.474 (0.567)	Memory: 5.354 (6.786)	Loss: nan (nan)	
Stage: [0] Epoch: [0][9300/10404]	Memory: 9.996 (10.689)
Stage: [1] Epoch: [0][9300/10404]	Memory: 9.398 (9.806)
Stage: [2] Epoch: [0][9300/10404]	Memory: 7.352 (7.789)
Stage: [3] Epoch: [0][9300/10404]	Time: 0.196 (0.196)	Epoch time [hr]: 0.479 (0.567)	Memory: 5.362 (6.786)	Loss: nan (nan)	
Stage: [0] Epoch: [0][9400/10404]	Memory: 9.996 (10.689)
Stage: [1] Epoch: [0][9400/10404]	Memory: 9.398 (9.806)
Stage: [2] Epoch: [0][9400/10404]	Memory: 7.352 (7.789)
Stage: [3] Epoch: [0][9400/10404]	Time: 0.196 (0.196)	Epoch time [hr]: 0.485 (0.567)	Memory: 5.354 (6.786)	Loss: nan (nan)	
Stage: [0] Epoch: [0][9500/10404]	Memory: 9.996 (10.689)
Stage: [1] Epoch: [0][9500/10404]	Memory: 9.398 (9.806)
Stage: [2] Epoch: [0][9500/10404]	Memory: 7.352 (7.789)
Stage: [3] Epoch: [0][9500/10404]	Time: 0.196 (0.196)	Epoch time [hr]: 0.490 (0.567)	Memory: 5.362 (6.786)	Loss: nan (nan)	
Stage: [0] Epoch: [0][9600/10404]	Memory: 9.996 (10.689)
Stage: [1] Epoch: [0][9600/10404]	Memory: 9.398 (9.806)
Stage: [2] Epoch: [0][9600/10404]	Memory: 7.352 (7.789)
Stage: [3] Epoch: [0][9600/10404]	Time: 0.196 (0.196)	Epoch time [hr]: 0.496 (0.567)	Memory: 5.362 (6.786)	Loss: nan (nan)	
Stage: [0] Epoch: [0][9700/10404]	Memory: 9.996 (10.689)
Stage: [1] Epoch: [0][9700/10404]	Memory: 9.398 (9.806)
Stage: [2] Epoch: [0][9700/10404]	Memory: 7.352 (7.789)
Stage: [3] Epoch: [0][9700/10404]	Time: 0.196 (0.196)	Epoch time [hr]: 0.501 (0.567)	Memory: 5.362 (6.786)	Loss: nan (nan)	
Stage: [0] Epoch: [0][9800/10404]	Memory: 9.996 (10.689)
Stage: [1] Epoch: [0][9800/10404]	Memory: 9.398 (9.806)
Stage: [2] Epoch: [0][9800/10404]	Memory: 7.352 (7.789)
Stage: [3] Epoch: [0][9800/10404]	Time: 0.196 (0.196)	Epoch time [hr]: 0.507 (0.567)	Memory: 5.362 (6.786)	Loss: nan (nan)	
Stage: [0] Epoch: [0][9900/10404]	Memory: 9.996 (10.689)
Stage: [1] Epoch: [0][9900/10404]	Memory: 9.398 (9.806)
Stage: [2] Epoch: [0][9900/10404]	Memory: 7.352 (7.789)
Stage: [3] Epoch: [0][9900/10404]	Time: 0.196 (0.196)	Epoch time [hr]: 0.512 (0.567)	Memory: 5.362 (6.786)	Loss: nan (nan)	
Stage: [0] Epoch: [0][10000/10404]	Memory: 9.996 (10.689)
Stage: [1] Epoch: [0][10000/10404]	Memory: 9.398 (9.806)
Stage: [2] Epoch: [0][10000/10404]	Memory: 7.352 (7.789)
Stage: [3] Epoch: [0][10000/10404]	Time: 0.196 (0.196)	Epoch time [hr]: 0.518 (0.567)	Memory: 5.362 (6.786)	Loss: nan (nan)	
Stage: [0] Epoch: [0][10100/10404]	Memory: 9.996 (10.689)
Stage: [1] Epoch: [0][10100/10404]	Memory: 9.398 (9.806)
Stage: [2] Epoch: [0][10100/10404]	Memory: 7.352 (7.789)
Stage: [3] Epoch: [0][10100/10404]	Time: 0.196 (0.196)	Epoch time [hr]: 0.523 (0.567)	Memory: 5.362 (6.786)	Loss: nan (nan)	
Stage: [0] Epoch: [0][10200/10404]	Memory: 9.996 (10.689)
Stage: [1] Epoch: [0][10200/10404]	Memory: 9.398 (9.806)
Stage: [2] Epoch: [0][10200/10404]	Memory: 7.352 (7.789)
Stage: [3] Epoch: [0][10200/10404]	Time: 0.196 (0.196)	Epoch time [hr]: 0.528 (0.567)	Memory: 5.354 (6.786)	Loss: nan (nan)	
Stage: [0] Epoch: [0][10300/10404]	Memory: 9.996 (10.689)
Stage: [1] Epoch: [0][10300/10404]	Memory: 9.398 (9.806)
Stage: [2] Epoch: [0][10300/10404]	Memory: 7.352 (7.789)
Stage: [3] Epoch: [0][10300/10404]	Time: 0.196 (0.196)	Epoch time [hr]: 0.534 (0.567)	Memory: 5.362 (6.786)	Loss: nan (nan)	
Stage: [0] Epoch: [0][10400/10404]	Memory: 9.996 (10.689)
Stage: [1] Epoch: [0][10400/10404]	Memory: 9.398 (9.806)
Stage: [2] Epoch: [0][10400/10404]	Memory: 7.352 (7.789)
Stage: [3] Epoch: [0][10400/10404]	Time: 0.196 (0.196)	Epoch time [hr]: 0.539 (0.567)	Memory: 5.362 (6.786)	Loss: nan (nan)	
Epoch 0: 1942.454 seconds
Epoch start time: 1761157279.695, epoch end time: 1761159222.148
Epoch 0: 1761159222.243 seconds
Epoch start time: 0.000, epoch end time: 1761159222.243
Epoch 0: 1761159222.349 seconds
Epoch start time: 0.000, epoch end time: 1761159222.350
Epoch 0: 1761159222.467 seconds
Epoch start time: 0.000, epoch end time: 1761159222.467
Saved checkpoint to /data/run01/scw6doz/lzx_out/vpipe/output/2025-10-23T02:06:56/checkpoint.2.pth.tar.epoch.0
Saved checkpoint to /data/run01/scw6doz/lzx_out/vpipe/output/2025-10-23T02:06:56/checkpoint.1.pth.tar.epoch.0
Saved checkpoint to /data/run01/scw6doz/lzx_out/vpipe/output/2025-10-23T02:06:56/checkpoint.3.pth.tar.epoch.0
Saved checkpoint to /data/run01/scw6doz/lzx_out/vpipe/output/2025-10-23T02:06:56/checkpoint.0.pth.tar.epoch.0
Stage: [0] Epoch: [1][600/10404]	Memory: 9.996 (10.698)
Stage: [1] Epoch: [1][600/10404]	Memory: 9.398 (9.850)
Stage: [2] Epoch: [1][600/10404]	Memory: 7.352 (7.831)
Stage: [3] Epoch: [1][600/10404]	Time: 0.196 (0.196)	Epoch time [hr]: 0.005 (0.567)	Memory: 5.362 (6.793)	Loss: nan (nan)	
Stage: [0] Epoch: [1][700/10404]	Memory: 9.996 (10.698)
Stage: [1] Epoch: [1][700/10404]	Memory: 9.398 (9.850)
Stage: [2] Epoch: [1][700/10404]	Memory: 7.352 (7.831)
Stage: [3] Epoch: [1][700/10404]	Time: 0.196 (0.196)	Epoch time [hr]: 0.011 (0.567)	Memory: 5.362 (6.793)	Loss: nan (nan)	
Stage: [0] Epoch: [1][800/10404]	Memory: 9.996 (10.698)
Stage: [1] Epoch: [1][800/10404]	Memory: 9.398 (9.850)
Stage: [2] Epoch: [1][800/10404]	Memory: 7.352 (7.831)
Stage: [3] Epoch: [1][800/10404]	Time: 0.196 (0.196)	Epoch time [hr]: 0.016 (0.567)	Memory: 5.362 (6.793)	Loss: nan (nan)	
Stage: [0] Epoch: [1][900/10404]	Memory: 9.996 (10.698)
Stage: [1] Epoch: [1][900/10404]	Memory: 9.398 (9.850)
Stage: [2] Epoch: [1][900/10404]	Memory: 7.352 (7.831)
Stage: [3] Epoch: [1][900/10404]	Time: 0.196 (0.196)	Epoch time [hr]: 0.022 (0.567)	Memory: 5.362 (6.793)	Loss: nan (nan)	
Stage: [0] Epoch: [1][1000/10404]	Memory: 9.996 (10.698)
Stage: [1] Epoch: [1][1000/10404]	Memory: 9.398 (9.850)
Stage: [2] Epoch: [1][1000/10404]	Memory: 7.352 (7.831)
Stage: [3] Epoch: [1][1000/10404]	Time: 0.196 (0.196)	Epoch time [hr]: 0.027 (0.567)	Memory: 5.362 (6.793)	Loss: nan (nan)	
Stage: [0] Epoch: [1][1100/10404]	Memory: 9.996 (10.698)
Stage: [1] Epoch: [1][1100/10404]	Memory: 9.398 (9.850)
Stage: [2] Epoch: [1][1100/10404]	Memory: 7.352 (7.831)
Stage: [3] Epoch: [1][1100/10404]	Time: 0.196 (0.196)	Epoch time [hr]: 0.033 (0.567)	Memory: 5.362 (6.793)	Loss: nan (nan)	
Stage: [0] Epoch: [1][1200/10404]	Memory: 9.996 (10.698)
Stage: [1] Epoch: [1][1200/10404]	Memory: 9.398 (9.850)
Stage: [2] Epoch: [1][1200/10404]	Memory: 7.352 (7.831)
Stage: [3] Epoch: [1][1200/10404]	Time: 0.196 (0.196)	Epoch time [hr]: 0.038 (0.567)	Memory: 5.362 (6.793)	Loss: nan (nan)	
Stage: [0] Epoch: [1][1300/10404]	Memory: 9.996 (10.698)
Stage: [1] Epoch: [1][1300/10404]	Memory: 9.398 (9.850)
Stage: [2] Epoch: [1][1300/10404]	Memory: 7.352 (7.831)
Stage: [3] Epoch: [1][1300/10404]	Time: 0.196 (0.196)	Epoch time [hr]: 0.044 (0.567)	Memory: 5.362 (6.793)	Loss: nan (nan)	
Stage: [0] Epoch: [1][1400/10404]	Memory: 9.996 (10.698)
Stage: [1] Epoch: [1][1400/10404]	Memory: 9.398 (9.850)
Stage: [2] Epoch: [1][1400/10404]	Memory: 7.352 (7.831)
Stage: [3] Epoch: [1][1400/10404]	Time: 0.196 (0.196)	Epoch time [hr]: 0.049 (0.567)	Memory: 5.354 (6.793)	Loss: nan (nan)	
Stage: [0] Epoch: [1][1500/10404]	Memory: 9.996 (10.698)
Stage: [1] Epoch: [1][1500/10404]	Memory: 9.398 (9.850)
Stage: [2] Epoch: [1][1500/10404]	Memory: 7.352 (7.831)
Stage: [3] Epoch: [1][1500/10404]	Time: 0.196 (0.196)	Epoch time [hr]: 0.055 (0.567)	Memory: 5.362 (6.793)	Loss: nan (nan)	
Stage: [0] Epoch: [1][1600/10404]	Memory: 9.996 (10.698)
Stage: [1] Epoch: [1][1600/10404]	Memory: 9.398 (9.850)
Stage: [2] Epoch: [1][1600/10404]	Memory: 7.352 (7.831)
Stage: [3] Epoch: [1][1600/10404]	Time: 0.196 (0.196)	Epoch time [hr]: 0.060 (0.567)	Memory: 5.362 (6.793)	Loss: nan (nan)	
Stage: [0] Epoch: [1][1700/10404]	Memory: 9.996 (10.698)
Stage: [1] Epoch: [1][1700/10404]	Memory: 9.398 (9.850)
Stage: [2] Epoch: [1][1700/10404]	Memory: 7.352 (7.831)
Stage: [3] Epoch: [1][1700/10404]	Time: 0.196 (0.196)	Epoch time [hr]: 0.065 (0.567)	Memory: 5.362 (6.793)	Loss: nan (nan)	
Stage: [0] Epoch: [1][1800/10404]	Memory: 9.996 (10.698)
Stage: [1] Epoch: [1][1800/10404]	Memory: 9.398 (9.850)
Stage: [2] Epoch: [1][1800/10404]	Memory: 7.352 (7.831)
Stage: [3] Epoch: [1][1800/10404]	Time: 0.196 (0.196)	Epoch time [hr]: 0.071 (0.567)	Memory: 5.362 (6.793)	Loss: nan (nan)	
Stage: [0] Epoch: [1][1900/10404]	Memory: 9.996 (10.698)
Stage: [1] Epoch: [1][1900/10404]	Memory: 9.398 (9.850)
Stage: [2] Epoch: [1][1900/10404]	Memory: 7.352 (7.831)
Stage: [3] Epoch: [1][1900/10404]	Time: 0.196 (0.196)	Epoch time [hr]: 0.076 (0.567)	Memory: 5.354 (6.793)	Loss: nan (nan)	
Stage: [0] Epoch: [1][2000/10404]	Memory: 9.996 (10.698)
Stage: [1] Epoch: [1][2000/10404]	Memory: 9.398 (9.850)
Stage: [2] Epoch: [1][2000/10404]	Memory: 7.352 (7.831)
Stage: [3] Epoch: [1][2000/10404]	Time: 0.196 (0.196)	Epoch time [hr]: 0.082 (0.567)	Memory: 5.362 (6.793)	Loss: nan (nan)	
Stage: [0] Epoch: [1][2100/10404]	Memory: 9.996 (10.698)
Stage: [1] Epoch: [1][2100/10404]	Memory: 9.398 (9.850)
Stage: [2] Epoch: [1][2100/10404]	Memory: 7.352 (7.831)
Stage: [3] Epoch: [1][2100/10404]	Time: 0.196 (0.196)	Epoch time [hr]: 0.087 (0.567)	Memory: 5.362 (6.793)	Loss: nan (nan)	
Stage: [0] Epoch: [1][2200/10404]	Memory: 9.996 (10.698)
Stage: [1] Epoch: [1][2200/10404]	Memory: 9.398 (9.850)
Stage: [2] Epoch: [1][2200/10404]	Memory: 7.352 (7.831)
Stage: [3] Epoch: [1][2200/10404]	Time: 0.196 (0.196)	Epoch time [hr]: 0.093 (0.567)	Memory: 5.362 (6.793)	Loss: nan (nan)	
Stage: [0] Epoch: [1][2300/10404]	Memory: 9.996 (10.698)
Stage: [1] Epoch: [1][2300/10404]	Memory: 9.398 (9.850)
Stage: [2] Epoch: [1][2300/10404]	Memory: 7.352 (7.831)
Stage: [3] Epoch: [1][2300/10404]	Time: 0.196 (0.196)	Epoch time [hr]: 0.098 (0.567)	Memory: 5.362 (6.793)	Loss: nan (nan)	
Stage: [0] Epoch: [1][2400/10404]	Memory: 9.996 (10.698)
Stage: [1] Epoch: [1][2400/10404]	Memory: 9.398 (9.850)
Stage: [2] Epoch: [1][2400/10404]	Memory: 7.352 (7.831)
Stage: [3] Epoch: [1][2400/10404]	Time: 0.196 (0.196)	Epoch time [hr]: 0.104 (0.567)	Memory: 5.362 (6.793)	Loss: nan (nan)	
Stage: [0] Epoch: [1][2500/10404]	Memory: 9.996 (10.698)
Stage: [1] Epoch: [1][2500/10404]	Memory: 9.398 (9.850)
Stage: [2] Epoch: [1][2500/10404]	Memory: 7.352 (7.831)
Stage: [3] Epoch: [1][2500/10404]	Time: 0.196 (0.196)	Epoch time [hr]: 0.109 (0.567)	Memory: 5.362 (6.793)	Loss: nan (nan)	
Stage: [0] Epoch: [1][2600/10404]	Memory: 9.996 (10.698)
Stage: [1] Epoch: [1][2600/10404]	Memory: 9.398 (9.850)
Stage: [2] Epoch: [1][2600/10404]	Memory: 7.352 (7.831)
Stage: [3] Epoch: [1][2600/10404]	Time: 0.196 (0.196)	Epoch time [hr]: 0.114 (0.567)	Memory: 5.362 (6.793)	Loss: nan (nan)	
Stage: [0] Epoch: [1][2700/10404]	Memory: 9.996 (10.698)
Stage: [1] Epoch: [1][2700/10404]	Memory: 9.398 (9.850)
Stage: [2] Epoch: [1][2700/10404]	Memory: 7.352 (7.831)
Stage: [3] Epoch: [1][2700/10404]	Time: 0.196 (0.196)	Epoch time [hr]: 0.120 (0.567)	Memory: 5.362 (6.793)	Loss: nan (nan)	
Stage: [0] Epoch: [1][2800/10404]	Memory: 9.996 (10.698)
Stage: [1] Epoch: [1][2800/10404]	Memory: 9.398 (9.850)
Stage: [2] Epoch: [1][2800/10404]	Memory: 7.352 (7.831)
Stage: [3] Epoch: [1][2800/10404]	Time: 0.196 (0.196)	Epoch time [hr]: 0.125 (0.567)	Memory: 5.362 (6.793)	Loss: nan (nan)	
Stage: [0] Epoch: [1][2900/10404]	Memory: 9.996 (10.698)
Stage: [1] Epoch: [1][2900/10404]	Memory: 9.398 (9.850)
Stage: [2] Epoch: [1][2900/10404]	Memory: 7.352 (7.831)
Stage: [3] Epoch: [1][2900/10404]	Time: 0.196 (0.196)	Epoch time [hr]: 0.131 (0.567)	Memory: 5.362 (6.793)	Loss: nan (nan)	
Stage: [0] Epoch: [1][3000/10404]	Memory: 9.996 (10.698)
Stage: [1] Epoch: [1][3000/10404]	Memory: 9.398 (9.850)
Stage: [2] Epoch: [1][3000/10404]	Memory: 7.352 (7.831)
Stage: [3] Epoch: [1][3000/10404]	Time: 0.196 (0.196)	Epoch time [hr]: 0.136 (0.567)	Memory: 5.362 (6.793)	Loss: nan (nan)	
Stage: [0] Epoch: [1][3100/10404]	Memory: 9.996 (10.698)
Stage: [1] Epoch: [1][3100/10404]	Memory: 9.398 (9.850)
Stage: [2] Epoch: [1][3100/10404]	Memory: 7.352 (7.831)
Stage: [3] Epoch: [1][3100/10404]	Time: 0.196 (0.196)	Epoch time [hr]: 0.142 (0.567)	Memory: 5.354 (6.793)	Loss: nan (nan)	
Stage: [0] Epoch: [1][3200/10404]	Memory: 9.996 (10.698)
Stage: [1] Epoch: [1][3200/10404]	Memory: 9.398 (9.850)
Stage: [2] Epoch: [1][3200/10404]	Memory: 7.352 (7.831)
Stage: [3] Epoch: [1][3200/10404]	Time: 0.196 (0.196)	Epoch time [hr]: 0.147 (0.567)	Memory: 5.362 (6.793)	Loss: nan (nan)	
Stage: [0] Epoch: [1][3300/10404]	Memory: 9.996 (10.698)
Stage: [1] Epoch: [1][3300/10404]	Memory: 9.389 (9.850)
Stage: [2] Epoch: [1][3300/10404]	Memory: 7.352 (7.831)
Stage: [3] Epoch: [1][3300/10404]	Time: 0.197 (0.196)	Epoch time [hr]: 0.153 (0.567)	Memory: 5.362 (6.793)	Loss: nan (nan)	
Stage: [0] Epoch: [1][3400/10404]	Memory: 9.996 (10.698)
Stage: [1] Epoch: [1][3400/10404]	Memory: 9.398 (9.850)
Stage: [2] Epoch: [1][3400/10404]	Memory: 7.352 (7.831)
Stage: [3] Epoch: [1][3400/10404]	Time: 0.196 (0.196)	Epoch time [hr]: 0.158 (0.567)	Memory: 5.362 (6.793)	Loss: nan (nan)	
Stage: [0] Epoch: [1][3500/10404]	Memory: 9.996 (10.698)
Stage: [1] Epoch: [1][3500/10404]	Memory: 9.398 (9.850)
Stage: [2] Epoch: [1][3500/10404]	Memory: 7.352 (7.831)
Stage: [3] Epoch: [1][3500/10404]	Time: 0.196 (0.196)	Epoch time [hr]: 0.164 (0.567)	Memory: 5.362 (6.793)	Loss: nan (nan)	
Stage: [0] Epoch: [1][3600/10404]	Memory: 9.996 (10.698)
Stage: [1] Epoch: [1][3600/10404]	Memory: 9.398 (9.850)
Stage: [2] Epoch: [1][3600/10404]	Memory: 7.352 (7.831)
Stage: [3] Epoch: [1][3600/10404]	Time: 0.196 (0.196)	Epoch time [hr]: 0.169 (0.567)	Memory: 5.362 (6.793)	Loss: nan (nan)	
Stage: [0] Epoch: [1][3700/10404]	Memory: 9.996 (10.698)
Stage: [1] Epoch: [1][3700/10404]	Memory: 9.398 (9.850)
Stage: [2] Epoch: [1][3700/10404]	Memory: 7.352 (7.831)
Stage: [3] Epoch: [1][3700/10404]	Time: 0.197 (0.196)	Epoch time [hr]: 0.174 (0.567)	Memory: 5.362 (6.793)	Loss: nan (nan)	
Stage: [0] Epoch: [1][3800/10404]	Memory: 9.996 (10.698)
Stage: [1] Epoch: [1][3800/10404]	Memory: 9.398 (9.850)
Stage: [2] Epoch: [1][3800/10404]	Memory: 7.352 (7.831)
Stage: [3] Epoch: [1][3800/10404]	Time: 0.196 (0.196)	Epoch time [hr]: 0.180 (0.567)	Memory: 5.362 (6.793)	Loss: nan (nan)	
Stage: [0] Epoch: [1][3900/10404]	Memory: 9.996 (10.698)
Stage: [1] Epoch: [1][3900/10404]	Memory: 9.398 (9.850)
Stage: [2] Epoch: [1][3900/10404]	Memory: 7.352 (7.831)
Stage: [3] Epoch: [1][3900/10404]	Time: 0.197 (0.196)	Epoch time [hr]: 0.185 (0.567)	Memory: 5.354 (6.793)	Loss: nan (nan)	
Stage: [0] Epoch: [1][4000/10404]	Memory: 9.996 (10.698)
Stage: [1] Epoch: [1][4000/10404]	Memory: 9.398 (9.850)
Stage: [2] Epoch: [1][4000/10404]	Memory: 7.352 (7.831)
Stage: [3] Epoch: [1][4000/10404]	Time: 0.196 (0.196)	Epoch time [hr]: 0.191 (0.567)	Memory: 5.362 (6.793)	Loss: nan (nan)	
Stage: [0] Epoch: [1][4100/10404]	Memory: 9.996 (10.698)
Stage: [1] Epoch: [1][4100/10404]	Memory: 9.389 (9.850)
Stage: [2] Epoch: [1][4100/10404]	Memory: 7.352 (7.831)
Stage: [3] Epoch: [1][4100/10404]	Time: 0.197 (0.196)	Epoch time [hr]: 0.196 (0.567)	Memory: 5.354 (6.793)	Loss: nan (nan)	
slurmstepd: error: *** STEP 4488734.0 ON g0366 CANCELLED AT 2025-10-23T03:07:15 DUE TO TIME LIMIT ***
slurmstepd: error: *** JOB 4488734 ON g0366 CANCELLED AT 2025-10-23T03:07:15 DUE TO TIME LIMIT ***
srun: Job step aborted: Waiting up to 62 seconds for job step to finish.
